21.879633 44
21.913233 44
21.946833 44
21.98992 44
22.15632 44
22.182033 44
22.215633 44
22.249233 44
22.282833 44
22.32272 44
22.48912 44
22.518033 44
22.551633 44
22.585233 44
22.618833 44
22.65552 44
22.82192 44
22.854033 44
22.887633 44
22.921233 44
22.954833 44
23.055633 44
23.772533 44
23.806133 44
23.839733 44
24.277111 44
24.310711 44
25.005142 44
39.663137 44
39.696737 44
39.730337 44
39.965537 44
39.999137 44
40.009191 44
40.032737 44
40.133537 44
40.167137 44
40.258247 44
44.525218 44
44.556071 44
44.558818 44
44.592418 44
44.626018 44
45.298018 44
52.431306 44
52.464906 44
52.498506 44
52.666506 44
53.002506 44
53.884608 44
53.918208 44
54.052608 44
54.086208 44
54.119808 44
54.400751 44
54.434351 44
54.467951 44
54.501551 44
54.535151 44
54.602351 44
54.635951 44
54.669551 44
54.703151 44
55.005551 44
55.965272 44
55.998872 44
56.032472 44
56.066072 44
56.368472 44
56.402072 44
56.435672 44
56.469272 44
56.538471 44
56.571751 44
56.810524 44
56.844124 44
57.012124 44
57.180124 44
57.583324 44
57.684124 44
57.717724 44
57.751324 44
57.784924 44
57.952924 44
57.986524 44
58.020124 44
58.053724 44
58.087324 44
68.211258 44
68.244858 44
68.614458 44
68.648058 44
68.681658 44
68.715258 44
69.153018 44
69.353658 44
69.387258 44
69.824058 44
70.025658 44
70.059258 44
70.092858 44
70.126458 44
70.193658 44
70.845483 44
70.879083 44
76.235017 44
76.268617 44
76.302217 44
76.335817 44
76.705417 44
76.739017 44
76.772617 44
76.806217 44
76.907017 44
76.940617 44
76.974217 44
77.007817 44
77.108617 44
79.808105 44
79.875305 44
79.908905 44
79.942505 44
79.976105 44
80.588538 44
80.621818 44
93.36575 44
97.501436 44
97.535036 44
97.568636 44
97.602236 44
97.807515 44
97.904636 44
97.938236 44
97.971836 44
98.005436 44
98.007515 44
98.040795 44
101.312588 44
101.480588 44
101.514188 44
101.547788 44
101.581388 44
114.347439 44
114.381039 44
114.414639 44
114.448239 44
116.950002 44
118.34853 44
118.41573 44
118.44933 44
118.48293 44
118.51653 44
118.71813 44
118.75173 44
118.85253 44
118.88613 44
118.91973 44
118.95333 44
119.05413 44
119.22213 44
119.25573 44
119.274315 44
119.28933 44
119.32293 44
119.45733 44
119.62533 44
119.65893 44
119.69253 44
119.72613 44
120.193274 44
120.226874 44
120.428474 44
120.529274 44
121.069362 44
121.102962 44
121.136562 44
121.170162 44
121.312715 44
121.811926 44
122.047126 44
122.080726 44
122.114326 44
122.147926 44
122.248726 44
122.282315 44
122.282326 44
122.315926 44
122.349526 44
122.780575 44
132.107263 44
132.140863 44
132.174463 44
132.275263 44
132.308863 44
132.342463 44
132.376063 44
138.467124 44
138.500724 44
138.534324 44
138.601524 44
138.769524 44
138.797811 44
138.803124 44
138.836724 44
138.870324 44
139.105524 44
139.139124 44
139.172724 44
139.206324 44
139.273524 44
139.307124 44
139.441524 44
139.475124 44
139.508724 44
139.542324 44
139.643124 44
139.676724 44
139.710324 44
139.743924 44
139.777524 44
139.979124 44
140.723818 44
140.757418 44
150.742636 44
150.776236 44
150.843436 44
150.877036 44
151.011436 44
151.685825 44
151.786625 44
151.820225 44
151.853825 44
151.873411 44
151.887425 44
152.977411 44
167.370246 44
167.403846 44
167.639046 44
167.672646 44
167.706246 44
167.739846 44
167.941446 44
167.975046 44
168.008646 44
168.042246 44
168.143046 44
168.175806 44
168.176646 44
168.210246 44
168.243846 44
176.815845 44
176.849445 44
178.593173 44
178.626773 44
178.660373 44
178.727573 44
178.761173 44
178.794773 44
178.828373 44
178.895573 44
179.196005 44
179.197973 44
179.231573 44
179.265173 44
179.978396 44
