0 49
1.05536 49
1.08864 49
2.30272 49
2.336 49
2.46912 49
2.5024 49
3.55008 49
3.58336 49
3.71648 49
3.74976 49
3.88288 49
3.91616 49
4.04928 49
4.08256 49
4.79744 49
4.83072 49
4.96384 49
4.99712 49
5.13024 49
5.29664 49
5.46304 49
5.62944 49
5.79584 49
5.96224 49
6.12864 49
6.29504 49
6.46144 49
6.62784 49
6.79424 49
6.96064 49
7.12704 49
7.29344 49
7.45984 49
7.62624 49
7.79264 49
7.95904 49
8.12544 49
8.29184 49
8.45824 49
8.62464 49
8.79104 49
8.95744 49
9.12384 49
9.29024 49
9.45664 49
9.62304 49
9.78944 49
9.95584 49
10.12224 49
10.28864 49
10.45504 49
10.62144 49
10.78784 49
10.95424 49
11.12064 49
11.28704 49
11.45344 49
11.61984 49
11.78624 49
11.95264 49
12.11904 49
12.28544 49
12.45184 49
12.61824 49
12.78464 49
12.95104 49
13.11744 49
13.28384 49
13.45024 49
13.61664 49
13.78304 49
13.94944 49
14.11584 49
14.28224 49
14.44864 49
14.61504 49
14.78144 49
14.94784 49
15.11424 49
15.28064 49
15.44704 49
15.61344 49
15.77984 49
15.94624 49
16.11264 49
16.27904 49
16.44544 49
16.61184 49
16.77824 49
16.94464 49
17.11104 49
17.27744 49
17.44384 49
17.61024 49
17.77664 49
17.94304 49
18.10944 49
18.27584 49
18.44224 49
18.60864 49
18.77504 49
18.94144 49
19.10784 49
19.27424 49
19.44064 49
19.60704 49
19.77344 49
19.93984 49
20.10624 49
20.27264 49
20.43904 49
20.60544 49
20.77184 49
20.93824 49
21.10464 49
21.27104 49
21.43744 49
21.60384 49
21.77024 49
21.93664 49
22.10304 49
22.26944 49
22.43584 49
22.60224 49
22.76864 49
23.00224 49
23.33664 49
23.67104 49
24.00544 49
25.74784 49
30.02904 49
31.2764 49
31.30968 49
32.52376 49
32.69016 49
33.77112 49
33.8044 49
33.93752 49
33.9708 49
34.00408 49
35.03031 49
35.23031 49
35.73111 49
35.93111 49
36.66871 49
37.00311 49
37.16951 49
37.33591 49
37.36919 49
38.14071 49
38.50871 49
38.84311 49
39.00951 49
39.17591 49
39.20919 49
39.419911 49
39.955911 49
40.424711 49
40.759111 49
41.093511 49
41.293511 49
41.326791 49
41.627911 49
42.231111 49
42.397511 49
42.563911 49
43.834311 49
44.469511 49
44.502791 49
45.677511 49
45.710791 49
46.448711 49
47.253511 49
47.419911 49
47.720711 49
48.667271 49
49.035271 49
49.914631 49
49.947911 49
50.282631 49
51.161991 49
51.328391 49
51.561991 49
51.595271 49
52.601991 49
52.936391 49
53.337991 49
53.537991 49
53.571271 49
54.477191 49
54.945991 49
55.179591 49
55.547591 49
55.747591 49
56.485191 49
56.518471 49
56.953991 49
57.120391 49
57.521991 49
57.889991 49
58.829191 49
59.129991 49
59.665991 49
60.736391 49
63.723351 49
64.983184 49
65.016464 49
66.230544 49
66.396944 49
67.490138 49
67.523418 49
67.824538 49
69.099738 49
69.299738 49
69.333018 49
69.768538 49
71.178138 49
71.344538 49
71.914138 49
72.918938 49
73.161498 49
74.166298 49
74.199578 49
74.408858 49
75.413658 49
75.580058 49
75.880858 49
75.914138 49
77.055258 49
77.389658 49
77.858458 49
78.058458 49
78.091738 49
78.930458 49
79.231258 49
79.397658 49
79.564058 49
79.730458 49
80.535258 49
80.568538 49
81.004058 49
81.338458 49
81.672858 49
82.007258 49
82.744858 49
83.112858 49
83.279258 49
84.360218 49
87.010218 49
88.257578 49
88.290858 49
89.504938 49
89.671338 49
90.879338 49
90.912618 49
91.045738 49
92.147536 49
92.347536 49
92.380816 49
92.648336 49
93.41743 49
93.78543 49
93.98543 49
94.42063 49
94.45391 49
95.25903 49
95.42543 49
95.59183 49
95.75823 49
95.92463 49
95.95791 49
96.517435 49
96.851835 49
97.085435 49
97.419835 49
97.754235 49
97.954235 49
97.987515 49
98.490235 49
98.656635 49
99.058235 49
99.560635 49
100.298235 49
100.565435 49
100.731835 49
105.430635 49
106.677995 49
106.711275 49
107.925355 49
107.958635 49
108.091755 49
109.339115 49
109.372395 49
109.606315 49
110.586475 49
110.752875 49
110.786155 49
110.919275 49
111.833835 49
112.101035 49
112.301035 49
112.601835 49
112.635115 49
113.406635 49
113.573035 49
113.739435 49
113.905835 49
114.072235 49
114.105515 49
114.809835 49
115.144235 49
115.478635 49
115.813035 49
116.147435 49
116.347435 49
116.380715 49
116.681835 49
116.848235 49
117.014635 49
117.181035 49
117.616235 49
117.984235 49
118.184235 49
118.653035 49
118.686315 49
118.987435 49
119.221035 49
119.387435 49
119.553835 49
119.989035 49
120.357035 49
120.792235 49
120.958635 49
120.991915 49
121.259435 49
121.661035 49
122.229035 49
125.379035 49
127.091435 49
127.124715 49
128.37139 49
128.40467 49
128.57139 49
130.01299 49
130.04627 49
130.17939 49
131.277971 49
131.477971 49
131.511251 49
131.778771 49
132.852371 49
133.220371 49
133.420371 49
133.855571 49
133.888851 49
134.525971 49
134.994771 49
135.161171 49
135.327571 49
135.493971 49
135.527251 49
135.773331 49
136.242131 49
136.408531 49
136.574931 49
136.741331 49
136.907731 49
136.941011 49
137.275731 49
137.845331 49
138.011731 49
138.178131 49
138.344531 49
138.544531 49
138.744531 49
139.213331 49
139.246611 49
139.581331 49
139.915731 49
140.250131 49
140.584531 49
140.818131 49
141.354131 49
141.520531 49
141.854931 49
143.792531 49
143.825811 49
143.859091 49
143.892371 49
145.039891 49
145.206291 49
145.239571 49
145.372691 49
145.539091 49
146.287251 49
146.453651 49
146.620051 49
146.920851 49
146.954131 49
147.154451 49
147.724051 49
147.890451 49
148.056851 49
148.223251 49
148.389651 49
148.422931 49
148.556051 49
148.980131 49
149.314531 49
149.648931 49
149.983331 49
150.317731 49
150.517731 49
150.784931 49
150.818211 49
150.951331 49
151.319331 49
151.620131 49
151.820131 49
152.322531 49
152.656931 49
152.924131 49
153.090531 49
153.123811 49
153.357731 49
153.658531 49
154.026531 49
154.360931 49
155.096931 49
160.254531 49
161.501891 49
161.535171 49
162.77319 49
162.97319 49
164.021406 49
164.054686 49
164.255006 49
165.268766 49
165.435166 49
165.468446 49
165.601566 49
166.516126 49
166.682526 49
166.848926 49
167.048926 49
167.082206 49
168.122526 49
168.456926 49
168.791326 49
169.092126 49
169.292126 49
169.325406 49
170.164126 49
170.498526 49
170.866526 49
172.037726 49
172.204126 49
172.639326 49
173.410526 49
173.711326 49
174.280926 49
174.314206 49
174.716126 49
174.958686 49
175.662686 49
175.862686 49
175.895966 49
176.129886 49
176.296286 49
176.934725 49
177.302725 49
177.502725 49
177.904325 49
177.937605 49
178.238725 49
178.841925 49
179.142725 49
179.510725 49
179.710725 49
179.877125 49
179.910405 49
180.345925 49
180.848325 49
181.283525 49
181.651525 49
181.985925 49
182.718725 49
183.233285 49
183.266565 49
183.966085 49
183.999365 49
184.480645 49
184.647045 49
185.213445 49
185.379845 49
185.413125 49
185.728005 49
185.894405 49
186.460805 49
186.627205 49
186.793605 49
186.826885 49
186.975365 49
187.141765 49
187.708165 49
187.874565 49
188.040965 49
188.207365 49
188.373765 49
188.407045 49
188.540165 49
188.955525 49
189.121925 49
189.288325 49
189.454725 49
189.621125 49
189.787525 49
189.820805 49
189.953925 49
190.202885 49
190.369285 49
190.535685 49
190.702085 49
190.868485 49
191.034885 49
191.201285 49
191.367685 49
191.400965 49
191.534085 49
191.700485 49
191.866885 49
192.033285 49
192.199685 49
192.366085 49
192.532485 49
192.698885 49
192.865285 49
192.898565 49
193.031685 49
193.198085 49
193.364485 49
193.530885 49
193.697285 49
193.863685 49
194.030085 49
194.196485 49
194.362885 49
194.529285 49
194.695685 49
194.862085 49
195.028485 49
195.194885 49
195.361285 49
195.527685 49
195.694085 49
195.860485 49
196.026885 49
196.193285 49
196.359685 49
196.526085 49
196.692485 49
196.858885 49
197.025285 49
197.191685 49
197.358085 49
197.524485 49
197.690885 49
197.857285 49
198.023685 49
198.190085 49
198.356485 49
198.522885 49
198.689285 49
198.855685 49
199.022085 49
199.188485 49
199.354885 49
199.521285 49
199.687685 49
199.854085 49
