0 1
0.10000000000000001 1
0.20000000000000001 1
0.30000000000000004 1
0.40000000000000002 1
0.5 1
0.59999999999999998 1
0.69999999999999996 1
0.79999999999999993 1
0.89999999999999991 1
0.99999999999999989 1
1.0999999999999999 2
1.2 2
1.3 2
1.4000000000000001 2
1.5000000000000002 2
1.6000000000000003 2
1.7000000000000004 2
1.8000000000000005 2
1.9000000000000006 2
2.0000000000000004 2
2.1000000000000005 2
2.2000000000000006 2
2.3000000000000007 2
2.4000000000000008 3
2.5000000000000009 4
2.600000000000001 4
2.7000000000000011 4
2.8000000000000012 4
2.9000000000000012 4
3.0000000000000013 4
3.1000000000000014 4
3.2000000000000015 4
3.3000000000000016 4
3.4000000000000017 4
3.5000000000000018 4
3.6000000000000019 5
3.700000000000002 5
3.800000000000002 6
3.9000000000000021 7
4.0000000000000018 7
4.1000000000000014 8
4.2000000000000011 8
4.3000000000000007 8
4.4000000000000004 8
4.5 8
4.5999999999999996 8
4.6999999999999993 8
4.7999999999999989 9
4.8999999999999986 9
4.9999999999999982 10
5.0999999999999979 10
5.1999999999999975 10.1
5.2999999999999972 10.199
5.3999999999999968 10.199
5.4999999999999964 10.2971
5.5999999999999961 10.2971
5.6999999999999957 10.3942
5.7999999999999954 10.4904
5.899999999999995 10.4904
5.9999999999999947 10.5857
6.0999999999999943 10.5857
6.199999999999994 10.6802
6.2999999999999936 10.7738
6.3999999999999932 10.7738
6.4999999999999929 10.8666
6.5999999999999925 10.8666
6.6999999999999922 10.9586
6.7999999999999918 11.0499
6.8999999999999915 11.0499
6.9999999999999911 11.1404
7.0999999999999908 11.1404
7.1999999999999904 11.2302
7.2999999999999901 11.3192
7.3999999999999897 11.3192
7.4999999999999893 11.4076
7.599999999999989 11.4076
7.6999999999999886 11.4952
7.7999999999999883 11.5822
7.8999999999999879 11.5822
7.9999999999999876 11.6685
8.0999999999999872 11.6685
8.1999999999999869 11.7542
8.2999999999999865 11.8393
8.3999999999999861 11.8393
8.4999999999999858 11.9238
8.5999999999999854 11.9238
8.6999999999999851 12.0077
8.7999999999999847 12.0909
8.8999999999999844 12.0909
8.999999999999984 12.1736
9.0999999999999837 12.1736
9.1999999999999833 12.2558
9.2999999999999829 12.3374
9.3999999999999826 12.3374
9.4999999999999822 12.4184
9.5999999999999819 12.4184
9.6999999999999815 12.499
9.7999999999999812 12.579
9.8999999999999808 12.579
9.9999999999999805 12.6585
10.09999999999998 12.6585
10.19999999999998 12.7375
10.299999999999979 12.816
10.399999999999979 12.816
10.499999999999979 12.894
10.599999999999978 12.894
10.699999999999978 12.9716
10.799999999999978 13.0486
10.899999999999977 13.0486
10.999999999999977 13.1253
11.099999999999977 13.1253
11.199999999999976 13.2015
11.299999999999976 13.2772
11.399999999999975 13.2772
11.499999999999975 13.3525
11.599999999999975 13.3525
11.699999999999974 13.4274
11.799999999999974 13.5019
11.899999999999974 13.5019
11.999999999999973 13.576
12.099999999999973 13.576
12.199999999999973 13.6496
12.299999999999972 13.7229
12.399999999999972 13.7229
12.499999999999972 13.7958
12.599999999999971 13.7958
12.699999999999971 13.8682
12.799999999999971 13.9404
12.89999999999997 13.9404
12.99999999999997 14.0121
13.099999999999969 14.0121
13.199999999999969 14.0835
13.299999999999969 14.1545
13.399999999999968 14.1545
13.499999999999968 14.2251
13.599999999999968 14.2251
13.699999999999967 14.2954
13.799999999999967 14.3654
13.899999999999967 14.3654
13.999999999999966 14.435
14.099999999999966 14.435
14.199999999999966 14.5042
14.299999999999965 14.5732
14.399999999999965 14.5732
14.499999999999964 14.6418
14.599999999999964 14.6418
14.699999999999964 14.7101
14.799999999999963 14.7781
14.899999999999963 14.7781
14.999999999999963 14.8458
15.099999999999962 14.8458
15.199999999999962 14.9131
15.299999999999962 14.9802
15.399999999999961 14.9802
15.499999999999961 15.0469
15.599999999999961 15.0469
15.69999999999996 15.1134
15.79999999999996 15.1796
15.899999999999959 15.1796
15.999999999999959 15.2454
16.099999999999959 15.2454
16.19999999999996 15.311
16.299999999999962 15.3763
16.399999999999963 15.3763
16.499999999999964 15.4414
16.599999999999966 15.4414
16.699999999999967 15.5061
16.799999999999969 15.5706
16.89999999999997 15.5706
16.999999999999972 15.6348
17.099999999999973 15.6348
17.199999999999974 15.6988
17.299999999999976 15.7625
17.399999999999977 15.7625
17.499999999999979 15.8259
17.59999999999998 15.8259
17.699999999999982 15.8891
17.799999999999983 15.9521
17.899999999999984 15.9521
17.999999999999986 16.0148
18.099999999999987 16.0148
18.199999999999989 16.0772
18.29999999999999 16.1394
18.399999999999991 16.1394
18.499999999999993 16.2014
18.599999999999994 16.2014
18.699999999999996 16.2631
18.799999999999997 16.3246
18.899999999999999 16.3246
19 16.3858
19.100000000000001 16.3858
19.200000000000003 16.4469
19.300000000000004 16.5077
19.400000000000006 16.5077
19.500000000000007 16.5682
19.600000000000009 16.5682
19.70000000000001 16.6286
19.800000000000011 16.6887
19.900000000000013 16.6887
20.000000000000014 16.7487
20.100000000000016 16.7487
20.200000000000017 16.8084
20.300000000000018 16.8679
20.40000000000002 16.8679
20.500000000000021 16.9271
20.600000000000023 16.9271
20.700000000000024 16.9862
20.800000000000026 17.0451
20.900000000000027 17.0451
21.000000000000028 17.1038
21.10000000000003 17.1038
21.200000000000031 17.1622
21.300000000000033 17.2205
21.400000000000034 17.2205
21.500000000000036 17.2786
21.600000000000037 17.2786
21.700000000000038 17.3364
21.80000000000004 17.3941
21.900000000000041 17.3941
22.000000000000043 17.4516
22.100000000000044 17.4516
22.200000000000045 17.5089
22.300000000000047 17.566
22.400000000000048 17.566
22.50000000000005 17.6229
22.600000000000051 17.6229
22.700000000000053 17.6797
22.800000000000054 17.7363
22.900000000000055 17.7363
23.000000000000057 17.7363
23.100000000000058 17.7926
23.20000000000006 17.7926
23.300000000000061 17.7926
23.400000000000063 17.8488
23.500000000000064 17.8488
23.600000000000065 17.8488
23.700000000000067 17.9049
23.800000000000068 17.9049
23.90000000000007 17.9049
24.000000000000071 17.9049
24.100000000000072 17.9607
24.200000000000074 17.9607
24.300000000000075 17.9607
24.400000000000077 18.0164
24.500000000000078 18.0164
24.60000000000008 18.0164
24.700000000000081 18.0719
24.800000000000082 18.0719
24.900000000000084 18.0719
25.000000000000085 18.0719
25.100000000000087 18.1272
25.200000000000088 18.1272
25.30000000000009 18.1272
25.400000000000091 18.1824
25.500000000000092 18.1824
25.600000000000094 18.1824
25.700000000000095 18.1824
25.800000000000097 18.1824
25.900000000000098 18.1824
26.000000000000099 18.1824
26.100000000000101 18.1824
26.200000000000102 5
26.300000000000104 5
26.400000000000105 5
26.500000000000107 5
26.600000000000108 5
26.700000000000109 5
26.800000000000111 5
26.900000000000112 5
27.000000000000114 5
27.100000000000115 5
27.200000000000117 5
27.300000000000118 5
27.400000000000119 5
27.500000000000121 5
27.600000000000122 5
27.700000000000124 5
27.800000000000125 5
27.900000000000126 5
28.000000000000128 5
28.100000000000129 5
28.200000000000131 5
28.300000000000132 5
28.400000000000134 5
28.500000000000135 5
28.600000000000136 5
28.700000000000138 1
28.800000000000139 1
28.900000000000141 2
29.000000000000142 2
29.100000000000144 2
29.200000000000145 2
29.300000000000146 2
29.400000000000148 2
29.500000000000149 2
29.600000000000151 2
29.700000000000152 2
29.800000000000153 2
29.900000000000155 2
30.000000000000156 2
30.100000000000158 2
30.200000000000159 2.5
30.300000000000161 2.5
30.400000000000162 2.9
30.500000000000163 2.9
30.600000000000165 2.9
30.700000000000166 2.9
30.800000000000168 2.9
30.900000000000169 2.9
31.000000000000171 2.9
31.100000000000172 2.9
31.200000000000173 2.9
31.300000000000175 3.24483
31.400000000000176 3.24483
31.500000000000178 3.24483
31.600000000000179 3.55301
31.70000000000018 3.55301
31.800000000000182 3.55301
31.900000000000183 3.55301
32.000000000000185 3.55301
32.100000000000186 3.55301
32.200000000000188 3.55301
32.300000000000189 3.55301
32.40000000000019 3.55301
32.500000000000192 3.83446
32.600000000000193 3.83446
32.700000000000195 4.09525
32.800000000000196 4.33944
32.900000000000198 4.33944
33.000000000000199 4.33944
33.1000000000002 4.33944
33.200000000000202 4.33944
33.300000000000203 4.33944
33.400000000000205 4.33944
33.500000000000206 4.33944
33.600000000000207 4.33944
33.700000000000209 4.33944
33.80000000000021 4.33944
33.900000000000212 4.56988
34.000000000000213 4.56988
34.100000000000215 4.78871
34.200000000000216 4.99753
34.300000000000217 4.99753
34.400000000000219 5.19763
34.50000000000022 5.19763
34.600000000000222 5.19763
34.700000000000223 5.19763
34.800000000000225 5.19763
34.900000000000226 5.19763
35.000000000000227 5.19763
35.100000000000229 5.39003
35.20000000000023 5.39003
35.300000000000232 5.39003
35.400000000000233 5.39003
35.500000000000234 5.57555
35.600000000000236 5.57555
35.700000000000237 5.57555
35.800000000000239 5.75491
35.90000000000024 5.75491
36.000000000000242 5.92867
36.100000000000243 5.92867
36.200000000000244 6.09735
36.300000000000246 6.09735
36.400000000000247 6.09735
36.500000000000249 6.09735
36.60000000000025 6.09735
36.700000000000252 6.09735
36.800000000000253 6.26135
36.900000000000254 6.26135
37.000000000000256 6.26135
37.100000000000257 6.42106
37.200000000000259 6.5768
37.30000000000026 6.5768
37.400000000000261 6.72885
37.500000000000263 6.72885
37.600000000000264 6.72885
37.700000000000266 6.87746
37.800000000000267 6.87746
37.900000000000269 7.02286
38.00000000000027 7.02286
38.100000000000271 7.02286
38.200000000000273 7.02286
38.300000000000274 7.02286
38.400000000000276 7.02286
38.500000000000277 7.02286
38.600000000000279 7.16526
38.70000000000028 7.16526
38.800000000000281 7.16526
38.900000000000283 7.30482
39.000000000000284 7.30482
39.100000000000286 7.30482
39.200000000000287 7.44171
39.300000000000288 7.44171
39.40000000000029 7.57609
39.500000000000291 7.57609
39.600000000000293 7.70809
39.700000000000294 7.70809
39.800000000000296 7.83782
39.900000000000297 7.96541
40.000000000000298 7.96541
40.1000000000003 7.96541
40.200000000000301 7.96541
40.300000000000303 7.96541
40.400000000000304 7.96541
40.500000000000306 8.09095
40.600000000000307 8.09095
40.700000000000308 8.09095
40.80000000000031 8.09095
40.900000000000311 8.09095
41.000000000000313 8.21454
41.100000000000314 8.21454
41.200000000000315 8.21454
41.300000000000317 8.21454
41.400000000000318 8.21454
41.50000000000032 8.33628
41.600000000000321 8.33628
41.700000000000323 8.33628
41.800000000000324 8.45624
41.900000000000325 8.45624
42.000000000000327 8.45624
42.100000000000328 8.57449
42.20000000000033 8.57449
42.300000000000331 8.57449
42.400000000000333 8.69112
42.500000000000334 8.69112
42.600000000000335 8.69112
42.700000000000337 8.69112
42.800000000000338 8.80618
42.90000000000034 8.80618
43.000000000000341 8.80618
43.100000000000342 8.91974
43.200000000000344 9.03185
43.300000000000345 9.03185
43.400000000000347 9.14257
43.500000000000348 9.14257
43.60000000000035 9.25194
43.700000000000351 9.25194
43.800000000000352 9.36003
43.900000000000354 9.36003
44.000000000000355 9.36003
44.100000000000357 9.36003
44.200000000000358 9.36003
44.30000000000036 9.46687
44.400000000000361 9.46687
44.500000000000362 9.46687
44.600000000000364 9.46687
44.700000000000365 9.46687
44.800000000000367 9.5725
44.900000000000368 9.5725
45.000000000000369 9.5725
45.100000000000371 9.5725
45.200000000000372 9.5725
45.300000000000374 9.67696
45.400000000000375 9.67696
45.500000000000377 9.7803
45.600000000000378 9.7803
45.700000000000379 9.7803
45.800000000000381 9.88255
45.900000000000382 9.88255
46.000000000000384 9.98374
46.100000000000385 9.98374
46.200000000000387 10.0839
46.300000000000388 10.0839
46.400000000000389 10.1831
46.500000000000391 10.1831
46.600000000000392 10.2813
46.700000000000394 10.2813
46.800000000000395 10.2813
46.900000000000396 10.2813
47.000000000000398 10.2813
47.100000000000399 10.3785
47.200000000000401 10.3785
47.300000000000402 10.3785
47.400000000000404 10.3785
47.500000000000405 10.3785
47.600000000000406 10.4749
47.700000000000408 10.4749
47.800000000000409 10.4749
47.900000000000411 10.4749
48.000000000000412 10.4749
48.100000000000414 10.4749
48.200000000000415 10.5704
48.300000000000416 10.665
48.400000000000418 10.665
48.500000000000419 10.7587
48.600000000000421 10.7587
48.700000000000422 10.7587
48.800000000000423 10.7587
48.900000000000425 10.8517
49.000000000000426 10.8517
49.100000000000428 10.8517
49.200000000000429 10.8517
49.300000000000431 10.8517
49.400000000000432 10.8517
49.500000000000433 10.8517
49.600000000000435 10.8517
49.700000000000436 10.8517
49.800000000000438 10.8517
49.900000000000439 10.8517
50.000000000000441 10.8517
50.100000000000442 10.8517
50.200000000000443 10.8517
50.300000000000445 10.8517
50.400000000000446 5
50.500000000000448 5
50.600000000000449 5
50.70000000000045 5
50.800000000000452 5
50.900000000000453 5
51.000000000000455 5
51.100000000000456 5
51.200000000000458 5
51.300000000000459 5
51.40000000000046 5
51.500000000000462 5
51.600000000000463 5
51.700000000000465 5
51.800000000000466 5
51.900000000000468 5
52.000000000000469 5
52.10000000000047 5.2
52.200000000000472 5.2
52.300000000000473 5.2
52.400000000000475 5.2
52.500000000000476 5.2
52.600000000000477 5.2
52.700000000000479 5.2
52.80000000000048 5.2
52.900000000000482 5.2
53.000000000000483 5.2
53.100000000000485 5.2
53.200000000000486 5.2
53.300000000000487 5.2
53.400000000000489 5.2
53.50000000000049 5.2
53.600000000000492 5.2
53.700000000000493 5.2
53.800000000000495 5.2
53.900000000000496 5.2
54.000000000000497 5.2
54.100000000000499 5.2
54.2000000000005 5.2
54.300000000000502 5.2
54.400000000000503 5.2
54.500000000000504 5.2
54.600000000000506 5.2
54.700000000000507 5.2
54.800000000000509 5.2
54.90000000000051 5.2
55.000000000000512 5.2
55.100000000000513 5.2
55.200000000000514 5.2
55.300000000000516 5.2
55.400000000000517 5.2
55.500000000000519 5.2
55.60000000000052 5.2
55.700000000000522 5.2
55.800000000000523 5.2
55.900000000000524 5.2
56.000000000000526 5.2
56.100000000000527 5.2
56.200000000000529 5.2
56.30000000000053 1
56.400000000000531 1
56.500000000000533 1
56.600000000000534 1
56.700000000000536 1
56.800000000000537 1
56.900000000000539 1
57.00000000000054 1
57.100000000000541 1
57.200000000000543 1
57.300000000000544 1
57.400000000000546 1
57.500000000000547 2
57.600000000000549 2
57.70000000000055 2
57.800000000000551 2
57.900000000000553 2
58.000000000000554 2
58.100000000000556 2
58.200000000000557 2
58.300000000000558 2
58.40000000000056 2
58.500000000000561 2
58.600000000000563 2
58.700000000000564 2
58.800000000000566 2.5
58.900000000000567 2.5
59.000000000000568 2.5
59.10000000000057 2.5
59.200000000000571 2.5
59.300000000000573 2.5
59.400000000000574 2.5
59.500000000000576 2.5
59.600000000000577 2.5
59.700000000000578 2.5
59.80000000000058 2.5
59.900000000000581 2.5
60.000000000000583 2.5
60.100000000000584 2.9
60.200000000000585 2.9
60.300000000000587 2.9
60.400000000000588 2.9
60.50000000000059 3.24483
60.600000000000591 3.24483
60.700000000000593 3.24483
60.800000000000594 3.24483
60.900000000000595 3.24483
61.000000000000597 3.24483
61.100000000000598 3.24483
61.2000000000006 3.24483
61.300000000000601 3.24483
61.400000000000603 3.24483
61.500000000000604 3.55301
61.600000000000605 3.55301
61.700000000000607 3.55301
61.800000000000608 3.83446
61.90000000000061 3.83446
62.000000000000611 3.83446
62.100000000000612 3.83446
62.200000000000614 3.83446
62.300000000000615 4.09525
62.400000000000617 4.09525
62.500000000000618 4.09525
62.60000000000062 4.09525
62.700000000000621 4.09525
62.800000000000622 4.09525
62.900000000000624 4.09525
63.000000000000625 4.09525
63.100000000000627 4.09525
63.200000000000628 4.09525
63.30000000000063 4.33944
63.400000000000631 4.33944
63.500000000000632 4.33944
63.600000000000634 4.33944
63.700000000000635 4.33944
63.800000000000637 4.56988
63.900000000000638 4.56988
64.000000000000639 4.56988
64.100000000000634 4.56988
64.200000000000628 4.56988
64.300000000000622 4.78871
64.400000000000617 4.99753
64.500000000000611 4.99753
64.600000000000605 4.99753
64.7000000000006 4.99753
64.800000000000594 4.99753
64.900000000000588 4.99753
65.000000000000583 4.99753
65.100000000000577 4.99753
65.200000000000571 5.19763
65.300000000000566 5.19763
65.40000000000056 5.19763
65.500000000000554 5.19763
65.600000000000549 5.19763
65.700000000000543 5.19763
65.800000000000537 5.39003
65.900000000000531 5.39003
66.000000000000526 5.57555
66.10000000000052 5.75491
66.200000000000514 5.75491
66.300000000000509 5.75491
66.400000000000503 5.75491
66.500000000000497 5.75491
66.600000000000492 5.75491
66.700000000000486 5.92867
66.80000000000048 5.92867
66.900000000000475 6.09735
67.000000000000469 6.09735
67.100000000000463 6.09735
67.200000000000458 6.09735
67.300000000000452 6.09735
67.400000000000446 6.26135
67.500000000000441 6.26135
67.600000000000435 6.26135
67.700000000000429 6.42106
67.800000000000423 6.42106
67.900000000000418 6.42106
68.000000000000412 6.42106
68.100000000000406 6.5768
68.200000000000401 6.5768
68.300000000000395 6.5768
68.400000000000389 6.5768
68.500000000000384 6.72885
68.600000000000378 6.72885
68.700000000000372 6.72885
68.800000000000367 6.87746
68.900000000000361 6.87746
69.000000000000355 7.02286
69.10000000000035 7.02286
69.200000000000344 7.02286
69.300000000000338 7.16526
69.400000000000333 7.16526
69.500000000000327 7.16526
69.600000000000321 7.30482
69.700000000000315 7.30482
69.80000000000031 7.30482
69.900000000000304 7.30482
70.000000000000298 7.30482
70.100000000000293 7.44171
70.200000000000287 7.44171
70.300000000000281 7.44171
70.400000000000276 7.44171
70.50000000000027 7.57609
70.600000000000264 7.70809
70.700000000000259 7.70809
70.800000000000253 7.83782
70.900000000000247 7.83782
71.000000000000242 7.96541
71.100000000000236 8.09095
71.20000000000023 8.09095
71.300000000000225 8.09095
71.400000000000219 8.09095
71.500000000000213 8.21454
71.600000000000207 8.21454
71.700000000000202 8.21454
71.800000000000196 8.21454
71.90000000000019 8.21454
72.000000000000185 8.21454
72.100000000000179 8.21454
72.200000000000173 8.33628
72.300000000000168 8.33628
72.400000000000162 8.33628
72.500000000000156 8.33628
72.600000000000151 8.33628
72.700000000000145 8.45624
72.800000000000139 8.45624
72.900000000000134 8.45624
73.000000000000128 8.57449
73.100000000000122 8.57449
73.200000000000117 8.69112
73.300000000000111 8.80618
73.400000000000105 8.80618
73.500000000000099 8.80618
73.600000000000094 8.91974
73.700000000000088 8.91974
73.800000000000082 9.03185
73.900000000000077 9.03185
74.000000000000071 9.03185
74.100000000000065 9.03185
74.20000000000006 9.14257
74.300000000000054 9.14257
74.400000000000048 9.14257
74.500000000000043 9.14257
74.600000000000037 9.14257
74.700000000000031 9.25194
74.800000000000026 9.25194
74.90000000000002 9.25194
75.000000000000014 9.25194
75.100000000000009 9.25194
75.200000000000003 9.25194
75.299999999999997 9.25194
75.399999999999991 9.36003
75.499999999999986 9.36003
75.59999999999998 9.36003
75.699999999999974 9.36003
75.799999999999969 9.36003
75.899999999999963 9.46687
75.999999999999957 9.46687
76.099999999999952 9.46687
76.199999999999946 9.46687
76.29999999999994 9.46687
76.399999999999935 9.46687
76.499999999999929 9.46687
76.599999999999923 9.46687
76.699999999999918 4.73343
76.799999999999912 4.73343
76.899999999999906 4.73343
76.999999999999901 4.73343
77.099999999999895 4.73343
77.199999999999889 4.73343
77.299999999999883 4.73343
77.399999999999878 4.73343
77.499999999999872 4.73343
77.599999999999866 4.73343
77.699999999999861 4.73343
77.799999999999855 4.73343
77.899999999999849 4.73343
77.999999999999844 4.73343
78.099999999999838 4.73343
78.199999999999832 4.73343
78.299999999999827 4.73343
78.399999999999821 4.73343
78.499999999999815 4.73343
78.59999999999981 4.73343
78.699999999999804 4.73343
78.799999999999798 4.73343
78.899999999999793 4.9447
78.999999999999787 4.9447
79.099999999999781 4.9447
79.199999999999775 4.9447
79.29999999999977 4.9447
79.399999999999764 4.9447
79.499999999999758 4.9447
79.599999999999753 4.9447
79.699999999999747 4.9447
79.799999999999741 4.9447
79.899999999999736 4.9447
79.99999999999973 4.9447
80.099999999999724 4.9447
80.199999999999719 4.9447
80.299999999999713 4.9447
80.399999999999707 4.9447
80.499999999999702 4.9447
80.599999999999696 4.9447
80.69999999999969 4.9447
80.799999999999685 4.9447
80.899999999999679 4.9447
80.999999999999673 4.9447
81.099999999999667 4.9447
81.199999999999662 4.9447
81.299999999999656 4.9447
81.39999999999965 4.9447
81.499999999999645 4.9447
81.599999999999639 4.9447
81.699999999999633 4.9447
81.799999999999628 4.9447
81.899999999999622 4.9447
81.999999999999616 4.9447
82.099999999999611 4.9447
82.199999999999605 1
82.299999999999599 1
82.399999999999594 1
82.499999999999588 1
82.599999999999582 1
82.699999999999577 1
82.799999999999571 1
82.899999999999565 1
82.999999999999559 1
83.099999999999554 1
83.199999999999548 1
83.299999999999542 1
83.399999999999537 2
83.499999999999531 2
83.599999999999525 2
83.69999999999952 2
83.799999999999514 2
83.899999999999508 2
83.999999999999503 2
84.099999999999497 2
84.199999999999491 2
84.299999999999486 2
84.39999999999948 2
84.499999999999474 2
84.599999999999469 2
84.699999999999463 2.5
84.799999999999457 2.9
84.899999999999451 2.9
84.999999999999446 2.9
85.09999999999944 2.9
85.199999999999434 2.9
85.299999999999429 2.9
85.399999999999423 2.9
85.499999999999417 2.9
85.599999999999412 2.9
85.699999999999406 2.9
85.7999999999994 2.9
85.899999999999395 3.24483
85.999999999999389 3.24483
86.099999999999383 3.24483
86.199999999999378 3.55301
86.299999999999372 3.55301
86.399999999999366 3.55301
86.499999999999361 3.55301
86.599999999999355 3.55301
86.699999999999349 3.55301
86.799999999999343 3.55301
86.899999999999338 3.55301
86.999999999999332 3.55301
87.099999999999326 3.55301
87.199999999999321 3.83446
87.299999999999315 3.83446
87.399999999999309 4.09525
87.499999999999304 4.33944
87.599999999999298 4.33944
87.699999999999292 4.33944
87.799999999999287 4.33944
87.899999999999281 4.33944
87.999999999999275 4.33944
88.09999999999927 4.33944
88.199999999999264 4.33944
88.299999999999258 4.33944
88.399999999999253 4.33944
88.499999999999247 4.56988
88.599999999999241 4.56988
88.699999999999235 4.56988
88.79999999999923 4.78871
88.899999999999224 4.78871
88.999999999999218 4.99753
89.099999999999213 4.99753
89.199999999999207 4.99753
89.299999999999201 5.19763
89.399999999999196 5.19763
89.49999999999919 5.19763
89.599999999999184 5.19763
89.699999999999179 5.19763
89.799999999999173 5.19763
89.899999999999167 5.19763
89.999999999999162 5.19763
90.099999999999156 5.19763
90.19999999999915 5.19763
90.299999999999145 5.19763
90.399999999999139 5.39003
90.499999999999133 5.39003
90.599999999999127 5.39003
90.699999999999122 5.39003
90.799999999999116 5.57555
90.89999999999911 5.75491
90.999999999999105 5.75491
91.099999999999099 5.92867
91.199999999999093 5.92867
91.299999999999088 6.09735
91.399999999999082 6.09735
91.499999999999076 6.09735
91.599999999999071 6.09735
91.699999999999065 6.09735
91.799999999999059 6.09735
91.899999999999054 6.09735
91.999999999999048 6.26135
92.099999999999042 6.26135
92.199999999999037 6.26135
92.299999999999031 6.26135
92.399999999999025 6.26135
92.499999999999019 6.42106
92.599999999999014 6.42106
92.699999999999008 6.42106
92.799999999999002 6.5768
92.899999999998997 6.5768
92.999999999998991 6.5768
93.099999999998985 6.5768
93.19999999999898 6.72885
93.299999999998974 6.72885
93.399999999998968 6.87746
93.499999999998963 6.87746
93.599999999998957 7.02286
93.699999999998951 7.02286
93.799999999998946 7.02286
93.89999999999894 7.02286
93.999999999998934 7.02286
94.099999999998929 7.02286
94.199999999998923 7.02286
94.299999999998917 7.16526
94.399999999998911 7.16526
94.499999999998906 7.30482
94.5999999999989 7.30482
94.699999999998894 7.44171
94.799999999998889 7.44171
94.899999999998883 7.44171
94.999999999998877 7.44171
95.099999999998872 7.57609
95.199999999998866 7.57609
95.29999999999886 7.57609
95.399999999998855 7.57609
95.499999999998849 7.70809
95.599999999998843 7.70809
95.699999999998838 7.70809
95.799999999998832 7.83782
95.899999999998826 7.83782
95.99999999999882 7.96541
96.099999999998815 7.96541
96.199999999998809 7.96541
96.299999999998803 7.96541
96.399999999998798 7.96541
96.499999999998792 7.96541
96.599999999998786 7.96541
96.699999999998781 7.96541
96.799999999998775 7.96541
96.899999999998769 8.09095
96.999999999998764 8.09095
97.099999999998758 8.09095
97.199999999998752 8.21454
97.299999999998747 8.21454
97.399999999998741 8.33628
97.499999999998735 8.33628
97.59999999999873 8.33628
97.699999999998724 8.33628
97.799999999998718 8.33628
97.899999999998712 8.45624
97.999999999998707 8.45624
98.099999999998701 8.45624
98.199999999998695 8.45624
98.29999999999869 8.57449
98.399999999998684 8.57449
98.499999999998678 8.57449
98.599999999998673 8.57449
98.699999999998667 8.57449
98.799999999998661 8.57449
98.899999999998656 8.57449
98.99999999999865 8.57449
99.099999999998644 8.57449
99.199999999998639 4.28725
99.299999999998633 4.28725
99.399999999998627 4.28725
99.499999999998622 4.28725
99.599999999998616 4.28725
99.69999999999861 4.28725
99.799999999998604 4.28725
99.899999999998599 4.28725
99.999999999998593 4.28725
100.09999999999859 4.28725
100.19999999999858 4.28725
100.29999999999858 4.28725
100.39999999999857 4.28725
100.49999999999856 4.28725
100.59999999999856 4.28725
100.69999999999855 4.28725
100.79999999999855 4.28725
100.89999999999854 4.28725
100.99999999999854 4.28725
101.09999999999853 4.28725
101.19999999999852 4.28725
101.29999999999852 4.28725
101.39999999999851 4.28725
101.49999999999851 4.28725
101.5999999999985 4.28725
101.6999999999985 4.5205
101.79999999999849 4.5205
101.89999999999849 4.5205
101.99999999999848 4.5205
102.09999999999847 4.5205
102.19999999999847 4.5205
102.29999999999846 4.5205
102.39999999999846 4.5205
102.49999999999845 4.5205
102.59999999999845 4.5205
102.69999999999844 4.5205
102.79999999999843 4.5205
102.89999999999843 4.5205
102.99999999999842 4.5205
103.09999999999842 4.5205
103.19999999999841 4.74171
103.29999999999841 4.95261
103.3999999999984 4.95261
103.49999999999839 5.15452
103.59999999999839 5.15452
103.69999999999838 5.34852
103.79999999999838 5.34852
103.89999999999837 5.34852
103.99999999999837 5.34852
104.09999999999836 5.34852
104.19999999999835 5.34852
104.29999999999835 5.34852
104.39999999999834 5.34852
104.49999999999834 5.34852
104.59999999999833 5.53549
104.69999999999833 5.71614
104.79999999999832 5.71614
104.89999999999831 5.71614
104.99999999999831 5.89109
105.0999999999983 5.89109
105.1999999999983 6.06084
105.29999999999829 6.06084
105.39999999999829 6.06084
105.49999999999828 6.22583
105.59999999999827 6.22583
105.69999999999827 6.22583
105.79999999999826 6.22583
105.89999999999826 6.38645
105.99999999999825 6.38645
106.09999999999825 6.54303
106.19999999999824 6.54303
106.29999999999824 6.69587
106.39999999999823 6.69587
106.49999999999822 6.69587
106.59999999999822 6.69587
106.69999999999821 6.84521
106.79999999999821 6.84521
106.8999999999982 6.9913
106.9999999999982 6.9913
107.09999999999819 6.9913
107.19999999999818 6.9913
107.29999999999818 7.13433
107.39999999999817 7.13433
107.49999999999817 7.13433
107.59999999999816 7.13433
107.69999999999816 7.13433
107.79999999999815 7.2745
107.89999999999814 7.2745
107.99999999999814 7.41197
108.09999999999813 7.41197
108.19999999999813 7.41197
108.29999999999812 7.54688
108.39999999999812 7.54688
108.49999999999811 7.54688
108.5999999999981 7.54688
108.6999999999981 7.54688
108.79999999999809 7.54688
108.89999999999809 7.67939
108.99999999999808 7.67939
109.09999999999808 7.67939
109.19999999999807 7.80961
109.29999999999806 7.93766
109.39999999999806 7.93766
109.49999999999805 8.06364
109.59999999999805 8.06364
109.69999999999804 8.06364
109.79999999999804 8.06364
109.89999999999803 8.06364
109.99999999999802 8.18765
110.09999999999802 8.30979
110.19999999999801 8.30979
110.29999999999801 8.43013
110.399999999998 8.43013
110.499999999998 8.43013
110.59999999999799 8.43013
110.69999999999798 8.43013
110.79999999999798 8.43013
110.89999999999797 8.43013
110.99999999999797 8.54875
111.09999999999796 8.54875
111.19999999999796 8.54875
111.29999999999795 8.66572
111.39999999999795 8.66572
111.49999999999794 8.66572
111.59999999999793 8.66572
111.69999999999793 8.78112
111.79999999999792 8.78112
111.89999999999792 8.895
111.99999999999791 8.895
112.09999999999791 9.00743
112.1999999999979 9.00743
112.29999999999789 9.00743
112.39999999999789 9.00743
112.49999999999788 9.11844
112.59999999999788 9.11844
112.69999999999787 9.11844
112.79999999999787 9.22811
112.89999999999786 9.22811
112.99999999999785 9.22811
113.09999999999785 9.33648
113.19999999999784 9.33648
113.29999999999784 9.33648
113.39999999999783 9.33648
113.49999999999783 9.44358
113.59999999999782 9.44358
113.69999999999781 9.44358
113.79999999999781 9.44358
113.8999999999978 9.44358
113.9999999999978 9.54948
114.09999999999779 9.54948
114.19999999999779 9.54948
114.29999999999778 9.54948
114.39999999999777 9.65419
114.49999999999777 9.65419
114.59999999999776 9.65419
114.69999999999776 9.65419
114.79999999999775 9.75778
114.89999999999775 9.86026
114.99999999999774 9.86026
115.09999999999773 9.86026
115.19999999999773 9.86026
115.29999999999772 9.86026
115.39999999999772 9.86026
115.49999999999771 9.86026
115.59999999999771 9.86026
115.6999999999977 4.93013
115.79999999999769 4.93013
115.89999999999769 4.93013
115.99999999999768 4.93013
116.09999999999768 4.93013
116.19999999999767 4.93013
116.29999999999767 4.93013
116.39999999999766 4.93013
116.49999999999766 4.93013
116.59999999999765 4.93013
116.69999999999764 4.93013
116.79999999999764 4.93013
116.89999999999763 4.93013
116.99999999999763 4.93013
117.09999999999762 4.93013
117.19999999999762 4.93013
117.29999999999761 4.93013
117.3999999999976 4.93013
117.4999999999976 4.93013
117.59999999999759 4.93013
117.69999999999759 4.93013
117.79999999999758 4.93013
117.89999999999758 4.93013
117.99999999999757 4.93013
118.09999999999756 4.93013
118.19999999999756 5.13296
118.29999999999755 5.13296
118.39999999999755 5.13296
118.49999999999754 5.13296
118.59999999999754 5.13296
118.69999999999753 5.13296
118.79999999999752 5.13296
118.89999999999752 5.13296
118.99999999999751 5.13296
119.09999999999751 5.13296
119.1999999999975 5.13296
119.2999999999975 5.13296
119.39999999999749 5.13296
119.49999999999748 5.13296
119.59999999999748 5.13296
119.69999999999747 5.13296
119.79999999999747 5.13296
119.89999999999746 5.13296
119.99999999999746 5.13296
120.09999999999745 5.13296
120.19999999999744 5.13296
120.29999999999744 5.13296
120.39999999999743 5.13296
120.49999999999743 5.13296
120.59999999999742 5.13296
120.69999999999742 5.13296
120.79999999999741 5.13296
120.89999999999741 5.13296
120.9999999999974 5.13296
121.09999999999739 5.13296
121.19999999999739 5.13296
121.29999999999738 5.13296
121.39999999999738 5.13296
121.49999999999737 5.13296
121.59999999999737 5.13296
121.69999999999736 5.13296
121.79999999999735 5.13296
121.89999999999735 5.13296
121.99999999999734 5.13296
122.09999999999734 1
122.19999999999733 1
122.29999999999733 1
122.39999999999732 1
122.49999999999731 1
122.59999999999731 1
122.6999999999973 1
122.7999999999973 1
122.89999999999729 1
122.99999999999729 1
123.09999999999728 1
123.19999999999727 1
123.29999999999727 1
123.39999999999726 1
123.49999999999726 1
123.59999999999725 2
123.69999999999725 2
123.79999999999724 2
123.89999999999723 2
123.99999999999723 2
124.09999999999722 2
124.19999999999722 2
124.29999999999721 2
124.39999999999721 2
124.4999999999972 2
124.59999999999719 2
124.69999999999719 2
124.79999999999718 2
124.89999999999718 2
124.99999999999717 2
125.09999999999717 2.5
125.19999999999716 2.9
125.29999999999715 2.9
125.39999999999715 2.9
125.49999999999714 3.24483
125.59999999999714 3.24483
125.69999999999713 3.24483
125.79999999999713 3.24483
125.89999999999712 3.55301
125.99999999999712 3.55301
126.09999999999711 3.55301
126.1999999999971 3.55301
126.2999999999971 3.55301
126.39999999999709 3.55301
126.49999999999709 3.55301
126.59999999999708 3.55301
126.69999999999708 3.83446
126.79999999999707 3.83446
126.89999999999706 4.09525
126.99999999999706 4.09525
127.09999999999705 4.09525
127.19999999999705 4.09525
127.29999999999704 4.09525
127.39999999999704 4.33944
127.49999999999703 4.33944
127.59999999999702 4.33944
127.69999999999702 4.33944
127.79999999999701 4.33944
127.89999999999701 4.33944
127.999999999997 4.56988
128.09999999999701 4.56988
128.199999999997 4.78871
128.299999999997 4.99753
128.39999999999699 4.99753
128.49999999999699 4.99753
128.59999999999698 4.99753
128.69999999999698 5.19763
128.79999999999697 5.19763
128.89999999999696 5.19763
128.99999999999696 5.19763
129.09999999999695 5.19763
129.19999999999695 5.39003
129.29999999999694 5.39003
129.39999999999694 5.57555
129.49999999999693 5.57555
129.59999999999692 5.75491
129.69999999999692 5.75491
129.79999999999691 5.75491
129.89999999999691 5.75491
129.9999999999969 5.75491
130.0999999999969 5.92867
130.19999999999689 5.92867
130.29999999999688 6.09735
130.39999999999688 6.09735
130.49999999999687 6.09735
130.59999999999687 6.09735
130.69999999999686 6.09735
130.79999999999686 6.09735
130.89999999999685 6.26135
130.99999999999685 6.26135
131.09999999999684 6.26135
131.19999999999683 6.26135
131.29999999999683 6.42106
131.39999999999682 6.42106
131.49999999999682 6.42106
131.59999999999681 6.5768
131.69999999999681 6.5768
131.7999999999968 6.5768
131.89999999999679 6.5768
131.99999999999679 6.5768
132.09999999999678 6.5768
132.19999999999678 6.72885
132.29999999999677 6.72885
132.39999999999677 6.87746
132.49999999999676 6.87746
132.59999999999675 7.02286
132.69999999999675 7.16526
132.79999999999674 7.16526
132.89999999999674 7.16526
132.99999999999673 7.16526
133.09999999999673 7.16526
133.19999999999672 7.16526
133.29999999999671 7.30482
133.39999999999671 7.30482
133.4999999999967 7.30482
133.5999999999967 7.30482
133.69999999999669 7.44171
133.79999999999669 7.44171
133.89999999999668 7.44171
133.99999999999667 7.44171
134.09999999999667 7.44171
134.19999999999666 7.44171
134.29999999999666 7.44171
134.39999999999665 7.44171
134.49999999999665 7.57609
134.59999999999664 7.57609
134.69999999999663 7.57609
134.79999999999663 7.57609
134.89999999999662 7.70809
134.99999999999662 7.70809
135.09999999999661 7.70809
135.19999999999661 7.83782
135.2999999999966 7.83782
135.3999999999966 7.96541
135.49999999999659 7.96541
135.59999999999658 8.09095
135.69999999999658 8.09095
135.79999999999657 8.21454
135.89999999999657 8.21454
135.99999999999656 8.21454
136.09999999999656 8.33628
136.19999999999655 8.33628
136.29999999999654 8.33628
136.39999999999654 8.45624
136.49999999999653 8.45624
136.59999999999653 8.57449
136.69999999999652 8.57449
136.79999999999652 8.69112
136.89999999999651 8.69112
136.9999999999965 8.69112
137.0999999999965 8.80618
137.19999999999649 8.91974
137.29999999999649 8.91974
137.39999999999648 9.03185
137.49999999999648 9.03185
137.59999999999647 9.14257
137.69999999999646 9.14257
137.79999999999646 9.14257
137.89999999999645 9.14257
137.99999999999645 9.14257
138.09999999999644 9.25194
138.19999999999644 9.25194
138.29999999999643 9.25194
138.39999999999642 9.25194
138.49999999999642 9.25194
138.59999999999641 9.36003
138.69999999999641 9.36003
138.7999999999964 9.46687
138.8999999999964 9.5725
138.99999999999639 9.5725
139.09999999999638 9.5725
139.19999999999638 9.5725
139.29999999999637 9.67696
139.39999999999637 9.7803
139.49999999999636 9.7803
139.59999999999636 9.7803
139.69999999999635 9.88255
139.79999999999634 9.88255
139.89999999999634 9.98374
139.99999999999633 9.98374
140.09999999999633 9.98374
140.19999999999632 9.98374
140.29999999999632 10.0839
140.39999999999631 10.0839
140.49999999999631 10.0839
140.5999999999963 10.0839
140.69999999999629 10.0839
140.79999999999629 10.0839
140.89999999999628 10.1831
140.99999999999628 10.1831
141.09999999999627 10.1831
141.19999999999627 10.1831
141.29999999999626 10.1831
141.39999999999625 10.1831
141.49999999999625 10.1831
141.59999999999624 10.1831
141.69999999999624 10.1831
141.79999999999623 10.1831
141.89999999999623 10.1831
141.99999999999622 10.1831
142.09999999999621 10.1831
142.19999999999621 10.1831
142.2999999999962 10.1831
142.3999999999962 10.1831
142.49999999999619 10.1831
142.59999999999619 5
142.69999999999618 5
142.79999999999617 5
142.89999999999617 5
142.99999999999616 5
143.09999999999616 5
143.19999999999615 5
143.29999999999615 5
143.39999999999614 5
143.49999999999613 5
143.59999999999613 5
143.69999999999612 5
143.79999999999612 5
143.89999999999611 5
143.99999999999611 5
144.0999999999961 5
144.19999999999609 5
144.29999999999609 5.2
144.39999999999608 5.2
144.49999999999608 5.2
144.59999999999607 5.2
144.69999999999607 5.2
144.79999999999606 5.2
144.89999999999606 5.2
144.99999999999605 5.2
145.09999999999604 5.2
145.19999999999604 5.2
145.29999999999603 5.2
145.39999999999603 5.2
145.49999999999602 5.2
145.59999999999602 5.2
145.69999999999601 5.2
145.799999999996 5.2
145.899999999996 5.2
145.99999999999599 5.2
146.09999999999599 5.2
146.19999999999598 5.2
146.29999999999598 5.2
146.39999999999597 5.2
146.49999999999596 5.2
146.59999999999596 5.2
146.69999999999595 5.2
146.79999999999595 5.2
146.89999999999594 5.2
146.99999999999594 5.2
147.09999999999593 5.2
147.19999999999592 5.2
147.29999999999592 5.2
147.39999999999591 5.2
147.49999999999591 5.2
147.5999999999959 5.2
147.6999999999959 5.2
147.79999999999589 5.2
147.89999999999588 1
147.99999999999588 1
148.09999999999587 1
148.19999999999587 1
148.29999999999586 1
148.39999999999586 1
148.49999999999585 1
148.59999999999584 1
148.69999999999584 1
148.79999999999583 1
148.89999999999583 1
148.99999999999582 1
149.09999999999582 1
149.19999999999581 2
149.2999999999958 2
149.3999999999958 2
149.49999999999579 2
149.59999999999579 2
149.69999999999578 2
149.79999999999578 2
149.89999999999577 2
149.99999999999577 2
150.09999999999576 2
150.19999999999575 2
150.29999999999575 2
150.39999999999574 2
150.49999999999574 2
150.59999999999573 2.5
150.69999999999573 2.5
150.79999999999572 2.5
150.89999999999571 2.5
150.99999999999571 2.5
151.0999999999957 2.5
151.1999999999957 2.5
151.29999999999569 2.5
151.39999999999569 2.5
151.49999999999568 2.5
151.59999999999567 2.5
151.69999999999567 2.5
151.79999999999566 2.5
151.89999999999566 2.5
151.99999999999565 2.5
152.09999999999565 2.9
152.19999999999564 2.9
152.29999999999563 2.9
152.39999999999563 2.9
152.49999999999562 2.9
152.59999999999562 3.24483
152.69999999999561 3.24483
152.79999999999561 3.24483
152.8999999999956 3.24483
152.99999999999559 3.24483
153.09999999999559 3.24483
153.19999999999558 3.24483
153.29999999999558 3.24483
153.39999999999557 3.24483
153.49999999999557 3.24483
153.59999999999556 3.24483
153.69999999999555 3.24483
153.79999999999555 3.55301
153.89999999999554 3.55301
153.99999999999554 3.83446
154.09999999999553 3.83446
154.19999999999553 4.09525
154.29999999999552 4.09525
154.39999999999552 4.09525
154.49999999999551 4.09525
154.5999999999955 4.09525
154.6999999999955 4.09525
154.79999999999549 4.09525
154.89999999999549 4.09525
154.99999999999548 4.09525
155.09999999999548 4.33944
155.19999999999547 4.33944
155.29999999999546 4.33944
155.39999999999546 4.56988
155.49999999999545 4.56988
155.59999999999545 4.56988
155.69999999999544 4.78871
155.79999999999544 4.78871
155.89999999999543 4.99753
155.99999999999542 4.99753
156.09999999999542 4.99753
156.19999999999541 4.99753
156.29999999999541 4.99753
156.3999999999954 4.99753
156.4999999999954 4.99753
156.59999999999539 4.99753
156.69999999999538 4.99753
156.79999999999538 4.99753
156.89999999999537 5.19763
156.99999999999537 5.19763
157.09999999999536 5.19763
157.19999999999536 5.19763
157.29999999999535 5.19763
157.39999999999534 5.39003
157.49999999999534 5.39003
157.59999999999533 5.57555
157.69999999999533 5.57555
157.79999999999532 5.57555
157.89999999999532 5.75491
157.99999999999531 5.75491
158.0999999999953 5.75491
158.1999999999953 5.75491
158.29999999999529 5.75491
158.39999999999529 5.75491
158.49999999999528 5.75491
158.59999999999528 5.92867
158.69999999999527 5.92867
158.79999999999526 6.09735
158.89999999999526 6.09735
158.99999999999525 6.09735
159.09999999999525 6.26135
159.19999999999524 6.26135
159.29999999999524 6.26135
159.39999999999523 6.42106
159.49999999999523 6.42106
159.59999999999522 6.42106
159.69999999999521 6.42106
159.79999999999521 6.5768
159.8999999999952 6.5768
159.9999999999952 6.5768
160.09999999999519 6.5768
160.19999999999519 6.5768
160.29999999999518 6.5768
160.39999999999517 6.5768
160.49999999999517 6.72885
160.59999999999516 6.72885
160.69999999999516 6.72885
160.79999999999515 6.72885
160.89999999999515 6.87746
160.99999999999514 6.87746
161.09999999999513 7.02286
161.19999999999513 7.02286
161.29999999999512 7.16526
161.39999999999512 7.16526
161.49999999999511 7.16526
161.59999999999511 7.16526
161.6999999999951 7.16526
161.79999999999509 7.30482
161.89999999999509 7.30482
161.99999999999508 7.30482
162.09999999999508 7.30482
162.19999999999507 7.30482
162.29999999999507 7.44171
162.39999999999506 7.44171
162.49999999999505 7.44171
162.59999999999505 7.44171
162.69999999999504 7.44171
162.79999999999504 7.44171
162.89999999999503 7.44171
162.99999999999503 7.44171
163.09999999999502 7.57609
163.19999999999501 7.57609
163.29999999999501 7.57609
163.399999999995 7.57609
163.499999999995 7.70809
163.59999999999499 7.70809
163.69999999999499 7.70809
163.79999999999498 7.83782
163.89999999999498 7.83782
163.99999999999497 7.96541
164.09999999999496 7.96541
164.19999999999496 8.09095
164.29999999999495 8.09095
164.39999999999495 8.21454
164.49999999999494 8.21454
164.59999999999494 8.21454
164.69999999999493 8.21454
164.79999999999492 8.21454
164.89999999999492 8.21454
164.99999999999491 8.21454
165.09999999999491 8.33628
165.1999999999949 8.33628
165.2999999999949 8.45624
165.39999999999489 8.45624
165.49999999999488 8.45624
165.59999999999488 8.45624
165.69999999999487 8.57449
165.79999999999487 8.57449
165.89999999999486 8.57449
165.99999999999486 8.57449
166.09999999999485 8.57449
166.19999999999484 8.69112
166.29999999999484 8.69112
166.39999999999483 8.69112
166.49999999999483 8.69112
166.59999999999482 8.80618
166.69999999999482 8.80618
166.79999999999481 8.80618
166.8999999999948 8.91974
166.9999999999948 8.91974
167.09999999999479 8.91974
167.19999999999479 8.91974
167.29999999999478 8.91974
167.39999999999478 8.91974
167.49999999999477 8.91974
167.59999999999476 8.91974
167.69999999999476 8.91974
167.79999999999475 8.91974
167.89999999999475 8.91974
167.99999999999474 4.45987
168.09999999999474 4.45987
168.19999999999473 4.45987
168.29999999999472 4.45987
168.39999999999472 4.45987
168.49999999999471 4.45987
168.59999999999471 4.45987
168.6999999999947 4.45987
168.7999999999947 4.45987
168.89999999999469 4.45987
168.99999999999469 4.45987
169.09999999999468 4.45987
169.19999999999467 4.45987
169.29999999999467 4.45987
169.39999999999466 4.45987
169.49999999999466 4.45987
169.59999999999465 4.45987
169.69999999999465 4.45987
169.79999999999464 4.45987
169.89999999999463 4.45987
169.99999999999463 4.45987
170.09999999999462 4.45987
170.19999999999462 4.68409
170.29999999999461 4.68409
170.39999999999461 4.68409
170.4999999999946 4.68409
170.59999999999459 4.68409
170.69999999999459 4.68409
170.79999999999458 4.68409
170.89999999999458 4.68409
170.99999999999457 4.68409
171.09999999999457 4.68409
171.19999999999456 4.68409
171.29999999999455 4.68409
171.39999999999455 4.68409
171.49999999999454 4.89758
171.59999999999454 5.10176
171.69999999999453 5.10176
171.79999999999453 5.29777
171.89999999999452 5.29777
171.99999999999451 5.48653
172.09999999999451 5.48653
172.1999999999945 5.48653
172.2999999999945 5.48653
172.39999999999449 5.48653
172.49999999999449 5.48653
172.59999999999448 5.48653
172.69999999999447 5.66879
172.79999999999447 5.66879
172.89999999999446 5.8452
172.99999999999446 5.8452
173.09999999999445 6.01628
173.19999999999445 6.1825
173.29999999999444 6.1825
173.39999999999444 6.34424
173.49999999999443 6.34424
173.59999999999442 6.34424
173.69999999999442 6.34424
173.79999999999441 6.34424
173.89999999999441 6.34424
173.9999999999944 6.34424
174.0999999999944 6.50187
174.19999999999439 6.50187
174.29999999999438 6.50187
174.39999999999438 6.65567
174.49999999999437 6.65567
174.59999999999437 6.65567
174.69999999999436 6.80592
174.79999999999436 6.80592
174.89999999999435 6.95285
174.99999999999434 6.95285
175.09999999999434 6.95285
175.19999999999433 7.09667
175.29999999999433 7.09667
175.39999999999432 7.09667
175.49999999999432 7.09667
175.59999999999431 7.23758
175.6999999999943 7.23758
175.7999999999943 7.23758
175.89999999999429 7.23758
175.99999999999429 7.23758
176.09999999999428 7.37575
176.19999999999428 7.37575
176.29999999999427 7.37575
176.39999999999426 7.51133
176.49999999999426 7.51133
176.59999999999425 7.51133
176.69999999999425 7.64446
176.79999999999424 7.64446
176.89999999999424 7.77528
176.99999999999423 7.77528
177.09999999999422 7.77528
177.19999999999422 7.77528
177.29999999999421 7.77528
177.39999999999421 7.90389
177.4999999999942 7.90389
177.5999999999942 8.03041
177.69999999999419 8.03041
177.79999999999418 8.03041
177.89999999999418 8.15494
177.99999999999417 8.15494
178.09999999999417 8.15494
178.19999999999416 8.15494
178.29999999999416 8.15494
178.39999999999415 8.27756
178.49999999999415 8.27756
178.59999999999414 8.27756
178.69999999999413 8.27756
178.79999999999413 8.39837
178.89999999999412 8.39837
178.99999999999412 8.39837
179.09999999999411 8.39837
179.19999999999411 8.39837
179.2999999999941 8.51744
179.39999999999409 8.51744
179.49999999999409 8.51744
179.59999999999408 8.51744
179.69999999999408 8.63485
179.79999999999407 8.63485
179.89999999999407 8.63485
179.99999999999406 8.63485
180.09999999999405 8.63485
180.19999999999405 8.63485
180.29999999999404 8.63485
180.39999999999404 8.63485
180.49999999999403 8.63485
180.59999999999403 8.63485
180.69999999999402 8.63485
180.79999999999401 4.31742
180.89999999999401 4.31742
180.999999999994 4.31742
181.099999999994 4.31742
181.19999999999399 4.31742
181.29999999999399 4.31742
181.39999999999398 4.31742
181.49999999999397 4.31742
181.59999999999397 4.31742
181.69999999999396 4.31742
181.79999999999396 4.31742
181.89999999999395 4.31742
181.99999999999395 4.31742
182.09999999999394 4.54904
182.19999999999393 4.54904
182.29999999999393 4.54904
182.39999999999392 4.54904
182.49999999999392 4.54904
182.59999999999391 4.54904
182.69999999999391 4.54904
182.7999999999939 4.54904
182.8999999999939 4.54904
182.99999999999389 4.54904
183.09999999999388 4.54904
183.19999999999388 4.54904
183.29999999999387 4.54904
183.39999999999387 4.54904
183.49999999999386 4.54904
183.59999999999386 4.54904
183.69999999999385 4.54904
183.79999999999384 4.54904
183.89999999999384 4.54904
183.99999999999383 4.54904
184.09999999999383 4.54904
184.19999999999382 4.54904
184.29999999999382 4.54904
184.39999999999381 4.54904
184.4999999999938 4.54904
184.5999999999938 4.54904
184.69999999999379 4.54904
184.79999999999379 4.54904
184.89999999999378 4.54904
184.99999999999378 4.54904
185.09999999999377 4.54904
185.19999999999376 4.54904
185.29999999999376 4.54904
185.39999999999375 4.54904
185.49999999999375 4.54904
185.59999999999374 4.54904
185.69999999999374 4.54904
185.79999999999373 1
185.89999999999372 1
185.99999999999372 1
186.09999999999371 1
186.19999999999371 1
186.2999999999937 1
186.3999999999937 1
186.49999999999369 1
186.59999999999368 1
186.69999999999368 1
186.79999999999367 1
186.89999999999367 1
186.99999999999366 1
187.09999999999366 2
187.19999999999365 2
187.29999999999364 2
187.39999999999364 2
187.49999999999363 2
187.59999999999363 2
187.69999999999362 2
187.79999999999362 2
187.89999999999361 2
187.99999999999361 2
188.0999999999936 2
188.19999999999359 2
188.29999999999359 2.5
188.39999999999358 2.5
188.49999999999358 2.9
188.59999999999357 2.9
188.69999999999357 2.9
188.79999999999356 2.9
188.89999999999355 2.9
188.99999999999355 2.9
189.09999999999354 2.9
189.19999999999354 2.9
189.29999999999353 2.9
189.39999999999353 2.9
189.49999999999352 2.9
189.59999999999351 3.24483
189.69999999999351 3.55301
189.7999999999935 3.55301
189.8999999999935 3.55301
189.99999999999349 3.55301
190.09999999999349 3.55301
190.19999999999348 3.55301
190.29999999999347 3.55301
190.39999999999347 3.55301
190.49999999999346 3.55301
190.59999999999346 3.55301
190.69999999999345 3.55301
190.79999999999345 3.83446
190.89999999999344 3.83446
190.99999999999343 4.09525
191.09999999999343 4.33944
191.19999999999342 4.33944
191.29999999999342 4.33944
191.39999999999341 4.33944
191.49999999999341 4.33944
191.5999999999934 4.33944
191.69999999999339 4.33944
191.79999999999339 4.33944
191.89999999999338 4.33944
191.99999999999338 4.33944
192.09999999999337 4.56988
192.19999999999337 4.78871
192.29999999999336 4.78871
192.39999999999336 4.99753
192.49999999999335 4.99753
192.59999999999334 5.19763
192.69999999999334 5.19763
192.79999999999333 5.19763
192.89999999999333 5.19763
192.99999999999332 5.19763
193.09999999999332 5.19763
193.19999999999331 5.19763
193.2999999999933 5.39003
193.3999999999933 5.39003
193.49999999999329 5.57555
193.59999999999329 5.75491
193.69999999999328 5.75491
193.79999999999328 5.92867
193.89999999999327 5.92867
193.99999999999326 6.09735
194.09999999999326 6.09735
194.19999999999325 6.09735
194.29999999999325 6.09735
194.39999999999324 6.09735
194.49999999999324 6.26135
194.59999999999323 6.26135
194.69999999999322 6.42106
194.79999999999322 6.42106
194.89999999999321 6.5768
194.99999999999321 6.72885
195.0999999999932 6.72885
195.1999999999932 6.87746
195.29999999999319 6.87746
195.39999999999318 7.02286
195.49999999999318 7.02286
195.59999999999317 7.02286
195.69999999999317 7.02286
195.79999999999316 7.16526
195.89999999999316 7.16526
195.99999999999315 7.30482
196.09999999999314 7.44171
196.19999999999314 7.44171
196.29999999999313 7.57609
196.39999999999313 7.57609
196.49999999999312 7.70809
196.59999999999312 7.83782
196.69999999999311 7.83782
196.7999999999931 7.96541
196.8999999999931 7.96541
196.99999999999309 8.09095
197.09999999999309 8.09095
197.19999999999308 8.21454
197.29999999999308 8.21454
197.39999999999307 8.33628
197.49999999999307 8.45624
197.59999999999306 8.45624
197.69999999999305 8.57449
197.79999999999305 8.57449
197.89999999999304 8.69112
197.99999999999304 8.80618
198.09999999999303 8.80618
198.19999999999303 8.80618
198.29999999999302 8.91974
198.39999999999301 8.91974
198.49999999999301 9.03185
198.599999999993 9.14257
198.699999999993 9.14257
198.79999999999299 9.25194
198.89999999999299 9.25194
198.99999999999298 9.36003
199.09999999999297 9.46687
199.19999999999297 9.46687
199.29999999999296 9.5725
199.39999999999296 9.5725
199.49999999999295 9.67696
199.59999999999295 9.7803
199.69999999999294 9.7803
199.79999999999293 9.88255
199.89999999999293 9.88255
199.99999999999292 9.98374
