22.350033 44
22.518033 44
22.551633 44
22.585233 44
22.618833 44
22.652433 44
22.65552 44
22.854033 44
22.887633 44
22.921233 44
22.954833 44
22.988433 44
23.055633 44
23.089233 44
23.122833 44
23.257233 44
23.290833 44
23.604533 44
23.638133 44
23.738933 44
23.772533 44
23.806133 44
24.075511 44
24.109111 44
24.243511 44
24.277111 44
24.411511 44
24.445111 44
24.545911 44
25.072342 44
25.105942 44
25.139542 44
25.173142 44
25.206742 44
25.374742 44
25.408342 44
25.441942 44
25.475542 44
25.509142 44
39.931937 44
39.965537 44
39.999137 44
40.032737 44
40.066337 44
43.282018 44
43.315618 44
43.349218 44
43.416418 44
43.450018 44
43.483618 44
43.517218 44
43.550818 44
43.584418 44
43.618018 44
43.651618 44
43.685218 44
43.718818 44
43.819618 44
43.853218 44
43.886818 44
43.920418 44
43.954018 44
44.290018 44
44.323618 44
44.357218 44
44.390818 44
44.424418 44
44.827618 44
44.861218 44
44.894818 44
44.928418 44
44.962018 44
46.070408 44
46.104008 44
46.137608 44
46.171208 44
46.24839 44
46.28167 44
46.440008 44
46.473608 44
46.507208 44
46.540808 44
46.574408 44
46.64839 44
47.145608 44
47.179208 44
47.212808 44
47.246408 44
47.414408 44
48.353097 44
48.386697 44
48.420297 44
48.453897 44
48.52199 44
72.712224 44
73.014624 44
73.048224 44
73.158489 44
73.627047 44
73.660647 44
73.694247 44
73.727847 44
73.761447 44
73.828647 44
73.858969 44
73.862247 44
73.895847 44
73.929447 44
73.963047 44
74.198247 44
74.231847 44
74.265447 44
74.299047 44
74.332647 44
74.735847 44
74.769447 44
95.149983 44
95.183583 44
95.217183 44
95.505557 44
95.539157 44
95.572757 44
95.848481 44
98.04075 44
98.07435 44
98.30955 44
98.34315 44
111.578256 44
111.679056 44
111.712656 44
111.746256 44
111.947856 44
111.981456 44
112.015056 44
112.048656 44
112.082256 44
112.115856 44
112.137761 44
112.149456 44
112.183056 44
112.216656 44
112.384656 44
112.519056 44
112.552656 44
112.586256 44
112.619856 44
112.653456 44
115.349281 44
117.39074 44
122.943952 44
132.598467 44
132.632067 44
132.665667 44
132.699267 44
132.732867 44
132.766467 44
132.800067 44
132.833667 44
138.612321 44
138.808984 44
138.842584 44
138.876184 44
138.909784 44
138.943384 44
138.945121 44
139.279521 44
139.447384 44
139.480984 44
139.514584 44
139.548184 44
139.581784 44
139.716184 44
139.749784 44
139.783384 44
139.816984 44
139.850584 44
139.917784 44
139.951384 44
139.984984 44
140.018584 44
140.052184 44
140.287384 44
140.314401 44
140.320984 44
140.354584 44
140.388184 44
140.891291 44
140.924891 44
140.958491 44
140.992091 44
141.025691 44
161.075631 44
161.109231 44
161.142831 44
161.176431 44
161.210031 44
161.243631 44
161.277231 44
161.310831 44
161.344431 44
161.378031 44
161.411631 44
161.445231 44
161.478831 44
164.189881 44
164.205082 44
164.223481 44
164.458681 44
164.492281 44
166.255232 44
166.288832 44
166.322432 44
166.356032 44
166.591232 44
166.937507 44
166.971107 44
167.004707 44
167.038307 44
176.958966 44
177.400922 44
177.630966 44
177.634202 44
177.664566 44
