0 0 4800 0.01
0.10000000000000001 0 4800 0.01
0.20000000000000001 0 4800 0.01
0.30000000000000004 0 4800 0.01
0.40000000000000002 0 4800 0.01
0.5 0 4800 0.01
0.59999999999999998 0 4800 0.01
0.69999999999999996 0 4800 0.01
0.79999999999999993 0 4800 0.01
0.89999999999999991 0 4800 0.01
0.99999999999999989 0 4800 0.01
1.0999999999999999 848 212 0.01
1.2 848 212 0.01
1.3 848 212 0.01
1.4000000000000001 848 212 0.01
1.5000000000000002 848 212 0.01
1.6000000000000003 848 212 0.01
1.7000000000000004 848 212 0.01
1.8000000000000005 848 212 0.01
1.9000000000000006 848 212 0.01
2.0000000000000004 848 212 0.01
2.1000000000000005 848 212 0.01
2.2000000000000006 848 212 0.01
2.3000000000000007 848 212 0.01
2.4000000000000008 866 177 0.01
2.5000000000000009 866 177 0.01
2.600000000000001 866 177 0.01
2.7000000000000011 866 177 0.01
2.8000000000000012 866 177 0.01
2.9000000000000012 866 177 0.01
3.0000000000000013 866 177 0.01
3.1000000000000014 866 177 0.01
3.2000000000000015 866 177 0.01
3.3000000000000016 866 177 0.01
3.4000000000000017 866 177 0.01
3.5000000000000018 866 177 0.01
3.6000000000000019 883 150 0.01
3.700000000000002 883 150 0.01
3.800000000000002 883 150 0.01
3.9000000000000021 883 150 0.01
4.0000000000000018 883 150 0.01
4.1000000000000014 883 150 0.01
4.2000000000000011 883 150 0.01
4.3000000000000007 883 150 0.01
4.4000000000000004 883 150 0.01
4.5 883 150 0.01
4.5999999999999996 883 150 0.01
4.6999999999999993 883 150 0.01
4.7999999999999989 898 128 0.01
4.8999999999999986 898 128 0.01
4.9999999999999982 898 128 0.01
5.0999999999999979 898 128 0.01
5.1999999999999975 898 128 0.01
5.2999999999999972 898 128 0.01
5.3999999999999968 898 128 0.01
5.4999999999999964 898 128 0.01
5.5999999999999961 898 128 0.01
5.6999999999999957 898 128 0.01
5.7999999999999954 898 128 0.01
5.899999999999995 898 128 0.01
5.9999999999999947 898 128 0.01
6.0999999999999943 898 128 0.01
6.199999999999994 919 117 0.01
6.2999999999999936 919 117 0.01
6.3999999999999932 919 117 0.01
6.4999999999999929 919 117 0.01
6.5999999999999925 919 117 0.01
6.6999999999999922 919 117 0.01
6.7999999999999918 919 117 0.01
6.8999999999999915 919 117 0.01
6.9999999999999911 919 117 0.01
7.0999999999999908 919 117 0.01
7.1999999999999904 919 117 0.01
7.2999999999999901 919 117 0.01
7.3999999999999897 919 117 0.01
7.4999999999999893 919 117 0.01
7.599999999999989 919 117 0.01
7.6999999999999886 919 117 0.01
7.7999999999999883 971 140 0.01
7.8999999999999879 971 140 0.01
7.9999999999999876 971 140 0.01
8.0999999999999872 971 140 0.01
8.1999999999999869 971 140 0.01
8.2999999999999865 971 140 0.01
8.3999999999999861 971 140 0.01
8.4999999999999858 971 140 0.01
8.5999999999999854 971 140 0.01
8.6999999999999851 971 140 0.01
8.7999999999999847 971 140 0.01
8.8999999999999844 971 140 0.01
8.999999999999984 971 140 0.01
9.0999999999999837 971 140 0.01
9.1999999999999833 971 140 0.01
9.2999999999999829 971 140 0.01
9.3999999999999826 971 140 0.01
9.4999999999999822 1017 151 0.01
9.5999999999999819 1017 151 0.01
9.6999999999999815 1017 151 0.01
9.7999999999999812 1017 151 0.01
9.8999999999999808 1017 151 0.01
9.9999999999999805 1017 151 0.01
10.09999999999998 1017 151 0.01
10.19999999999998 1017 151 0.01
10.299999999999979 1017 151 0.01
10.399999999999979 1017 151 0.01
10.499999999999979 1017 151 0.01
10.599999999999978 1017 151 0.01
10.699999999999978 1017 151 0.01
10.799999999999978 1017 151 0.01
10.899999999999977 1017 151 0.01
10.999999999999977 1017 151 0.01
11.099999999999977 1017 151 0.01
11.199999999999976 1056 153 0.01
11.299999999999976 1056 153 0.01
11.399999999999975 1056 153 0.01
11.499999999999975 1056 153 0.01
11.599999999999975 1056 153 0.01
11.699999999999974 1056 153 0.01
11.799999999999974 1056 153 0.01
11.899999999999974 1056 153 0.01
11.999999999999973 1056 153 0.01
12.099999999999973 1056 153 0.01
12.199999999999973 1056 153 0.01
12.299999999999972 1056 153 0.01
12.399999999999972 1056 153 0.01
12.499999999999972 1056 153 0.01
12.599999999999971 1056 153 0.01
12.699999999999971 1056 153 0.01
12.799999999999971 1091 150 0.01
12.89999999999997 1091 150 0.01
12.99999999999997 1091 150 0.01
13.099999999999969 1091 150 0.01
13.199999999999969 1091 150 0.01
13.299999999999969 1091 150 0.01
13.399999999999968 1091 150 0.01
13.499999999999968 1091 150 0.01
13.599999999999968 1091 150 0.01
13.699999999999967 1091 150 0.01
13.799999999999967 1091 150 0.01
13.899999999999967 1091 150 0.01
13.999999999999966 1091 150 0.01
14.099999999999966 1091 150 0.01
14.199999999999966 1091 150 0.01
14.299999999999965 1091 150 0.01
14.399999999999965 1091 150 0.01
14.499999999999964 1121 143 0.01
14.599999999999964 1121 143 0.01
14.699999999999964 1121 143 0.01
14.799999999999963 1121 143 0.01
14.899999999999963 1121 143 0.01
14.999999999999963 1121 143 0.01
15.099999999999962 1121 143 0.01
15.199999999999962 1121 143 0.01
15.299999999999962 1121 143 0.01
15.399999999999961 1121 143 0.01
15.499999999999961 1121 143 0.01
15.599999999999961 1121 143 0.01
15.69999999999996 1121 143 0.01
15.79999999999996 1121 143 0.01
15.899999999999959 1121 143 0.01
15.999999999999959 1121 143 0.01
16.099999999999959 1121 143 0.01
16.19999999999996 1147 134 0.01
16.299999999999962 1147 134 0.01
16.399999999999963 1147 134 0.01
16.499999999999964 1147 134 0.01
16.599999999999966 1147 134 0.01
16.699999999999967 1147 134 0.01
16.799999999999969 1147 134 0.01
16.89999999999997 1147 134 0.01
16.999999999999972 1147 134 0.01
17.099999999999973 1147 134 0.01
17.199999999999974 1147 134 0.01
17.299999999999976 1147 134 0.01
17.399999999999977 1147 134 0.01
17.499999999999979 1147 134 0.01
17.59999999999998 1147 134 0.01
17.699999999999982 1147 134 0.01
17.799999999999983 1171 125 0.01
17.899999999999984 1171 125 0.01
17.999999999999986 1171 125 0.01
18.099999999999987 1171 125 0.01
18.199999999999989 1171 125 0.01
18.29999999999999 1171 125 0.01
18.399999999999991 1171 125 0.01
18.499999999999993 1171 125 0.01
18.599999999999994 1171 125 0.01
18.699999999999996 1171 125 0.01
18.799999999999997 1171 125 0.01
18.899999999999999 1171 125 0.01
19 1171 125 0.01
19.100000000000001 1171 125 0.01
19.200000000000003 1171 125 0.01
19.300000000000004 1171 125 0.01
19.400000000000006 1171 125 0.01
19.500000000000007 1191 114 0.01
19.600000000000009 1191 114 0.01
19.70000000000001 1191 114 0.01
19.800000000000011 1191 114 0.01
19.900000000000013 1191 114 0.01
20.000000000000014 1191 114 0.01
20.100000000000016 1191 114 0.01
20.200000000000017 1191 114 0.01
20.300000000000018 1191 114 0.01
20.40000000000002 1191 114 0.01
20.500000000000021 1191 114 0.01
20.600000000000023 1191 114 0.01
20.700000000000024 1191 114 0.01
20.800000000000026 1191 114 0.01
20.900000000000027 1191 114 0.01
21.000000000000028 1191 114 0.01
21.10000000000003 1191 114 0.01
21.200000000000031 1210 105 0.01
21.300000000000033 1210 105 0.01
21.400000000000034 1210 105 0.01
21.500000000000036 1210 105 0.01
21.600000000000037 1210 105 0.01
21.700000000000038 1210 105 0.01
21.80000000000004 1210 105 0.01
21.900000000000041 1210 105 0.01
22.000000000000043 1210 105 0.01
22.100000000000044 1210 105 0.01
22.200000000000045 1210 105 0.01
22.300000000000047 1210 105 0.01
22.400000000000048 1210 105 0.01
22.50000000000005 1210 105 0.01
22.600000000000051 1210 105 0.01
22.700000000000053 1210 105 0.01
22.800000000000054 1225 94 0.01
22.900000000000055 1225 94 0.01
23.000000000000057 1225 94 0.01
23.100000000000058 1225 94 0.01
23.20000000000006 1225 94 0.01
23.300000000000061 1225 94 0.01
23.400000000000063 1225 94 0.01
23.500000000000064 1225 94 0.01
23.600000000000065 1225 94 0.01
23.700000000000067 1225 94 0.01
23.800000000000068 1225 94 0.01
23.90000000000007 1225 94 0.01
24.000000000000071 1225 94 0.01
24.100000000000072 1225 94 0.01
24.200000000000074 1225 94 0.01
24.300000000000075 1225 94 0.01
24.400000000000077 1225 94 0.01
24.500000000000078 1225 94 0.01
24.60000000000008 1225 94 0.01
24.700000000000081 1225 94 0.01
24.800000000000082 1225 94 0.01
24.900000000000084 1225 94 0.01
25.000000000000085 1225 94 0.01
25.100000000000087 1225 94 0.01
25.200000000000088 1225 94 0.01
25.30000000000009 1225 94 0.01
25.400000000000091 1225 94 0.01
25.500000000000092 1225 94 0.01
25.600000000000094 1225 94 0.01
25.700000000000095 1225 94 0.01
25.800000000000097 1225 94 0.01
25.900000000000098 1225 94 0.01
26.000000000000099 1225 94 0.01
26.100000000000101 1225 94 0.01
26.200000000000102 1225 94 0.01
26.300000000000104 1225 94 0.01
26.400000000000105 1225 94 0.01
26.500000000000107 1225 94 0.01
26.600000000000108 1225 94 0.01
26.700000000000109 1225 94 0.01
26.800000000000111 1225 94 0.01
26.900000000000112 1225 94 0.01
27.000000000000114 1225 94 0.01
27.100000000000115 1225 94 0.01
27.200000000000117 1225 94 0.01
27.300000000000118 1225 94 0.01
27.400000000000119 1225 94 0.01
27.500000000000121 1225 94 0.01
27.600000000000122 1225 94 0.01
27.700000000000124 1225 94 0.01
27.800000000000125 1225 94 0.01
27.900000000000126 1225 94 0.01
28.000000000000128 1225 94 0.01
28.100000000000129 1225 94 0.01
28.200000000000131 1225 94 0.01
28.300000000000132 1225 94 0.01
28.400000000000134 1225 94 0.01
28.500000000000135 1225 94 0.01
28.600000000000136 1225 94 0.01
28.700000000000138 1225 94 0.01
28.800000000000139 1225 94 0.01
28.900000000000141 1225 94 0.01
29.000000000000142 1225 94 0.01
29.100000000000144 1225 94 0.01
29.200000000000145 1225 94 0.01
29.300000000000146 1225 94 0.01
29.400000000000148 1225 94 0.01
29.500000000000149 1225 94 0.01
29.600000000000151 1225 94 0.01
29.700000000000152 1225 94 0.01
29.800000000000153 1225 94 0.01
29.900000000000155 1225 94 0.01
30.000000000000156 1225 94 0.01
30.100000000000158 1225 94 0.01
30.200000000000159 1197 99 0.01
30.300000000000161 1197 99 0.01
30.400000000000162 1197 99 0.01
30.500000000000163 1197 99 0.01
30.600000000000165 1197 99 0.01
30.700000000000166 1197 99 0.01
30.800000000000168 1197 99 0.01
30.900000000000169 1197 99 0.01
31.000000000000171 1197 99 0.01
31.100000000000172 1197 99 0.01
31.200000000000173 1197 99 0.01
31.300000000000175 1197 99 0.01
31.400000000000176 1197 99 0.01
31.500000000000178 1197 99 0.01
31.600000000000179 1173 99 0.01
31.70000000000018 1173 99 0.01
31.800000000000182 1173 99 0.01
31.900000000000183 1173 99 0.01
32.000000000000185 1173 99 0.01
32.100000000000186 1173 99 0.01
32.200000000000188 1173 99 0.01
32.300000000000189 1173 99 0.01
32.40000000000019 1173 99 0.01
32.500000000000192 1173 99 0.01
32.600000000000193 1173 99 0.01
32.700000000000195 1173 99 0.01
32.800000000000196 1152 96 0.01
32.900000000000198 1152 96 0.01
33.000000000000199 1152 96 0.01
33.1000000000002 1152 96 0.01
33.200000000000202 1152 96 0.01
33.300000000000203 1152 96 0.01
33.400000000000205 1152 96 0.01
33.500000000000206 1152 96 0.01
33.600000000000207 1152 96 0.01
33.700000000000209 1152 96 0.01
33.80000000000021 1152 96 0.01
33.900000000000212 1152 96 0.01
34.000000000000213 1152 96 0.01
34.100000000000215 1152 96 0.01
34.200000000000216 1152 96 0.01
34.300000000000217 1152 96 0.01
34.400000000000219 1162 82 0.01
34.50000000000022 1162 82 0.01
34.600000000000222 1162 82 0.01
34.700000000000223 1162 82 0.01
34.800000000000225 1162 82 0.01
34.900000000000226 1162 82 0.01
35.000000000000227 1162 82 0.01
35.100000000000229 1162 82 0.01
35.20000000000023 1162 82 0.01
35.300000000000232 1162 82 0.01
35.400000000000233 1162 82 0.01
35.500000000000234 1162 82 0.01
35.600000000000236 1162 82 0.01
35.700000000000237 1162 82 0.01
35.800000000000239 1162 82 0.01
35.90000000000024 1162 82 0.01
36.000000000000242 1183 83 0.01
36.100000000000243 1183 83 0.01
36.200000000000244 1183 83 0.01
36.300000000000246 1183 83 0.01
36.400000000000247 1183 83 0.01
36.500000000000249 1183 83 0.01
36.60000000000025 1183 83 0.01
36.700000000000252 1183 83 0.01
36.800000000000253 1183 83 0.01
36.900000000000254 1183 83 0.01
37.000000000000256 1183 83 0.01
37.100000000000257 1183 83 0.01
37.200000000000259 1183 83 0.01
37.30000000000026 1183 83 0.01
37.400000000000261 1173 73 0.01
37.500000000000263 1173 73 0.01
37.600000000000264 1173 73 0.01
37.700000000000266 1173 73 0.01
37.800000000000267 1173 73 0.01
37.900000000000269 1173 73 0.01
38.00000000000027 1173 73 0.01
38.100000000000271 1173 73 0.01
38.200000000000273 1173 73 0.01
38.300000000000274 1173 73 0.01
38.400000000000276 1173 73 0.01
38.500000000000277 1173 73 0.01
38.600000000000279 1173 73 0.01
38.70000000000028 1173 73 0.01
38.800000000000281 1173 73 0.01
38.900000000000283 1173 73 0.01
39.000000000000284 1173 73 0.01
39.100000000000286 1173 73 0.01
39.200000000000287 1173 73 0.01
39.300000000000288 1173 73 0.01
39.40000000000029 1224 106 0.01
39.500000000000291 1224 106 0.01
39.600000000000293 1224 106 0.01
39.700000000000294 1224 106 0.01
39.800000000000296 1224 106 0.01
39.900000000000297 1224 106 0.01
40.000000000000298 1224 106 0.01
40.1000000000003 1224 106 0.01
40.200000000000301 1224 106 0.01
40.300000000000303 1224 106 0.01
40.400000000000304 1224 106 0.01
40.500000000000306 1224 106 0.01
40.600000000000307 1224 106 0.01
40.700000000000308 1224 106 0.01
40.80000000000031 1224 106 0.01
40.900000000000311 1224 106 0.01
41.000000000000313 1224 106 0.01
41.100000000000314 1224 106 0.01
41.200000000000315 1224 106 0.01
41.300000000000317 1224 106 0.01
41.400000000000318 1224 106 0.01
41.50000000000032 1224 106 0.01
41.600000000000321 1224 106 0.01
41.700000000000323 1224 106 0.01
41.800000000000324 1309 165 0.01
41.900000000000325 1309 165 0.01
42.000000000000327 1309 165 0.01
42.100000000000328 1309 165 0.01
42.20000000000033 1309 165 0.01
42.300000000000331 1309 165 0.01
42.400000000000333 1309 165 0.01
42.500000000000334 1309 165 0.01
42.600000000000335 1309 165 0.01
42.700000000000337 1309 165 0.01
42.800000000000338 1309 165 0.01
42.90000000000034 1309 165 0.01
43.000000000000341 1309 165 0.01
43.100000000000342 1309 165 0.01
43.200000000000344 1309 165 0.01
43.300000000000345 1309 165 0.01
43.400000000000347 1309 165 0.01
43.500000000000348 1309 165 0.01
43.60000000000035 1309 165 0.01
43.700000000000351 1309 165 0.01
43.800000000000352 1349 164 0.01
43.900000000000354 1349 164 0.01
44.000000000000355 1349 164 0.01
44.100000000000357 1349 164 0.01
44.200000000000358 1349 164 0.01
44.30000000000036 1349 164 0.01
44.400000000000361 1349 164 0.01
44.500000000000362 1349 164 0.01
44.600000000000364 1349 164 0.01
44.700000000000365 1349 164 0.01
44.800000000000367 1349 164 0.01
44.900000000000368 1349 164 0.01
45.000000000000369 1349 164 0.01
45.100000000000371 1349 164 0.01
45.200000000000372 1349 164 0.01
45.300000000000374 1349 164 0.01
45.400000000000375 1349 164 0.01
45.500000000000377 1349 164 0.01
45.600000000000378 1349 164 0.01
45.700000000000379 1349 164 0.01
45.800000000000381 1349 164 0.01
45.900000000000382 1349 164 0.01
46.000000000000384 1349 164 0.01
46.100000000000385 1349 164 0.01
46.200000000000387 1349 164 0.01
46.300000000000388 1349 164 0.01
46.400000000000389 1349 164 0.01
46.500000000000391 1349 164 0.01
46.600000000000392 1466 240 0.01
46.700000000000394 1466 240 0.01
46.800000000000395 1466 240 0.01
46.900000000000396 1466 240 0.01
47.000000000000398 1466 240 0.01
47.100000000000399 1466 240 0.01
47.200000000000401 1466 240 0.01
47.300000000000402 1466 240 0.01
47.400000000000404 1466 240 0.01
47.500000000000405 1466 240 0.01
47.600000000000406 1466 240 0.01
47.700000000000408 1466 240 0.01
47.800000000000409 1466 240 0.01
47.900000000000411 1466 240 0.01
48.000000000000412 1466 240 0.01
48.100000000000414 1466 240 0.01
48.200000000000415 1466 240 0.01
48.300000000000416 1466 240 0.01
48.400000000000418 1466 240 0.01
48.500000000000419 1466 240 0.01
48.600000000000421 1466 240 0.01
48.700000000000422 1466 240 0.01
48.800000000000423 1466 240 0.01
48.900000000000425 1466 240 0.01
49.000000000000426 1466 240 0.01
49.100000000000428 1466 240 0.01
49.200000000000429 1466 240 0.01
49.300000000000431 1466 240 0.01
49.400000000000432 1466 240 0.01
49.500000000000433 1466 240 0.01
49.600000000000435 1466 240 0.01
49.700000000000436 1466 240 0.01
49.800000000000438 1466 240 0.01
49.900000000000439 1466 240 0.01
50.000000000000441 1466 240 0.01
50.100000000000442 1466 240 0.01
50.200000000000443 1466 240 0.01
50.300000000000445 1466 240 0.01
50.400000000000446 1466 240 0.01
50.500000000000448 1466 240 0.01
50.600000000000449 1466 240 0.01
50.70000000000045 1466 240 0.01
50.800000000000452 1466 240 0.01
50.900000000000453 1466 240 0.01
51.000000000000455 1466 240 0.01
51.100000000000456 1466 240 0.01
51.200000000000458 1466 240 0.01
51.300000000000459 1466 240 0.01
51.40000000000046 1466 240 0.01
51.500000000000462 1466 240 0.01
51.600000000000463 1466 240 0.01
51.700000000000465 1466 240 0.01
51.800000000000466 1466 240 0.01
51.900000000000468 1466 240 0.01
52.000000000000469 1466 240 0.01
52.10000000000047 1466 240 0.01
52.200000000000472 1466 240 0.01
52.300000000000473 1466 240 0.01
52.400000000000475 1466 240 0.01
52.500000000000476 1466 240 0.01
52.600000000000477 1466 240 0.01
52.700000000000479 1466 240 0.01
52.80000000000048 1466 240 0.01
52.900000000000482 1466 240 0.01
53.000000000000483 1466 240 0.01
53.100000000000485 1466 240 0.01
53.200000000000486 1466 240 0.01
53.300000000000487 1466 240 0.01
53.400000000000489 1466 240 0.01
53.50000000000049 1466 240 0.01
53.600000000000492 1466 240 0.01
53.700000000000493 1466 240 0.01
53.800000000000495 1466 240 0.01
53.900000000000496 1466 240 0.01
54.000000000000497 1466 240 0.01
54.100000000000499 1466 240 0.01
54.2000000000005 1466 240 0.01
54.300000000000502 1466 240 0.01
54.400000000000503 1466 240 0.01
54.500000000000504 1466 240 0.01
54.600000000000506 1466 240 0.01
54.700000000000507 1466 240 0.01
54.800000000000509 1466 240 0.01
54.90000000000051 1466 240 0.01
55.000000000000512 1466 240 0.01
55.100000000000513 1466 240 0.01
55.200000000000514 1466 240 0.01
55.300000000000516 1466 240 0.01
55.400000000000517 1466 240 0.01
55.500000000000519 1466 240 0.01
55.60000000000052 1466 240 0.01
55.700000000000522 1466 240 0.01
55.800000000000523 1466 240 0.01
55.900000000000524 1466 240 0.01
56.000000000000526 1466 240 0.01
56.100000000000527 1466 240 0.01
56.200000000000529 1466 240 0.01
56.30000000000053 1466 240 0.01
56.400000000000531 1466 240 0.01
56.500000000000533 1466 240 0.01
56.600000000000534 1466 240 0.01
56.700000000000536 1466 240 0.01
56.800000000000537 1466 240 0.01
56.900000000000539 1466 240 0.01
57.00000000000054 1466 240 0.01
57.100000000000541 1466 240 0.01
57.200000000000543 1466 240 0.01
57.300000000000544 1466 240 0.01
57.400000000000546 1466 240 0.01
57.500000000000547 1466 240 0.01
57.600000000000549 1466 240 0.01
57.70000000000055 1466 240 0.01
57.800000000000551 1466 240 0.01
57.900000000000553 1466 240 0.01
58.000000000000554 1466 240 0.01
58.100000000000556 1466 240 0.01
58.200000000000557 1466 240 0.01
58.300000000000558 1466 240 0.01
58.40000000000056 1466 240 0.01
58.500000000000561 1466 240 0.01
58.600000000000563 1466 240 0.01
58.700000000000564 1466 240 0.01
58.800000000000566 1466 240 0.01
58.900000000000567 1466 240 0.01
59.000000000000568 1466 240 0.01
59.10000000000057 1466 240 0.01
59.200000000000571 1466 240 0.01
59.300000000000573 1466 240 0.01
59.400000000000574 1466 240 0.01
59.500000000000576 1466 240 0.01
59.600000000000577 1466 240 0.01
59.700000000000578 1466 240 0.01
59.80000000000058 1466 240 0.01
59.900000000000581 1466 240 0.01
60.000000000000583 1466 240 0.01
60.100000000000584 1466 240 0.01
60.200000000000585 1466 240 0.01
60.300000000000587 1466 240 0.01
60.400000000000588 1466 240 0.01
60.50000000000059 1441 205 0.01
60.600000000000591 1441 205 0.01
60.700000000000593 1441 205 0.01
60.800000000000594 1441 205 0.01
60.900000000000595 1441 205 0.01
61.000000000000597 1441 205 0.01
61.100000000000598 1441 205 0.01
61.2000000000006 1441 205 0.01
61.300000000000601 1441 205 0.01
61.400000000000603 1441 205 0.01
61.500000000000604 1441 205 0.01
61.600000000000605 1441 205 0.01
61.700000000000607 1441 205 0.01
61.800000000000608 1441 205 0.01
61.90000000000061 1441 205 0.01
62.000000000000611 1441 205 0.01
62.100000000000612 1441 205 0.01
62.200000000000614 1441 205 0.01
62.300000000000615 1435 160 0.01
62.400000000000617 1435 160 0.01
62.500000000000618 1435 160 0.01
62.60000000000062 1435 160 0.01
62.700000000000621 1435 160 0.01
62.800000000000622 1435 160 0.01
62.900000000000624 1435 160 0.01
63.000000000000625 1435 160 0.01
63.100000000000627 1435 160 0.01
63.200000000000628 1435 160 0.01
63.30000000000063 1435 160 0.01
63.400000000000631 1435 160 0.01
63.500000000000632 1435 160 0.01
63.600000000000634 1435 160 0.01
63.700000000000635 1435 160 0.01
63.800000000000637 1435 160 0.01
63.900000000000638 1435 160 0.01
64.000000000000639 1435 160 0.01
64.100000000000634 1435 160 0.01
64.200000000000628 1435 160 0.01
64.300000000000622 1454 139 0.01
64.400000000000617 1454 139 0.01
64.500000000000611 1454 139 0.01
64.600000000000605 1454 139 0.01
64.7000000000006 1454 139 0.01
64.800000000000594 1454 139 0.01
64.900000000000588 1454 139 0.01
65.000000000000583 1454 139 0.01
65.100000000000577 1454 139 0.01
65.200000000000571 1454 139 0.01
65.300000000000566 1454 139 0.01
65.40000000000056 1454 139 0.01
65.500000000000554 1454 139 0.01
65.600000000000549 1454 139 0.01
65.700000000000543 1454 139 0.01
65.800000000000537 1454 139 0.01
65.900000000000531 1454 139 0.01
66.000000000000526 1444 115 0.01
66.10000000000052 1444 115 0.01
66.200000000000514 1444 115 0.01
66.300000000000509 1444 115 0.01
66.400000000000503 1444 115 0.01
66.500000000000497 1444 115 0.01
66.600000000000492 1444 115 0.01
66.700000000000486 1444 115 0.01
66.80000000000048 1444 115 0.01
66.900000000000475 1444 115 0.01
67.000000000000469 1444 115 0.01
67.100000000000463 1444 115 0.01
67.200000000000458 1444 115 0.01
67.300000000000452 1444 115 0.01
67.400000000000446 1444 115 0.01
67.500000000000441 1444 115 0.01
67.600000000000435 1444 115 0.01
67.700000000000429 1441 90 0.01
67.800000000000423 1441 90 0.01
67.900000000000418 1441 90 0.01
68.000000000000412 1441 90 0.01
68.100000000000406 1441 90 0.01
68.200000000000401 1441 90 0.01
68.300000000000395 1441 90 0.01
68.400000000000389 1441 90 0.01
68.500000000000384 1441 90 0.01
68.600000000000378 1441 90 0.01
68.700000000000372 1441 90 0.01
68.800000000000367 1441 90 0.01
68.900000000000361 1441 90 0.01
69.000000000000355 1441 90 0.01
69.10000000000035 1441 90 0.01
69.200000000000344 1441 90 0.01
69.300000000000338 1441 90 0.01
69.400000000000333 1441 90 0.01
69.500000000000327 1441 90 0.01
69.600000000000321 1452 79 0.01
69.700000000000315 1452 79 0.01
69.80000000000031 1452 79 0.01
69.900000000000304 1452 79 0.01
70.000000000000298 1452 79 0.01
70.100000000000293 1452 79 0.01
70.200000000000287 1452 79 0.01
70.300000000000281 1452 79 0.01
70.400000000000276 1452 79 0.01
70.50000000000027 1452 79 0.01
70.600000000000264 1452 79 0.01
70.700000000000259 1452 79 0.01
70.800000000000253 1452 79 0.01
70.900000000000247 1452 79 0.01
71.000000000000242 1452 79 0.01
71.100000000000236 1452 79 0.01
71.20000000000023 1452 79 0.01
71.300000000000225 1452 79 0.01
71.400000000000219 1452 79 0.01
71.500000000000213 1454 62 0.01
71.600000000000207 1454 62 0.01
71.700000000000202 1454 62 0.01
71.800000000000196 1454 62 0.01
71.90000000000019 1454 62 0.01
72.000000000000185 1454 62 0.01
72.100000000000179 1454 62 0.01
72.200000000000173 1454 62 0.01
72.300000000000168 1454 62 0.01
72.400000000000162 1454 62 0.01
72.500000000000156 1454 62 0.01
72.600000000000151 1454 62 0.01
72.700000000000145 1454 62 0.01
72.800000000000139 1454 62 0.01
72.900000000000134 1454 62 0.01
73.000000000000128 1454 62 0.01
73.100000000000122 1454 62 0.01
73.200000000000117 1454 62 0.01
73.300000000000111 1454 62 0.01
73.400000000000105 1454 62 0.01
73.500000000000099 1454 62 0.01
73.600000000000094 1454 62 0.01
73.700000000000088 1454 62 0.01
73.800000000000082 1454 62 0.01
73.900000000000077 1454 62 0.01
74.000000000000071 1454 62 0.01
74.100000000000065 1454 62 0.01
74.20000000000006 1544 137 0.01
74.300000000000054 1544 137 0.01
74.400000000000048 1544 137 0.01
74.500000000000043 1544 137 0.01
74.600000000000037 1544 137 0.01
74.700000000000031 1544 137 0.01
74.800000000000026 1544 137 0.01
74.90000000000002 1544 137 0.01
75.000000000000014 1544 137 0.01
75.100000000000009 1544 137 0.01
75.200000000000003 1544 137 0.01
75.299999999999997 1544 137 0.01
75.399999999999991 1544 137 0.01
75.499999999999986 1544 137 0.01
75.59999999999998 1544 137 0.01
75.699999999999974 1544 137 0.01
75.799999999999969 1544 137 0.01
75.899999999999963 1544 137 0.01
75.999999999999957 1544 137 0.01
76.099999999999952 1544 137 0.01
76.199999999999946 1544 137 0.01
76.29999999999994 1544 137 0.01
76.399999999999935 1544 137 0.01
76.499999999999929 1544 137 0.01
76.599999999999923 1544 137 0.01
76.699999999999918 1544 137 0.01
76.799999999999912 1544 137 0.01
76.899999999999906 1544 137 0.01
76.999999999999901 1544 137 0.01
77.099999999999895 1544 137 0.01
77.199999999999889 1544 137 0.01
77.299999999999883 1544 137 0.01
77.399999999999878 1544 137 0.01
77.499999999999872 1544 137 0.01
77.599999999999866 1544 137 0.01
77.699999999999861 1544 137 0.01
77.799999999999855 1544 137 0.01
77.899999999999849 1544 137 0.01
77.999999999999844 1544 137 0.01
78.099999999999838 1544 137 0.01
78.199999999999832 1544 137 0.01
78.299999999999827 1544 137 0.01
78.399999999999821 1544 137 0.01
78.499999999999815 1544 137 0.01
78.59999999999981 1544 137 0.01
78.699999999999804 1544 137 0.01
78.799999999999798 1544 137 0.01
78.899999999999793 1544 137 0.01
78.999999999999787 1544 137 0.01
79.099999999999781 1544 137 0.01
79.199999999999775 1544 137 0.01
79.29999999999977 1544 137 0.01
79.399999999999764 1544 137 0.01
79.499999999999758 1544 137 0.01
79.599999999999753 1544 137 0.01
79.699999999999747 1544 137 0.01
79.799999999999741 1544 137 0.01
79.899999999999736 1544 137 0.01
79.99999999999973 1544 137 0.01
80.099999999999724 1544 137 0.01
80.199999999999719 1544 137 0.01
80.299999999999713 1544 137 0.01
80.399999999999707 1544 137 0.01
80.499999999999702 1544 137 0.01
80.599999999999696 1544 137 0.01
80.69999999999969 1544 137 0.01
80.799999999999685 1544 137 0.01
80.899999999999679 1544 137 0.01
80.999999999999673 1544 137 0.01
81.099999999999667 1544 137 0.01
81.199999999999662 1544 137 0.01
81.299999999999656 1544 137 0.01
81.39999999999965 1544 137 0.01
81.499999999999645 1544 137 0.01
81.599999999999639 1544 137 0.01
81.699999999999633 1544 137 0.01
81.799999999999628 1544 137 0.01
81.899999999999622 1544 137 0.01
81.999999999999616 1544 137 0.01
82.099999999999611 1544 137 0.01
82.199999999999605 1544 137 0.01
82.299999999999599 1544 137 0.01
82.399999999999594 1544 137 0.01
82.499999999999588 1544 137 0.01
82.599999999999582 1544 137 0.01
82.699999999999577 1544 137 0.01
82.799999999999571 1544 137 0.01
82.899999999999565 1544 137 0.01
82.999999999999559 1544 137 0.01
83.099999999999554 1544 137 0.01
83.199999999999548 1544 137 0.01
83.299999999999542 1544 137 0.01
83.399999999999537 1544 137 0.01
83.499999999999531 1544 137 0.01
83.599999999999525 1544 137 0.01
83.69999999999952 1544 137 0.01
83.799999999999514 1544 137 0.01
83.899999999999508 1544 137 0.01
83.999999999999503 1544 137 0.01
84.099999999999497 1544 137 0.01
84.199999999999491 1544 137 0.01
84.299999999999486 1544 137 0.01
84.39999999999948 1544 137 0.01
84.499999999999474 1544 137 0.01
84.599999999999469 1544 137 0.01
84.699999999999463 1476 171 0.01
84.799999999999457 1476 171 0.01
84.899999999999451 1476 171 0.01
84.999999999999446 1476 171 0.01
85.09999999999944 1476 171 0.01
85.199999999999434 1476 171 0.01
85.299999999999429 1476 171 0.01
85.399999999999423 1476 171 0.01
85.499999999999417 1476 171 0.01
85.599999999999412 1476 171 0.01
85.699999999999406 1476 171 0.01
85.7999999999994 1476 171 0.01
85.899999999999395 1417 188 0.01
85.999999999999389 1417 188 0.01
86.099999999999383 1417 188 0.01
86.199999999999378 1417 188 0.01
86.299999999999372 1417 188 0.01
86.399999999999366 1417 188 0.01
86.499999999999361 1417 188 0.01
86.599999999999355 1417 188 0.01
86.699999999999349 1417 188 0.01
86.799999999999343 1417 188 0.01
86.899999999999338 1417 188 0.01
86.999999999999332 1417 188 0.01
87.099999999999326 1417 188 0.01
87.199999999999321 1365 193 0.01
87.299999999999315 1365 193 0.01
87.399999999999309 1365 193 0.01
87.499999999999304 1365 193 0.01
87.599999999999298 1365 193 0.01
87.699999999999292 1365 193 0.01
87.799999999999287 1365 193 0.01
87.899999999999281 1365 193 0.01
87.999999999999275 1365 193 0.01
88.09999999999927 1365 193 0.01
88.199999999999264 1365 193 0.01
88.299999999999258 1365 193 0.01
88.399999999999253 1365 193 0.01
88.499999999999247 1323 187 0.01
88.599999999999241 1323 187 0.01
88.699999999999235 1323 187 0.01
88.79999999999923 1323 187 0.01
88.899999999999224 1323 187 0.01
88.999999999999218 1323 187 0.01
89.099999999999213 1323 187 0.01
89.199999999999207 1323 187 0.01
89.299999999999201 1323 187 0.01
89.399999999999196 1323 187 0.01
89.49999999999919 1323 187 0.01
89.599999999999184 1323 187 0.01
89.699999999999179 1323 187 0.01
89.799999999999173 1323 187 0.01
89.899999999999167 1323 187 0.01
89.999999999999162 1323 187 0.01
90.099999999999156 1323 187 0.01
90.19999999999915 1323 187 0.01
90.299999999999145 1323 187 0.01
90.399999999999139 1352 170 0.01
90.499999999999133 1352 170 0.01
90.599999999999127 1352 170 0.01
90.699999999999122 1352 170 0.01
90.799999999999116 1352 170 0.01
90.89999999999911 1352 170 0.01
90.999999999999105 1352 170 0.01
91.099999999999099 1352 170 0.01
91.199999999999093 1352 170 0.01
91.299999999999088 1352 170 0.01
91.399999999999082 1352 170 0.01
91.499999999999076 1352 170 0.01
91.599999999999071 1352 170 0.01
91.699999999999065 1352 170 0.01
91.799999999999059 1352 170 0.01
91.899999999999054 1352 170 0.01
91.999999999999048 1341 139 0.01
92.099999999999042 1341 139 0.01
92.199999999999037 1341 139 0.01
92.299999999999031 1341 139 0.01
92.399999999999025 1341 139 0.01
92.499999999999019 1341 139 0.01
92.599999999999014 1341 139 0.01
92.699999999999008 1341 139 0.01
92.799999999999002 1341 139 0.01
92.899999999998997 1341 139 0.01
92.999999999998991 1341 139 0.01
93.099999999998985 1341 139 0.01
93.19999999999898 1341 139 0.01
93.299999999998974 1341 139 0.01
93.399999999998968 1341 139 0.01
93.499999999998963 1341 139 0.01
93.599999999998957 1341 139 0.01
93.699999999998951 1341 139 0.01
93.799999999998946 1341 139 0.01
93.89999999999894 1341 139 0.01
93.999999999998934 1341 139 0.01
94.099999999998929 1341 139 0.01
94.199999999998923 1341 139 0.01
94.299999999998917 1408 172 0.01
94.399999999998911 1408 172 0.01
94.499999999998906 1408 172 0.01
94.5999999999989 1408 172 0.01
94.699999999998894 1408 172 0.01
94.799999999998889 1408 172 0.01
94.899999999998883 1408 172 0.01
94.999999999998877 1408 172 0.01
95.099999999998872 1408 172 0.01
95.199999999998866 1408 172 0.01
95.29999999999886 1408 172 0.01
95.399999999998855 1408 172 0.01
95.499999999998849 1408 172 0.01
95.599999999998843 1408 172 0.01
95.699999999998838 1408 172 0.01
95.799999999998832 1408 172 0.01
95.899999999998826 1408 172 0.01
95.99999999999882 1408 172 0.01
96.099999999998815 1408 172 0.01
96.199999999998809 1408 172 0.01
96.299999999998803 1408 172 0.01
96.399999999998798 1408 172 0.01
96.499999999998792 1408 172 0.01
96.599999999998786 1408 172 0.01
96.699999999998781 1408 172 0.01
96.799999999998775 1408 172 0.01
96.899999999998769 1486 207 0.01
96.999999999998764 1486 207 0.01
97.099999999998758 1486 207 0.01
97.199999999998752 1486 207 0.01
97.299999999998747 1486 207 0.01
97.399999999998741 1486 207 0.01
97.499999999998735 1486 207 0.01
97.59999999999873 1486 207 0.01
97.699999999998724 1486 207 0.01
97.799999999998718 1486 207 0.01
97.899999999998712 1486 207 0.01
97.999999999998707 1486 207 0.01
98.099999999998701 1486 207 0.01
98.199999999998695 1486 207 0.01
98.29999999999869 1486 207 0.01
98.399999999998684 1486 207 0.01
98.499999999998678 1486 207 0.01
98.599999999998673 1486 207 0.01
98.699999999998667 1486 207 0.01
98.799999999998661 1486 207 0.01
98.899999999998656 1486 207 0.01
98.99999999999865 1486 207 0.01
99.099999999998644 1486 207 0.01
99.199999999998639 1486 207 0.01
99.299999999998633 1486 207 0.01
99.399999999998627 1486 207 0.01
99.499999999998622 1486 207 0.01
99.599999999998616 1486 207 0.01
99.69999999999861 1486 207 0.01
99.799999999998604 1486 207 0.01
99.899999999998599 1486 207 0.01
99.999999999998593 1486 207 0.01
100.09999999999859 1486 207 0.01
100.19999999999858 1486 207 0.01
100.29999999999858 1486 207 0.01
100.39999999999857 1486 207 0.01
100.49999999999856 1486 207 0.01
100.59999999999856 1486 207 0.01
100.69999999999855 1486 207 0.01
100.79999999999855 1486 207 0.01
100.89999999999854 1486 207 0.01
100.99999999999854 1486 207 0.01
101.09999999999853 1486 207 0.01
101.19999999999852 1486 207 0.01
101.29999999999852 1486 207 0.01
101.39999999999851 1486 207 0.01
101.49999999999851 1486 207 0.01
101.5999999999985 1486 207 0.01
101.6999999999985 1486 207 0.01
101.79999999999849 1486 207 0.01
101.89999999999849 1486 207 0.01
101.99999999999848 1486 207 0.01
102.09999999999847 1486 207 0.01
102.19999999999847 1486 207 0.01
102.29999999999846 1486 207 0.01
102.39999999999846 1486 207 0.01
102.49999999999845 1486 207 0.01
102.59999999999845 1486 207 0.01
102.69999999999844 1486 207 0.01
102.79999999999843 1486 207 0.01
102.89999999999843 1486 207 0.01
102.99999999999842 1486 207 0.01
103.09999999999842 1486 207 0.01
103.19999999999841 1452 190 0.01
103.29999999999841 1452 190 0.01
103.3999999999984 1452 190 0.01
103.49999999999839 1452 190 0.01
103.59999999999839 1452 190 0.01
103.69999999999838 1452 190 0.01
103.79999999999838 1452 190 0.01
103.89999999999837 1452 190 0.01
103.99999999999837 1452 190 0.01
104.09999999999836 1452 190 0.01
104.19999999999835 1452 190 0.01
104.29999999999835 1452 190 0.01
104.39999999999834 1452 190 0.01
104.49999999999834 1452 190 0.01
104.59999999999833 1411 184 0.01
104.69999999999833 1411 184 0.01
104.79999999999832 1411 184 0.01
104.89999999999831 1411 184 0.01
104.99999999999831 1411 184 0.01
105.0999999999983 1411 184 0.01
105.1999999999983 1411 184 0.01
105.29999999999829 1411 184 0.01
105.39999999999829 1411 184 0.01
105.49999999999828 1411 184 0.01
105.59999999999827 1411 184 0.01
105.69999999999827 1411 184 0.01
105.79999999999826 1411 184 0.01
105.89999999999826 1365 184 0.01
105.99999999999825 1365 184 0.01
106.09999999999825 1365 184 0.01
106.19999999999824 1365 184 0.01
106.29999999999824 1365 184 0.01
106.39999999999823 1365 184 0.01
106.49999999999822 1365 184 0.01
106.59999999999822 1365 184 0.01
106.69999999999821 1365 184 0.01
106.79999999999821 1365 184 0.01
106.8999999999982 1365 184 0.01
106.9999999999982 1365 184 0.01
107.09999999999819 1365 184 0.01
107.19999999999818 1365 184 0.01
107.29999999999818 1365 184 0.01
107.39999999999817 1365 184 0.01
107.49999999999817 1365 184 0.01
107.59999999999816 1365 184 0.01
107.69999999999816 1365 184 0.01
107.79999999999815 1389 162 0.01
107.89999999999814 1389 162 0.01
107.99999999999814 1389 162 0.01
108.09999999999813 1389 162 0.01
108.19999999999813 1389 162 0.01
108.29999999999812 1389 162 0.01
108.39999999999812 1389 162 0.01
108.49999999999811 1389 162 0.01
108.5999999999981 1389 162 0.01
108.6999999999981 1389 162 0.01
108.79999999999809 1389 162 0.01
108.89999999999809 1389 162 0.01
108.99999999999808 1389 162 0.01
109.09999999999808 1389 162 0.01
109.19999999999807 1389 162 0.01
109.29999999999806 1389 162 0.01
109.39999999999806 1389 162 0.01
109.49999999999805 1389 162 0.01
109.59999999999805 1389 162 0.01
109.69999999999804 1389 162 0.01
109.79999999999804 1389 162 0.01
109.89999999999803 1389 162 0.01
109.99999999999802 1430 163 0.01
110.09999999999802 1430 163 0.01
110.19999999999801 1430 163 0.01
110.29999999999801 1430 163 0.01
110.399999999998 1430 163 0.01
110.499999999998 1430 163 0.01
110.59999999999799 1430 163 0.01
110.69999999999798 1430 163 0.01
110.79999999999798 1430 163 0.01
110.89999999999797 1430 163 0.01
110.99999999999797 1430 163 0.01
111.09999999999796 1430 163 0.01
111.19999999999796 1430 163 0.01
111.29999999999795 1430 163 0.01
111.39999999999795 1430 163 0.01
111.49999999999794 1430 163 0.01
111.59999999999793 1430 163 0.01
111.69999999999793 1430 163 0.01
111.79999999999792 1430 163 0.01
111.89999999999792 1430 163 0.01
111.99999999999791 1430 163 0.01
112.09999999999791 1430 163 0.01
112.1999999999979 1430 163 0.01
112.29999999999789 1430 163 0.01
112.39999999999789 1430 163 0.01
112.49999999999788 1506 199 0.01
112.59999999999788 1506 199 0.01
112.69999999999787 1506 199 0.01
112.79999999999787 1506 199 0.01
112.89999999999786 1506 199 0.01
112.99999999999785 1506 199 0.01
113.09999999999785 1506 199 0.01
113.19999999999784 1506 199 0.01
113.29999999999784 1506 199 0.01
113.39999999999783 1506 199 0.01
113.49999999999783 1506 199 0.01
113.59999999999782 1506 199 0.01
113.69999999999781 1506 199 0.01
113.79999999999781 1506 199 0.01
113.8999999999978 1506 199 0.01
113.9999999999978 1506 199 0.01
114.09999999999779 1506 199 0.01
114.19999999999779 1506 199 0.01
114.29999999999778 1506 199 0.01
114.39999999999777 1506 199 0.01
114.49999999999777 1506 199 0.01
114.59999999999776 1506 199 0.01
114.69999999999776 1506 199 0.01
114.79999999999775 1506 199 0.01
114.89999999999775 1506 199 0.01
114.99999999999774 1506 199 0.01
115.09999999999773 1506 199 0.01
115.19999999999773 1506 199 0.01
115.29999999999772 1506 199 0.01
115.39999999999772 1506 199 0.01
115.49999999999771 1506 199 0.01
115.59999999999771 1506 199 0.01
115.6999999999977 1506 199 0.01
115.79999999999769 1506 199 0.01
115.89999999999769 1506 199 0.01
115.99999999999768 1506 199 0.01
116.09999999999768 1506 199 0.01
116.19999999999767 1506 199 0.01
116.29999999999767 1506 199 0.01
116.39999999999766 1506 199 0.01
116.49999999999766 1506 199 0.01
116.59999999999765 1506 199 0.01
116.69999999999764 1506 199 0.01
116.79999999999764 1506 199 0.01
116.89999999999763 1506 199 0.01
116.99999999999763 1506 199 0.01
117.09999999999762 1506 199 0.01
117.19999999999762 1506 199 0.01
117.29999999999761 1506 199 0.01
117.3999999999976 1506 199 0.01
117.4999999999976 1506 199 0.01
117.59999999999759 1506 199 0.01
117.69999999999759 1506 199 0.01
117.79999999999758 1506 199 0.01
117.89999999999758 1506 199 0.01
117.99999999999757 1506 199 0.01
118.09999999999756 1506 199 0.01
118.19999999999756 1506 199 0.01
118.29999999999755 1506 199 0.01
118.39999999999755 1506 199 0.01
118.49999999999754 1506 199 0.01
118.59999999999754 1506 199 0.01
118.69999999999753 1506 199 0.01
118.79999999999752 1506 199 0.01
118.89999999999752 1506 199 0.01
118.99999999999751 1506 199 0.01
119.09999999999751 1506 199 0.01
119.1999999999975 1506 199 0.01
119.2999999999975 1506 199 0.01
119.39999999999749 1506 199 0.01
119.49999999999748 1506 199 0.01
119.59999999999748 1506 199 0.01
119.69999999999747 1506 199 0.01
119.79999999999747 1506 199 0.01
119.89999999999746 1506 199 0.01
119.99999999999746 1506 199 0.01
120.09999999999745 1506 199 0.01
120.19999999999744 1506 199 0.01
120.29999999999744 1506 199 0.01
120.39999999999743 1506 199 0.01
120.49999999999743 1506 199 0.01
120.59999999999742 1506 199 0.01
120.69999999999742 1506 199 0.01
120.79999999999741 1506 199 0.01
120.89999999999741 1506 199 0.01
120.9999999999974 1506 199 0.01
121.09999999999739 1506 199 0.01
121.19999999999739 1506 199 0.01
121.29999999999738 1506 199 0.01
121.39999999999738 1506 199 0.01
121.49999999999737 1506 199 0.01
121.59999999999737 1506 199 0.01
121.69999999999736 1506 199 0.01
121.79999999999735 1506 199 0.01
121.89999999999735 1506 199 0.01
121.99999999999734 1506 199 0.01
122.09999999999734 1506 199 0.01
122.19999999999733 1506 199 0.01
122.29999999999733 1506 199 0.01
122.39999999999732 1506 199 0.01
122.49999999999731 1506 199 0.01
122.59999999999731 1506 199 0.01
122.6999999999973 1506 199 0.01
122.7999999999973 1506 199 0.01
122.89999999999729 1506 199 0.01
122.99999999999729 1506 199 0.01
123.09999999999728 1506 199 0.01
123.19999999999727 1506 199 0.01
123.29999999999727 1506 199 0.01
123.39999999999726 1506 199 0.01
123.49999999999726 1506 199 0.01
123.59999999999725 1506 199 0.01
123.69999999999725 1506 199 0.01
123.79999999999724 1506 199 0.01
123.89999999999723 1506 199 0.01
123.99999999999723 1506 199 0.01
124.09999999999722 1506 199 0.01
124.19999999999722 1506 199 0.01
124.29999999999721 1506 199 0.01
124.39999999999721 1506 199 0.01
124.4999999999972 1506 199 0.01
124.59999999999719 1506 199 0.01
124.69999999999719 1506 199 0.01
124.79999999999718 1506 199 0.01
124.89999999999718 1506 199 0.01
124.99999999999717 1506 199 0.01
125.09999999999717 1462 194 0.01
125.19999999999716 1462 194 0.01
125.29999999999715 1462 194 0.01
125.39999999999715 1462 194 0.01
125.49999999999714 1462 194 0.01
125.59999999999714 1462 194 0.01
125.69999999999713 1462 194 0.01
125.79999999999713 1462 194 0.01
125.89999999999712 1462 194 0.01
125.99999999999712 1462 194 0.01
126.09999999999711 1462 194 0.01
126.1999999999971 1462 194 0.01
126.2999999999971 1462 194 0.01
126.39999999999709 1462 194 0.01
126.49999999999709 1462 194 0.01
126.59999999999708 1462 194 0.01
126.69999999999708 1405 203 0.01
126.79999999999707 1405 203 0.01
126.89999999999706 1405 203 0.01
126.99999999999706 1405 203 0.01
127.09999999999705 1405 203 0.01
127.19999999999705 1405 203 0.01
127.29999999999704 1405 203 0.01
127.39999999999704 1405 203 0.01
127.49999999999703 1405 203 0.01
127.59999999999702 1405 203 0.01
127.69999999999702 1405 203 0.01
127.79999999999701 1405 203 0.01
127.89999999999701 1405 203 0.01
127.999999999997 1355 203 0.01
128.09999999999701 1355 203 0.01
128.199999999997 1355 203 0.01
128.299999999997 1355 203 0.01
128.39999999999699 1355 203 0.01
128.49999999999699 1355 203 0.01
128.59999999999698 1355 203 0.01
128.69999999999698 1355 203 0.01
128.79999999999697 1355 203 0.01
128.89999999999696 1355 203 0.01
128.99999999999696 1355 203 0.01
129.09999999999695 1355 203 0.01
129.19999999999695 1310 198 0.01
129.29999999999694 1310 198 0.01
129.39999999999694 1310 198 0.01
129.49999999999693 1310 198 0.01
129.59999999999692 1310 198 0.01
129.69999999999692 1310 198 0.01
129.79999999999691 1310 198 0.01
129.89999999999691 1310 198 0.01
129.9999999999969 1310 198 0.01
130.0999999999969 1310 198 0.01
130.19999999999689 1310 198 0.01
130.29999999999688 1310 198 0.01
130.39999999999688 1310 198 0.01
130.49999999999687 1310 198 0.01
130.59999999999687 1310 198 0.01
130.69999999999686 1310 198 0.01
130.79999999999686 1310 198 0.01
130.89999999999685 1315 154 0.01
130.99999999999685 1315 154 0.01
131.09999999999684 1315 154 0.01
131.19999999999683 1315 154 0.01
131.29999999999683 1315 154 0.01
131.39999999999682 1315 154 0.01
131.49999999999682 1315 154 0.01
131.59999999999681 1315 154 0.01
131.69999999999681 1315 154 0.01
131.7999999999968 1315 154 0.01
131.89999999999679 1315 154 0.01
131.99999999999679 1315 154 0.01
132.09999999999678 1315 154 0.01
132.19999999999678 1315 154 0.01
132.29999999999677 1315 154 0.01
132.39999999999677 1315 154 0.01
132.49999999999676 1315 154 0.01
132.59999999999675 1315 154 0.01
132.69999999999675 1334 135 0.01
132.79999999999674 1334 135 0.01
132.89999999999674 1334 135 0.01
132.99999999999673 1334 135 0.01
133.09999999999673 1334 135 0.01
133.19999999999672 1334 135 0.01
133.29999999999671 1334 135 0.01
133.39999999999671 1334 135 0.01
133.4999999999967 1334 135 0.01
133.5999999999967 1334 135 0.01
133.69999999999669 1334 135 0.01
133.79999999999669 1334 135 0.01
133.89999999999668 1334 135 0.01
133.99999999999667 1334 135 0.01
134.09999999999667 1334 135 0.01
134.19999999999666 1334 135 0.01
134.29999999999666 1334 135 0.01
134.39999999999665 1334 135 0.01
134.49999999999665 1334 135 0.01
134.59999999999664 1334 135 0.01
134.69999999999663 1334 135 0.01
134.79999999999663 1334 135 0.01
134.89999999999662 1334 135 0.01
134.99999999999662 1334 135 0.01
135.09999999999661 1334 135 0.01
135.19999999999661 1334 135 0.01
135.2999999999966 1334 135 0.01
135.3999999999966 1334 135 0.01
135.49999999999659 1334 135 0.01
135.59999999999658 1453 221 0.01
135.69999999999658 1453 221 0.01
135.79999999999657 1453 221 0.01
135.89999999999657 1453 221 0.01
135.99999999999656 1453 221 0.01
136.09999999999656 1453 221 0.01
136.19999999999655 1453 221 0.01
136.29999999999654 1453 221 0.01
136.39999999999654 1453 221 0.01
136.49999999999653 1453 221 0.01
136.59999999999653 1453 221 0.01
136.69999999999652 1453 221 0.01
136.79999999999652 1453 221 0.01
136.89999999999651 1453 221 0.01
136.9999999999965 1453 221 0.01
137.0999999999965 1453 221 0.01
137.19999999999649 1439 180 0.01
137.29999999999649 1439 180 0.01
137.39999999999648 1439 180 0.01
137.49999999999648 1439 180 0.01
137.59999999999647 1439 180 0.01
137.69999999999646 1439 180 0.01
137.79999999999646 1439 180 0.01
137.89999999999645 1439 180 0.01
137.99999999999645 1439 180 0.01
138.09999999999644 1439 180 0.01
138.19999999999644 1439 180 0.01
138.29999999999643 1439 180 0.01
138.39999999999642 1439 180 0.01
138.49999999999642 1439 180 0.01
138.59999999999641 1439 180 0.01
138.69999999999641 1439 180 0.01
138.7999999999964 1439 180 0.01
138.8999999999964 1439 180 0.01
138.99999999999639 1439 180 0.01
139.09999999999638 1439 180 0.01
139.19999999999638 1439 180 0.01
139.29999999999637 1439 180 0.01
139.39999999999637 1480 176 0.01
139.49999999999636 1480 176 0.01
139.59999999999636 1480 176 0.01
139.69999999999635 1480 176 0.01
139.79999999999634 1480 176 0.01
139.89999999999634 1480 176 0.01
139.99999999999633 1480 176 0.01
140.09999999999633 1480 176 0.01
140.19999999999632 1480 176 0.01
140.29999999999632 1480 176 0.01
140.39999999999631 1480 176 0.01
140.49999999999631 1480 176 0.01
140.5999999999963 1480 176 0.01
140.69999999999629 1480 176 0.01
140.79999999999629 1480 176 0.01
140.89999999999628 1480 176 0.01
140.99999999999628 1480 176 0.01
141.09999999999627 1480 176 0.01
141.19999999999627 1480 176 0.01
141.29999999999626 1480 176 0.01
141.39999999999625 1480 176 0.01
141.49999999999625 1480 176 0.01
141.59999999999624 1480 176 0.01
141.69999999999624 1480 176 0.01
141.79999999999623 1480 176 0.01
141.89999999999623 1480 176 0.01
141.99999999999622 1480 176 0.01
142.09999999999621 1480 176 0.01
142.19999999999621 1480 176 0.01
142.2999999999962 1480 176 0.01
142.3999999999962 1480 176 0.01
142.49999999999619 1480 176 0.01
142.59999999999619 1480 176 0.01
142.69999999999618 1480 176 0.01
142.79999999999617 1480 176 0.01
142.89999999999617 1480 176 0.01
142.99999999999616 1480 176 0.01
143.09999999999616 1480 176 0.01
143.19999999999615 1480 176 0.01
143.29999999999615 1480 176 0.01
143.39999999999614 1480 176 0.01
143.49999999999613 1480 176 0.01
143.59999999999613 1480 176 0.01
143.69999999999612 1480 176 0.01
143.79999999999612 1480 176 0.01
143.89999999999611 1480 176 0.01
143.99999999999611 1480 176 0.01
144.0999999999961 1480 176 0.01
144.19999999999609 1480 176 0.01
144.29999999999609 1480 176 0.01
144.39999999999608 1480 176 0.01
144.49999999999608 1480 176 0.01
144.59999999999607 1480 176 0.01
144.69999999999607 1480 176 0.01
144.79999999999606 1480 176 0.01
144.89999999999606 1480 176 0.01
144.99999999999605 1480 176 0.01
145.09999999999604 1480 176 0.01
145.19999999999604 1480 176 0.01
145.29999999999603 1480 176 0.01
145.39999999999603 1480 176 0.01
145.49999999999602 1480 176 0.01
145.59999999999602 1480 176 0.01
145.69999999999601 1480 176 0.01
145.799999999996 1480 176 0.01
145.899999999996 1480 176 0.01
145.99999999999599 1480 176 0.01
146.09999999999599 1480 176 0.01
146.19999999999598 1480 176 0.01
146.29999999999598 1480 176 0.01
146.39999999999597 1480 176 0.01
146.49999999999596 1480 176 0.01
146.59999999999596 1480 176 0.01
146.69999999999595 1480 176 0.01
146.79999999999595 1480 176 0.01
146.89999999999594 1480 176 0.01
146.99999999999594 1480 176 0.01
147.09999999999593 1480 176 0.01
147.19999999999592 1480 176 0.01
147.29999999999592 1480 176 0.01
147.39999999999591 1480 176 0.01
147.49999999999591 1480 176 0.01
147.5999999999959 1480 176 0.01
147.6999999999959 1480 176 0.01
147.79999999999589 1480 176 0.01
147.89999999999588 1480 176 0.01
147.99999999999588 1480 176 0.01
148.09999999999587 1480 176 0.01
148.19999999999587 1480 176 0.01
148.29999999999586 1480 176 0.01
148.39999999999586 1480 176 0.01
148.49999999999585 1480 176 0.01
148.59999999999584 1480 176 0.01
148.69999999999584 1480 176 0.01
148.79999999999583 1480 176 0.01
148.89999999999583 1480 176 0.01
148.99999999999582 1480 176 0.01
149.09999999999582 1480 176 0.01
149.19999999999581 1480 176 0.01
149.2999999999958 1480 176 0.01
149.3999999999958 1480 176 0.01
149.49999999999579 1480 176 0.01
149.59999999999579 1480 176 0.01
149.69999999999578 1480 176 0.01
149.79999999999578 1480 176 0.01
149.89999999999577 1480 176 0.01
149.99999999999577 1480 176 0.01
150.09999999999576 1480 176 0.01
150.19999999999575 1480 176 0.01
150.29999999999575 1480 176 0.01
150.39999999999574 1480 176 0.01
150.49999999999574 1480 176 0.01
150.59999999999573 1480 176 0.01
150.69999999999573 1480 176 0.01
150.79999999999572 1480 176 0.01
150.89999999999571 1480 176 0.01
150.99999999999571 1480 176 0.01
151.0999999999957 1480 176 0.01
151.1999999999957 1480 176 0.01
151.29999999999569 1480 176 0.01
151.39999999999569 1480 176 0.01
151.49999999999568 1480 176 0.01
151.59999999999567 1480 176 0.01
151.69999999999567 1480 176 0.01
151.79999999999566 1480 176 0.01
151.89999999999566 1480 176 0.01
151.99999999999565 1480 176 0.01
152.09999999999565 1480 176 0.01
152.19999999999564 1480 176 0.01
152.29999999999563 1480 176 0.01
152.39999999999563 1480 176 0.01
152.49999999999562 1480 176 0.01
152.59999999999562 1479 133 0.01
152.69999999999561 1479 133 0.01
152.79999999999561 1479 133 0.01
152.8999999999956 1479 133 0.01
152.99999999999559 1479 133 0.01
153.09999999999559 1479 133 0.01
153.19999999999558 1479 133 0.01
153.29999999999558 1479 133 0.01
153.39999999999557 1479 133 0.01
153.49999999999557 1479 133 0.01
153.59999999999556 1479 133 0.01
153.69999999999555 1479 133 0.01
153.79999999999555 1479 133 0.01
153.89999999999554 1479 133 0.01
153.99999999999554 1479 133 0.01
154.09999999999553 1479 133 0.01
154.19999999999553 1450 129 0.01
154.29999999999552 1450 129 0.01
154.39999999999552 1450 129 0.01
154.49999999999551 1450 129 0.01
154.5999999999955 1450 129 0.01
154.6999999999955 1450 129 0.01
154.79999999999549 1450 129 0.01
154.89999999999549 1450 129 0.01
154.99999999999548 1450 129 0.01
155.09999999999548 1450 129 0.01
155.19999999999547 1450 129 0.01
155.29999999999546 1450 129 0.01
155.39999999999546 1450 129 0.01
155.49999999999545 1450 129 0.01
155.59999999999545 1450 129 0.01
155.69999999999544 1424 123 0.01
155.79999999999544 1424 123 0.01
155.89999999999543 1424 123 0.01
155.99999999999542 1424 123 0.01
156.09999999999542 1424 123 0.01
156.19999999999541 1424 123 0.01
156.29999999999541 1424 123 0.01
156.3999999999954 1424 123 0.01
156.4999999999954 1424 123 0.01
156.59999999999539 1424 123 0.01
156.69999999999538 1424 123 0.01
156.79999999999538 1424 123 0.01
156.89999999999537 1424 123 0.01
156.99999999999537 1424 123 0.01
157.09999999999536 1424 123 0.01
157.19999999999536 1424 123 0.01
157.29999999999535 1424 123 0.01
157.39999999999534 1424 123 0.01
157.49999999999534 1424 123 0.01
157.59999999999533 1436 105 0.01
157.69999999999533 1436 105 0.01
157.79999999999532 1436 105 0.01
157.89999999999532 1436 105 0.01
157.99999999999531 1436 105 0.01
158.0999999999953 1436 105 0.01
158.1999999999953 1436 105 0.01
158.29999999999529 1436 105 0.01
158.39999999999529 1436 105 0.01
158.49999999999528 1436 105 0.01
158.59999999999528 1436 105 0.01
158.69999999999527 1436 105 0.01
158.79999999999526 1436 105 0.01
158.89999999999526 1436 105 0.01
158.99999999999525 1436 105 0.01
159.09999999999525 1436 105 0.01
159.19999999999524 1436 105 0.01
159.29999999999524 1436 105 0.01
159.39999999999523 1435 80 0.01
159.49999999999523 1435 80 0.01
159.59999999999522 1435 80 0.01
159.69999999999521 1435 80 0.01
159.79999999999521 1435 80 0.01
159.8999999999952 1435 80 0.01
159.9999999999952 1435 80 0.01
160.09999999999519 1435 80 0.01
160.19999999999519 1435 80 0.01
160.29999999999518 1435 80 0.01
160.39999999999517 1435 80 0.01
160.49999999999517 1435 80 0.01
160.59999999999516 1435 80 0.01
160.69999999999516 1435 80 0.01
160.79999999999515 1435 80 0.01
160.89999999999515 1435 80 0.01
160.99999999999514 1435 80 0.01
161.09999999999513 1435 80 0.01
161.19999999999513 1435 80 0.01
161.29999999999512 1435 80 0.01
161.39999999999512 1435 80 0.01
161.49999999999511 1435 80 0.01
161.59999999999511 1435 80 0.01
161.6999999999951 1435 80 0.01
161.79999999999509 1490 115 0.01
161.89999999999509 1490 115 0.01
161.99999999999508 1490 115 0.01
162.09999999999508 1490 115 0.01
162.19999999999507 1490 115 0.01
162.29999999999507 1490 115 0.01
162.39999999999506 1490 115 0.01
162.49999999999505 1490 115 0.01
162.59999999999505 1490 115 0.01
162.69999999999504 1490 115 0.01
162.79999999999504 1490 115 0.01
162.89999999999503 1490 115 0.01
162.99999999999503 1490 115 0.01
163.09999999999502 1490 115 0.01
163.19999999999501 1490 115 0.01
163.29999999999501 1490 115 0.01
163.399999999995 1490 115 0.01
163.499999999995 1490 115 0.01
163.59999999999499 1490 115 0.01
163.69999999999499 1490 115 0.01
163.79999999999498 1490 115 0.01
163.89999999999498 1490 115 0.01
163.99999999999497 1490 115 0.01
164.09999999999496 1490 115 0.01
164.19999999999496 1490 115 0.01
164.29999999999495 1490 115 0.01
164.39999999999495 1572 169 0.01
164.49999999999494 1572 169 0.01
164.59999999999494 1572 169 0.01
164.69999999999493 1572 169 0.01
164.79999999999492 1572 169 0.01
164.89999999999492 1572 169 0.01
164.99999999999491 1572 169 0.01
165.09999999999491 1572 169 0.01
165.1999999999949 1572 169 0.01
165.2999999999949 1572 169 0.01
165.39999999999489 1572 169 0.01
165.49999999999488 1572 169 0.01
165.59999999999488 1572 169 0.01
165.69999999999487 1572 169 0.01
165.79999999999487 1572 169 0.01
165.89999999999486 1572 169 0.01
165.99999999999486 1572 169 0.01
166.09999999999485 1572 169 0.01
166.19999999999484 1572 169 0.01
166.29999999999484 1572 169 0.01
166.39999999999483 1572 169 0.01
166.49999999999483 1572 169 0.01
166.59999999999482 1572 169 0.01
166.69999999999482 1572 169 0.01
166.79999999999481 1572 169 0.01
166.8999999999948 1572 169 0.01
166.9999999999948 1572 169 0.01
167.09999999999479 1572 169 0.01
167.19999999999479 1572 169 0.01
167.29999999999478 1572 169 0.01
167.39999999999478 1572 169 0.01
167.49999999999477 1572 169 0.01
167.59999999999476 1572 169 0.01
167.69999999999476 1572 169 0.01
167.79999999999475 1572 169 0.01
167.89999999999475 1572 169 0.01
167.99999999999474 1572 169 0.01
168.09999999999474 1572 169 0.01
168.19999999999473 1572 169 0.01
168.29999999999472 1572 169 0.01
168.39999999999472 1572 169 0.01
168.49999999999471 1572 169 0.01
168.59999999999471 1572 169 0.01
168.6999999999947 1572 169 0.01
168.7999999999947 1572 169 0.01
168.89999999999469 1572 169 0.01
168.99999999999469 1572 169 0.01
169.09999999999468 1572 169 0.01
169.19999999999467 1572 169 0.01
169.29999999999467 1572 169 0.01
169.39999999999466 1572 169 0.01
169.49999999999466 1572 169 0.01
169.59999999999465 1572 169 0.01
169.69999999999465 1572 169 0.01
169.79999999999464 1572 169 0.01
169.89999999999463 1572 169 0.01
169.99999999999463 1572 169 0.01
170.09999999999462 1572 169 0.01
170.19999999999462 1572 169 0.01
170.29999999999461 1572 169 0.01
170.39999999999461 1572 169 0.01
170.4999999999946 1572 169 0.01
170.59999999999459 1572 169 0.01
170.69999999999459 1572 169 0.01
170.79999999999458 1572 169 0.01
170.89999999999458 1572 169 0.01
170.99999999999457 1572 169 0.01
171.09999999999457 1572 169 0.01
171.19999999999456 1572 169 0.01
171.29999999999455 1572 169 0.01
171.39999999999455 1572 169 0.01
171.49999999999454 1501 198 0.01
171.59999999999454 1501 198 0.01
171.69999999999453 1501 198 0.01
171.79999999999453 1501 198 0.01
171.89999999999452 1501 198 0.01
171.99999999999451 1501 198 0.01
172.09999999999451 1501 198 0.01
172.1999999999945 1501 198 0.01
172.2999999999945 1501 198 0.01
172.39999999999449 1501 198 0.01
172.49999999999449 1501 198 0.01
172.59999999999448 1501 198 0.01
172.69999999999447 1439 211 0.01
172.79999999999447 1439 211 0.01
172.89999999999446 1439 211 0.01
172.99999999999446 1439 211 0.01
173.09999999999445 1439 211 0.01
173.19999999999445 1439 211 0.01
173.29999999999444 1439 211 0.01
173.39999999999444 1439 211 0.01
173.49999999999443 1439 211 0.01
173.59999999999442 1439 211 0.01
173.69999999999442 1439 211 0.01
173.79999999999441 1439 211 0.01
173.89999999999441 1439 211 0.01
173.9999999999944 1439 211 0.01
174.0999999999944 1393 205 0.01
174.19999999999439 1393 205 0.01
174.29999999999438 1393 205 0.01
174.39999999999438 1393 205 0.01
174.49999999999437 1393 205 0.01
174.59999999999437 1393 205 0.01
174.69999999999436 1393 205 0.01
174.79999999999436 1393 205 0.01
174.89999999999435 1393 205 0.01
174.99999999999434 1393 205 0.01
175.09999999999434 1393 205 0.01
175.19999999999433 1393 205 0.01
175.29999999999433 1393 205 0.01
175.39999999999432 1393 205 0.01
175.49999999999432 1393 205 0.01
175.59999999999431 1393 205 0.01
175.6999999999943 1393 205 0.01
175.7999999999943 1393 205 0.01
175.89999999999429 1393 205 0.01
175.99999999999429 1393 205 0.01
176.09999999999428 1420 181 0.01
176.19999999999428 1420 181 0.01
176.29999999999427 1420 181 0.01
176.39999999999426 1420 181 0.01
176.49999999999426 1420 181 0.01
176.59999999999425 1420 181 0.01
176.69999999999425 1420 181 0.01
176.79999999999424 1420 181 0.01
176.89999999999424 1420 181 0.01
176.99999999999423 1420 181 0.01
177.09999999999422 1420 181 0.01
177.19999999999422 1420 181 0.01
177.29999999999421 1420 181 0.01
177.39999999999421 1420 181 0.01
177.4999999999942 1420 181 0.01
177.5999999999942 1420 181 0.01
177.69999999999419 1420 181 0.01
177.79999999999418 1420 181 0.01
177.89999999999418 1420 181 0.01
177.99999999999417 1420 181 0.01
178.09999999999417 1420 181 0.01
178.19999999999416 1420 181 0.01
178.29999999999416 1420 181 0.01
178.39999999999415 1474 190 0.01
178.49999999999415 1474 190 0.01
178.59999999999414 1474 190 0.01
178.69999999999413 1474 190 0.01
178.79999999999413 1474 190 0.01
178.89999999999412 1474 190 0.01
178.99999999999412 1474 190 0.01
179.09999999999411 1474 190 0.01
179.19999999999411 1474 190 0.01
179.2999999999941 1474 190 0.01
179.39999999999409 1474 190 0.01
179.49999999999409 1474 190 0.01
179.59999999999408 1474 190 0.01
179.69999999999408 1474 190 0.01
179.79999999999407 1474 190 0.01
179.89999999999407 1474 190 0.01
179.99999999999406 1474 190 0.01
180.09999999999405 1474 190 0.01
180.19999999999405 1474 190 0.01
180.29999999999404 1474 190 0.01
180.39999999999404 1474 190 0.01
180.49999999999403 1474 190 0.01
180.59999999999403 1474 190 0.01
180.69999999999402 1474 190 0.01
180.79999999999401 1474 190 0.01
180.89999999999401 1474 190 0.01
180.999999999994 1474 190 0.01
181.099999999994 1474 190 0.01
181.19999999999399 1474 190 0.01
181.29999999999399 1474 190 0.01
181.39999999999398 1474 190 0.01
181.49999999999397 1474 190 0.01
181.59999999999397 1474 190 0.01
181.69999999999396 1474 190 0.01
181.79999999999396 1474 190 0.01
181.89999999999395 1474 190 0.01
181.99999999999395 1474 190 0.01
182.09999999999394 1474 190 0.01
182.19999999999393 1474 190 0.01
182.29999999999393 1474 190 0.01
182.39999999999392 1474 190 0.01
182.49999999999392 1474 190 0.01
182.59999999999391 1474 190 0.01
182.69999999999391 1474 190 0.01
182.7999999999939 1474 190 0.01
182.8999999999939 1474 190 0.01
182.99999999999389 1474 190 0.01
183.09999999999388 1474 190 0.01
183.19999999999388 1474 190 0.01
183.29999999999387 1474 190 0.01
183.39999999999387 1474 190 0.01
183.49999999999386 1474 190 0.01
183.59999999999386 1474 190 0.01
183.69999999999385 1474 190 0.01
183.79999999999384 1474 190 0.01
183.89999999999384 1474 190 0.01
183.99999999999383 1474 190 0.01
184.09999999999383 1474 190 0.01
184.19999999999382 1474 190 0.01
184.29999999999382 1474 190 0.01
184.39999999999381 1474 190 0.01
184.4999999999938 1474 190 0.01
184.5999999999938 1474 190 0.01
184.69999999999379 1474 190 0.01
184.79999999999379 1474 190 0.01
184.89999999999378 1474 190 0.01
184.99999999999378 1474 190 0.01
185.09999999999377 1474 190 0.01
185.19999999999376 1474 190 0.01
185.29999999999376 1474 190 0.01
185.39999999999375 1474 190 0.01
185.49999999999375 1474 190 0.01
185.59999999999374 1474 190 0.01
185.69999999999374 1474 190 0.01
185.79999999999373 1474 190 0.01
185.89999999999372 1474 190 0.01
185.99999999999372 1474 190 0.01
186.09999999999371 1474 190 0.01
186.19999999999371 1474 190 0.01
186.2999999999937 1474 190 0.01
186.3999999999937 1474 190 0.01
186.49999999999369 1474 190 0.01
186.59999999999368 1474 190 0.01
186.69999999999368 1474 190 0.01
186.79999999999367 1474 190 0.01
186.89999999999367 1474 190 0.01
186.99999999999366 1474 190 0.01
187.09999999999366 1474 190 0.01
187.19999999999365 1474 190 0.01
187.29999999999364 1474 190 0.01
187.39999999999364 1474 190 0.01
187.49999999999363 1474 190 0.01
187.59999999999363 1474 190 0.01
187.69999999999362 1474 190 0.01
187.79999999999362 1474 190 0.01
187.89999999999361 1474 190 0.01
187.99999999999361 1474 190 0.01
188.0999999999936 1474 190 0.01
188.19999999999359 1474 190 0.01
188.29999999999359 1414 203 0.01
188.39999999999358 1414 203 0.01
188.49999999999358 1414 203 0.01
188.59999999999357 1414 203 0.01
188.69999999999357 1414 203 0.01
188.79999999999356 1414 203 0.01
188.89999999999355 1414 203 0.01
188.99999999999355 1414 203 0.01
189.09999999999354 1414 203 0.01
189.19999999999354 1414 203 0.01
189.29999999999353 1414 203 0.01
189.39999999999353 1414 203 0.01
189.49999999999352 1414 203 0.01
189.59999999999351 1363 204 0.01
189.69999999999351 1363 204 0.01
189.7999999999935 1363 204 0.01
189.8999999999935 1363 204 0.01
189.99999999999349 1363 204 0.01
190.09999999999349 1363 204 0.01
190.19999999999348 1363 204 0.01
190.29999999999347 1363 204 0.01
190.39999999999347 1363 204 0.01
190.49999999999346 1363 204 0.01
190.59999999999346 1363 204 0.01
190.69999999999345 1363 204 0.01
190.79999999999345 1318 198 0.01
190.89999999999344 1318 198 0.01
190.99999999999343 1318 198 0.01
191.09999999999343 1318 198 0.01
191.19999999999342 1318 198 0.01
191.29999999999342 1318 198 0.01
191.39999999999341 1318 198 0.01
191.49999999999341 1318 198 0.01
191.5999999999934 1318 198 0.01
191.69999999999339 1318 198 0.01
191.79999999999339 1318 198 0.01
191.89999999999338 1318 198 0.01
191.99999999999338 1318 198 0.01
192.09999999999337 1279 188 0.01
192.19999999999337 1279 188 0.01
192.29999999999336 1279 188 0.01
192.39999999999336 1279 188 0.01
192.49999999999335 1279 188 0.01
192.59999999999334 1279 188 0.01
192.69999999999334 1279 188 0.01
192.79999999999333 1279 188 0.01
192.89999999999333 1279 188 0.01
192.99999999999332 1279 188 0.01
193.09999999999332 1279 188 0.01
193.19999999999331 1279 188 0.01
193.2999999999933 1244 176 0.01
193.3999999999933 1244 176 0.01
193.49999999999329 1244 176 0.01
193.59999999999329 1244 176 0.01
193.69999999999328 1244 176 0.01
193.79999999999328 1244 176 0.01
193.89999999999327 1244 176 0.01
193.99999999999326 1244 176 0.01
194.09999999999326 1244 176 0.01
194.19999999999325 1244 176 0.01
194.29999999999325 1244 176 0.01
194.39999999999324 1244 176 0.01
194.49999999999324 1214 162 0.01
194.59999999999323 1214 162 0.01
194.69999999999322 1214 162 0.01
194.79999999999322 1214 162 0.01
194.89999999999321 1214 162 0.01
194.99999999999321 1214 162 0.01
195.0999999999932 1214 162 0.01
195.1999999999932 1214 162 0.01
195.29999999999319 1214 162 0.01
195.39999999999318 1214 162 0.01
195.49999999999318 1214 162 0.01
195.59999999999317 1214 162 0.01
195.69999999999317 1214 162 0.01
195.79999999999316 1188 148 0.01
195.89999999999316 1188 148 0.01
195.99999999999315 1188 148 0.01
196.09999999999314 1188 148 0.01
196.19999999999314 1188 148 0.01
196.29999999999313 1188 148 0.01
196.39999999999313 1188 148 0.01
196.49999999999312 1188 148 0.01
196.59999999999312 1188 148 0.01
196.69999999999311 1188 148 0.01
196.7999999999931 1188 148 0.01
196.8999999999931 1188 148 0.01
196.99999999999309 1164 135 0.01
197.09999999999309 1164 135 0.01
197.19999999999308 1164 135 0.01
197.29999999999308 1164 135 0.01
197.39999999999307 1164 135 0.01
197.49999999999307 1164 135 0.01
197.59999999999306 1164 135 0.01
197.69999999999305 1164 135 0.01
197.79999999999305 1164 135 0.01
197.89999999999304 1164 135 0.01
197.99999999999304 1164 135 0.01
198.09999999999303 1164 135 0.01
198.19999999999303 1164 135 0.01
198.29999999999302 1144 122 0.01
198.39999999999301 1144 122 0.01
198.49999999999301 1144 122 0.01
198.599999999993 1144 122 0.01
198.699999999993 1144 122 0.01
198.79999999999299 1144 122 0.01
198.89999999999299 1144 122 0.01
198.99999999999298 1144 122 0.01
199.09999999999297 1144 122 0.01
199.19999999999297 1144 122 0.01
199.29999999999296 1144 122 0.01
199.39999999999296 1144 122 0.01
199.49999999999295 1144 122 0.01
199.59999999999295 1134 102 0.01
199.69999999999294 1134 102 0.01
199.79999999999293 1134 102 0.01
199.89999999999293 1134 102 0.01
199.99999999999292 1134 102 0.01
