0 49
1.05536 49
1.08864 49
2.30272 49
2.336 49
2.46912 49
2.5024 49
3.55008 49
3.58336 49
3.71648 49
3.74976 49
3.88288 49
3.91616 49
4.04928 49
4.08256 49
4.79744 49
4.83072 49
4.96384 49
4.99712 49
5.13024 49
5.29664 49
5.46304 49
5.62944 49
5.79584 49
5.96224 49
6.12864 49
6.29504 49
6.46144 49
6.62784 49
6.79424 49
6.96064 49
7.12704 49
7.29344 49
7.45984 49
7.62624 49
7.79264 49
7.95904 49
8.12544 49
8.29184 49
8.45824 49
8.62464 49
8.79104 49
8.95744 49
9.12384 49
9.29024 49
9.45664 49
9.62304 49
9.78944 49
9.95584 49
10.12224 49
10.28864 49
10.45504 49
10.62144 49
10.78784 49
10.95424 49
11.12064 49
11.28704 49
11.45344 49
11.61984 49
11.78624 49
11.95264 49
12.11904 49
12.28544 49
12.45184 49
12.61824 49
12.78464 49
12.95104 49
13.11744 49
13.28384 49
13.45024 49
13.61664 49
13.78304 49
13.94944 49
14.11584 49
14.28224 49
14.44864 49
14.61504 49
14.78144 49
14.94784 49
15.11424 49
15.28064 49
15.44704 49
15.61344 49
15.77984 49
15.94624 49
16.11264 49
16.27904 49
16.44544 49
16.61184 49
16.77824 49
16.94464 49
17.11104 49
17.27744 49
17.44384 49
17.61024 49
17.77664 49
17.94304 49
18.10944 49
18.27584 49
18.44224 49
18.60864 49
18.77504 49
18.94144 49
19.10784 49
19.27424 49
19.44064 49
19.60704 49
19.77344 49
19.93984 49
20.10624 49
20.27264 49
20.43904 49
20.60544 49
20.77184 49
20.93824 49
21.10464 49
21.27104 49
21.43744 49
21.60384 49
21.77024 49
21.93664 49
22.10304 49
22.26944 49
22.43584 49
22.60224 49
22.76864 49
23.00224 49
23.33664 49
23.67104 49
24.00544 49
24.33984 49
24.67424 49
25.00864 49
25.30944 49
26.17824 49
28.64824 49
28.88864 49
28.92192 49
29.96224 49
30.3024 49
31.2096 49
31.24288 49
31.54976 49
32.45696 49
32.62336 49
32.65664 49
32.79712 49
33.80352 49
34.00352 49
34.16992 49
34.33632 49
34.3696 49
35.06391 49
35.43191 49
35.76631 49
35.99991 49
36.16631 49
36.19959 49
36.70231 49
37.00311 49
37.16951 49
37.36951 49
37.63671 49
37.83671 49
37.86999 49
38.50711 49
38.84151 49
39.17591 49
39.34231 49
39.50871 49
39.70871 49
39.87511 49
40.41111 49
40.44439 49
40.91351 49
41.41591 49
41.71671 49
42.01751 49
42.38551 49
42.71991 49
43.02071 49
43.18711 49
43.22039 49
43.35351 49
43.51991 49
43.75351 49
44.22231 49
44.75831 49
45.26071 49
45.46071 49
45.79511 49
45.99511 49
46.19511 49
46.22839 49
46.36151 49
46.59511 49
47.06391 49
47.59991 49
48.10231 49
48.26871 49
48.46871 49
48.83671 49
50.34391 49
56.24751 49
57.49487 49
57.52815 49
58.74223 49
58.77551 49
58.90863 49
60.022009 49
60.222009 49
60.489209 49
61.428409 49
61.796409 49
62.231609 49
62.264889 49
63.238009 49
63.774009 49
64.209209 49
64.375609 49
65.113209 49
65.146489 49
65.716409 49
65.916409 49
66.082809 49
66.652409 49
66.818809 49
66.852089 49
67.321209 49
67.689209 49
68.023609 49
68.492409 49
68.726009 49
68.926009 49
68.959289 49
69.260409 49
69.594809 49
70.097209 49
70.431609 49
70.598009 49
70.764409 49
70.930809 49
71.097209 49
71.130489 49
71.431609 49
72.102009 49
72.604409 49
72.938809 49
73.105209 49
73.271609 49
73.572409 49
73.772409 49
73.805689 49
74.140409 49
74.676409 49
75.346809 49
75.815609 49
75.982009 49
76.617209 49
82.125209 49
83.372569 49
83.405849 49
84.619929 49
84.786329 49
85.867289 49
85.900569 49
86.168089 49
87.122048 49
87.322048 49
87.355328 49
87.488448 49
88.401601 49
88.736001 49
88.936001 49
89.236801 49
89.270081 49
90.344001 49
90.712001 49
90.878401 49
91.044801 49
91.211201 49
91.244481 49
91.915201 49
92.451201 49
92.785601 49
93.120001 49
93.320001 49
93.520001 49
93.553281 49
94.257601 49
94.457601 49
94.624001 49
95.092801 49
95.427201 49
95.795201 49
95.995201 49
96.800001 49
96.833281 49
97.134401 49
97.300801 49
97.870401 49
98.238401 49
98.774401 49
98.940801 49
99.107201 49
101.616001 49
101.649281 49
101.682561 49
101.715841 49
103.126401 49
103.292801 49
103.459201 49
103.492481 49
103.625601 49
104.531201 49
104.697601 49
104.998401 49
105.198401 49
105.231681 49
105.499201 49
105.833601 49
106.000001 49
106.267201 49
106.635201 49
106.835201 49
107.270401 49
107.303681 49
107.772801 49
107.972801 49
108.273601 49
108.809601 49
109.110401 49
109.276801 49
109.476801 49
109.510081 49
109.912001 49
110.078401 49
110.278401 49
110.915201 49
111.283201 49
111.617601 49
111.884801 49
112.051201 49
112.084481 49
112.452801 49
112.787201 49
113.054401 49
113.422401 49
113.924801 49
114.393601 49
114.728001 49
114.894401 49
115.296001 49
115.696001 49
118.172801 49
118.206081 49
118.239361 49
118.272641 49
120.523201 49
120.723201 49
122.042801 49
122.734401 49
123.001601 49
123.571201 49
123.604481 49
124.174401 49
124.576001 49
125.421761 49
125.455041 49
125.823361 49
126.669121 49
126.869121 49
126.902401 49
127.371521 49
127.916481 49
128.116481 49
128.282881 49
128.618881 49
128.652161 49
129.163841 49
129.363841 49
129.563841 49
130.066241 49
130.266241 49
130.299521 49
130.835841 49
131.203841 49
131.504641 49
132.175041 49
132.341441 49
132.507841 49
132.541121 49
132.674241 49
133.210241 49
133.679041 49
134.483841 49
134.818241 49
135.152641 49
135.352641 49
135.519041 49
135.552321 49
135.752641 49
136.019841 49
136.387841 49
136.554241 49
136.787841 49
137.021441 49
137.187841 49
137.354241 49
137.387521 49
137.587841 49
138.023041 49
138.559041 49
138.725441 49
138.891841 49
139.226241 49
139.392641 49
139.659841 49
139.859841 49
140.227841 49
140.261121 49
140.831041 49
142.506241 49
147.857041 49
149.107962 49
149.141242 49
150.551162 49
150.584442 49
150.751162 49
152.059962 49
152.259962 49
152.594362 49
153.768762 49
153.968762 49
154.135162 49
154.168442 49
155.016122 49
155.350522 49
155.684922 49
155.884922 49
156.891322 49
156.924602 49
157.393722 49
157.593722 49
157.827322 49
158.598522 49
158.798522 49
158.831802 49
159.099322 49
159.366522 49
159.768122 49
160.438522 49
160.806522 49
161.006522 49
161.039802 49
161.273722 49
161.708922 49
162.278522 49
163.083322 49
163.451322 49
163.785722 49
163.952122 49
164.118522 49
164.151802 49
164.385722 49
165.089722 49
165.256122 49
165.691322 49
166.193722 49
166.528122 49
166.862522 49
167.230522 49
167.800122 49
167.966522 49
170.172922 49
170.206202 49
170.239482 49
170.272762 49
171.420282 49
171.586682 49
171.619962 49
171.753082 49
171.919482 49
172.667642 49
172.834042 49
173.000442 49
173.033722 49
173.166842 49
173.333242 49
174.003642 49
174.338042 49
174.672442 49
174.872442 49
175.173242 49
175.206522 49
175.507642 49
176.010042 49
176.310842 49
176.645242 49
176.878842 49
177.347642 49
177.547642 49
177.580922 49
177.882042 49
178.317242 49
178.786042 49
179.221242 49
179.622842 49
180.427642 49
180.594042 49
180.760442 49
185.767642 49
187.015002 49
187.048282 49
188.262362 49
188.428762 49
189.509722 49
189.543002 49
189.676122 49
190.757082 49
190.923482 49
190.956762 49
191.089882 49
192.004442 49
192.170842 49
192.337242 49
192.503642 49
192.536922 49
193.251802 49
193.418202 49
193.584602 49
193.751002 49
193.917402 49
193.950682 49
194.499162 49
194.665562 49
194.831962 49
194.998362 49
195.164762 49
195.331162 49
195.364442 49
195.746522 49
195.912922 49
196.079322 49
196.245722 49
196.412122 49
196.578522 49
196.744922 49
196.993882 49
197.027162 49
197.160282 49
197.326682 49
197.493082 49
197.659482 49
197.825882 49
197.992282 49
198.241242 49
198.407642 49
198.440922 49
198.574042 49
198.740442 49
198.906842 49
199.073242 49
199.239642 49
199.406042 49
199.572442 49
199.738842 49
199.905242 49
