0 1
0.10000000000000001 1
0.20000000000000001 1
0.30000000000000004 1
0.40000000000000002 1
0.5 1
0.59999999999999998 1
0.69999999999999996 1
0.79999999999999993 1
0.89999999999999991 1
0.99999999999999989 1
1.0999999999999999 2
1.2 2
1.3 2
1.4000000000000001 2
1.5000000000000002 2
1.6000000000000003 2
1.7000000000000004 2
1.8000000000000005 2
1.9000000000000006 2
2.0000000000000004 2
2.1000000000000005 2
2.2000000000000006 2
2.3000000000000007 2
2.4000000000000008 3
2.5000000000000009 4
2.600000000000001 4
2.7000000000000011 4
2.8000000000000012 4
2.9000000000000012 4
3.0000000000000013 4
3.1000000000000014 4
3.2000000000000015 4
3.3000000000000016 4
3.4000000000000017 4
3.5000000000000018 4
3.6000000000000019 5
3.700000000000002 5
3.800000000000002 6
3.9000000000000021 7
4.0000000000000018 7
4.1000000000000014 8
4.2000000000000011 8
4.3000000000000007 8
4.4000000000000004 8
4.5 8
4.5999999999999996 8
4.6999999999999993 8
4.7999999999999989 9
4.8999999999999986 9
4.9999999999999982 10
5.0999999999999979 10
5.1999999999999975 10.1
5.2999999999999972 10.199
5.3999999999999968 10.199
5.4999999999999964 10.2971
5.5999999999999961 10.2971
5.6999999999999957 10.3942
5.7999999999999954 10.4904
5.899999999999995 10.4904
5.9999999999999947 10.5857
6.0999999999999943 10.5857
6.199999999999994 10.6802
6.2999999999999936 10.7738
6.3999999999999932 10.7738
6.4999999999999929 10.8666
6.5999999999999925 10.8666
6.6999999999999922 10.9586
6.7999999999999918 11.0499
6.8999999999999915 11.0499
6.9999999999999911 11.1404
7.0999999999999908 11.1404
7.1999999999999904 11.2302
7.2999999999999901 11.3192
7.3999999999999897 11.3192
7.4999999999999893 11.4076
7.599999999999989 11.4076
7.6999999999999886 11.4952
7.7999999999999883 11.5822
7.8999999999999879 11.5822
7.9999999999999876 11.6685
8.0999999999999872 11.6685
8.1999999999999869 11.7542
8.2999999999999865 11.8393
8.3999999999999861 11.8393
8.4999999999999858 11.9238
8.5999999999999854 11.9238
8.6999999999999851 12.0077
8.7999999999999847 12.0909
8.8999999999999844 12.0909
8.999999999999984 12.1736
9.0999999999999837 12.1736
9.1999999999999833 12.2558
9.2999999999999829 12.3374
9.3999999999999826 12.3374
9.4999999999999822 12.4184
9.5999999999999819 12.4184
9.6999999999999815 12.499
9.7999999999999812 12.579
9.8999999999999808 12.579
9.9999999999999805 12.6585
10.09999999999998 12.6585
10.19999999999998 12.7375
10.299999999999979 12.816
10.399999999999979 12.816
10.499999999999979 12.894
10.599999999999978 12.894
10.699999999999978 12.9716
10.799999999999978 13.0486
10.899999999999977 13.0486
10.999999999999977 13.1253
11.099999999999977 13.1253
11.199999999999976 13.2015
11.299999999999976 13.2772
11.399999999999975 13.2772
11.499999999999975 13.3525
11.599999999999975 13.3525
11.699999999999974 13.4274
11.799999999999974 13.5019
11.899999999999974 13.5019
11.999999999999973 13.576
12.099999999999973 13.576
12.199999999999973 13.6496
12.299999999999972 13.7229
12.399999999999972 13.7229
12.499999999999972 13.7958
12.599999999999971 13.7958
12.699999999999971 13.8682
12.799999999999971 13.9404
12.89999999999997 13.9404
12.99999999999997 14.0121
13.099999999999969 14.0121
13.199999999999969 14.0835
13.299999999999969 14.1545
13.399999999999968 14.1545
13.499999999999968 14.2251
13.599999999999968 14.2251
13.699999999999967 14.2954
13.799999999999967 14.3654
13.899999999999967 14.3654
13.999999999999966 14.435
14.099999999999966 14.435
14.199999999999966 14.5042
14.299999999999965 14.5732
14.399999999999965 14.5732
14.499999999999964 14.6418
14.599999999999964 14.6418
14.699999999999964 14.7101
14.799999999999963 14.7781
14.899999999999963 14.7781
14.999999999999963 14.8458
15.099999999999962 14.8458
15.199999999999962 14.9131
15.299999999999962 14.9802
15.399999999999961 14.9802
15.499999999999961 15.0469
15.599999999999961 15.0469
15.69999999999996 15.1134
15.79999999999996 15.1796
15.899999999999959 15.1796
15.999999999999959 15.2454
16.099999999999959 15.2454
16.19999999999996 15.311
16.299999999999962 15.3763
16.399999999999963 15.3763
16.499999999999964 15.4414
16.599999999999966 15.4414
16.699999999999967 15.5061
16.799999999999969 15.5706
16.89999999999997 15.5706
16.999999999999972 15.6348
17.099999999999973 15.6348
17.199999999999974 15.6988
17.299999999999976 15.7625
17.399999999999977 15.7625
17.499999999999979 15.8259
17.59999999999998 15.8259
17.699999999999982 15.8891
17.799999999999983 15.9521
17.899999999999984 15.9521
17.999999999999986 16.0148
18.099999999999987 16.0148
18.199999999999989 16.0772
18.29999999999999 16.1394
18.399999999999991 16.1394
18.499999999999993 16.2014
18.599999999999994 16.2014
18.699999999999996 16.2631
18.799999999999997 16.3246
18.899999999999999 16.3246
19 16.3858
19.100000000000001 16.3858
19.200000000000003 16.4469
19.300000000000004 16.5077
19.400000000000006 16.5077
19.500000000000007 16.5682
19.600000000000009 16.5682
19.70000000000001 16.6286
19.800000000000011 16.6887
19.900000000000013 16.6887
20.000000000000014 16.7487
20.100000000000016 16.7487
20.200000000000017 16.8084
20.300000000000018 16.8679
20.40000000000002 16.8679
20.500000000000021 16.9271
20.600000000000023 16.9271
20.700000000000024 16.9862
20.800000000000026 17.0451
20.900000000000027 17.0451
21.000000000000028 17.1038
21.10000000000003 17.1038
21.200000000000031 17.1622
21.300000000000033 17.2205
21.400000000000034 17.2205
21.500000000000036 17.2786
21.600000000000037 17.2786
21.700000000000038 17.3364
21.80000000000004 17.3941
21.900000000000041 17.3941
22.000000000000043 17.4516
22.100000000000044 17.4516
22.200000000000045 17.5089
22.300000000000047 17.566
22.400000000000048 17.566
22.50000000000005 17.6229
22.600000000000051 17.6229
22.700000000000053 17.6797
22.800000000000054 17.7363
22.900000000000055 17.7363
23.000000000000057 17.7363
23.100000000000058 17.7926
23.20000000000006 17.7926
23.300000000000061 17.7926
23.400000000000063 17.8488
23.500000000000064 17.8488
23.600000000000065 17.8488
23.700000000000067 17.9049
23.800000000000068 17.9049
23.90000000000007 17.9049
24.000000000000071 17.9049
24.100000000000072 17.9607
24.200000000000074 17.9607
24.300000000000075 17.9607
24.400000000000077 17.9607
24.500000000000078 17.9607
24.60000000000008 17.9607
24.700000000000081 17.9607
24.800000000000082 17.9607
24.900000000000084 17.9607
25.000000000000085 17.9607
25.100000000000087 17.9607
25.200000000000088 17.9607
25.30000000000009 17.9607
25.400000000000091 17.9607
25.500000000000092 17.9607
25.600000000000094 17.9607
25.700000000000095 17.9607
25.800000000000097 5
25.900000000000098 5
26.000000000000099 5
26.100000000000101 5
26.200000000000102 5
26.300000000000104 5
26.400000000000105 5
26.500000000000107 5
26.600000000000108 5
26.700000000000109 5
26.800000000000111 5
26.900000000000112 5
27.000000000000114 5
27.100000000000115 5
27.200000000000117 5
27.300000000000118 5
27.400000000000119 5
27.500000000000121 5
27.600000000000122 5
27.700000000000124 5
27.800000000000125 5
27.900000000000126 5
28.000000000000128 5
28.100000000000129 5
28.200000000000131 5
28.300000000000132 5
28.400000000000134 5
28.500000000000135 5
28.600000000000136 5
28.700000000000138 5
28.800000000000139 5
28.900000000000141 5
29.000000000000142 5
29.100000000000144 5
29.200000000000145 5
29.300000000000146 5
29.400000000000148 5
29.500000000000149 5
29.600000000000151 5
29.700000000000152 5
29.800000000000153 5
29.900000000000155 5
30.000000000000156 5
30.100000000000158 2
30.200000000000159 2
30.300000000000161 2
30.400000000000162 2
30.500000000000163 2
30.600000000000165 2
30.700000000000166 2
30.800000000000168 2
30.900000000000169 2
31.000000000000171 2
31.100000000000172 2
31.200000000000173 2
31.300000000000175 2
31.400000000000176 2
31.500000000000178 2.5
31.600000000000179 2.5
31.70000000000018 2.9
31.800000000000182 3.24483
31.900000000000183 3.24483
32.000000000000185 3.24483
32.100000000000186 3.24483
32.200000000000188 3.24483
32.300000000000189 3.24483
32.40000000000019 3.24483
32.500000000000192 3.24483
32.600000000000193 3.24483
32.700000000000195 3.24483
32.800000000000196 3.24483
32.900000000000198 3.24483
33.000000000000199 3.24483
33.1000000000002 3.55301
33.200000000000202 3.55301
33.300000000000203 3.83446
33.400000000000205 3.83446
33.500000000000206 4.09525
33.600000000000207 4.09525
33.700000000000209 4.09525
33.80000000000021 4.09525
33.900000000000212 4.09525
34.000000000000213 4.09525
34.100000000000215 4.09525
34.200000000000216 4.09525
34.300000000000217 4.33944
34.400000000000219 4.33944
34.50000000000022 4.33944
34.600000000000222 4.56988
34.700000000000223 4.78871
34.800000000000225 4.78871
34.900000000000226 4.99753
35.000000000000227 4.99753
35.100000000000229 4.99753
35.20000000000023 4.99753
35.300000000000232 4.99753
35.400000000000233 4.99753
35.500000000000234 4.99753
35.600000000000236 4.99753
35.700000000000237 4.99753
35.800000000000239 5.19763
35.90000000000024 5.39003
36.000000000000242 5.39003
36.100000000000243 5.39003
36.200000000000244 5.57555
36.300000000000246 5.57555
36.400000000000247 5.57555
36.500000000000249 5.75491
36.60000000000025 5.75491
36.700000000000252 5.75491
36.800000000000253 5.75491
36.900000000000254 5.75491
37.000000000000256 5.92867
37.100000000000257 5.92867
37.200000000000259 6.09735
37.30000000000026 6.26135
37.400000000000261 6.26135
37.500000000000263 6.26135
37.600000000000264 6.42106
37.700000000000266 6.42106
37.800000000000267 6.42106
37.900000000000269 6.42106
38.00000000000027 6.42106
38.100000000000271 6.5768
38.200000000000273 6.5768
38.300000000000274 6.5768
38.400000000000276 6.5768
38.500000000000277 6.5768
38.600000000000279 6.72885
38.70000000000028 6.72885
38.800000000000281 6.72885
38.900000000000283 6.87746
39.000000000000284 6.87746
39.100000000000286 7.02286
39.200000000000287 7.02286
39.300000000000288 7.16526
39.40000000000029 7.16526
39.500000000000291 7.30482
39.600000000000293 7.30482
39.700000000000294 7.44171
39.800000000000296 7.44171
39.900000000000297 7.44171
40.000000000000298 7.44171
40.1000000000003 7.44171
40.200000000000301 7.44171
40.300000000000303 7.57609
40.400000000000304 7.57609
40.500000000000306 7.57609
40.600000000000307 7.57609
40.700000000000308 7.57609
40.80000000000031 7.70809
40.900000000000311 7.70809
41.000000000000313 7.70809
41.100000000000314 7.70809
41.200000000000315 7.83782
41.300000000000317 7.83782
41.400000000000318 7.96541
41.50000000000032 7.96541
41.600000000000321 8.09095
41.700000000000323 8.09095
41.800000000000324 8.09095
41.900000000000325 8.21454
42.000000000000327 8.21454
42.100000000000328 8.21454
42.20000000000033 8.21454
42.300000000000331 8.21454
42.400000000000333 8.21454
42.500000000000334 8.21454
42.600000000000335 8.21454
42.700000000000337 8.21454
42.800000000000338 4.10727
42.90000000000034 4.10727
43.000000000000341 4.10727
43.100000000000342 4.10727
43.200000000000344 4.10727
43.300000000000345 4.10727
43.400000000000347 4.10727
43.500000000000348 4.10727
43.60000000000035 4.10727
43.700000000000351 4.10727
43.800000000000352 4.10727
43.900000000000354 4.10727
44.000000000000355 4.10727
44.100000000000357 4.10727
44.200000000000358 4.10727
44.30000000000036 4.10727
44.400000000000361 4.10727
44.500000000000362 4.10727
44.600000000000364 4.10727
44.700000000000365 4.10727
44.800000000000367 4.10727
44.900000000000368 4.35074
45.000000000000369 4.35074
45.100000000000371 4.35074
45.200000000000372 4.35074
45.300000000000374 4.35074
45.400000000000375 4.35074
45.500000000000377 4.35074
45.600000000000378 4.35074
45.700000000000379 4.35074
45.800000000000381 4.35074
45.900000000000382 4.35074
46.000000000000384 4.35074
46.100000000000385 4.35074
46.200000000000387 4.35074
46.300000000000388 4.35074
46.400000000000389 4.35074
46.500000000000391 4.35074
46.600000000000392 4.35074
46.700000000000394 4.35074
46.800000000000395 4.58059
46.900000000000396 4.58059
47.000000000000398 4.7989
47.100000000000399 5.00728
47.200000000000401 5.00728
47.300000000000402 5.20699
47.400000000000404 5.20699
47.500000000000405 5.20699
47.600000000000406 5.20699
47.700000000000408 5.20699
47.800000000000409 5.20699
47.900000000000411 5.20699
48.000000000000412 5.20699
48.100000000000414 5.20699
48.200000000000415 5.39904
48.300000000000416 5.39904
48.400000000000418 5.58426
48.500000000000419 5.58426
48.600000000000421 5.76333
48.700000000000422 5.76333
48.800000000000423 5.93684
48.900000000000425 6.10528
49.000000000000426 6.10528
49.100000000000428 6.10528
49.200000000000429 6.10528
49.300000000000431 6.10528
49.400000000000432 6.26908
49.500000000000433 6.26908
49.600000000000435 6.26908
49.700000000000436 6.42859
49.800000000000438 6.42859
49.900000000000439 6.58414
50.000000000000441 6.73602
50.100000000000442 6.73602
50.200000000000443 6.88448
50.300000000000445 6.88448
50.400000000000446 7.02973
50.500000000000448 7.02973
50.600000000000449 7.02973
50.70000000000045 7.17199
50.800000000000452 7.17199
50.900000000000453 7.17199
51.000000000000455 7.17199
51.100000000000456 7.31142
51.200000000000458 7.31142
51.300000000000459 7.44819
51.40000000000046 7.44819
51.500000000000462 7.58245
51.600000000000463 7.71434
51.700000000000465 7.71434
51.800000000000466 7.71434
51.900000000000468 7.84396
52.000000000000469 7.84396
52.10000000000047 7.97145
52.200000000000472 7.97145
52.300000000000473 7.97145
52.400000000000475 7.97145
52.500000000000476 7.97145
52.600000000000477 8.0969
52.700000000000479 8.0969
52.80000000000048 8.0969
52.900000000000482 8.0969
53.000000000000483 8.0969
53.100000000000485 8.2204
53.200000000000486 8.2204
53.300000000000487 8.2204
53.400000000000489 8.2204
53.50000000000049 8.34205
53.600000000000492 8.34205
53.700000000000493 8.34205
53.800000000000495 8.34205
53.900000000000496 8.34205
54.000000000000497 8.34205
54.100000000000499 8.34205
54.2000000000005 8.34205
54.300000000000502 8.34205
54.400000000000503 8.34205
54.500000000000504 8.34205
54.600000000000506 8.34205
54.700000000000507 8.34205
54.800000000000509 4.17103
54.90000000000051 4.17103
55.000000000000512 4.17103
55.100000000000513 4.17103
55.200000000000514 4.17103
55.300000000000516 4.17103
55.400000000000517 4.17103
55.500000000000519 4.17103
55.60000000000052 4.17103
55.700000000000522 4.17103
55.800000000000523 4.17103
55.900000000000524 4.17103
56.000000000000526 4.17103
56.100000000000527 4.17103
56.200000000000529 4.17103
56.30000000000053 4.17103
56.400000000000531 4.17103
56.500000000000533 4.17103
56.600000000000534 4.17103
56.700000000000536 4.17103
56.800000000000537 4.17103
56.900000000000539 4.17103
57.00000000000054 4.17103
57.100000000000541 4.17103
57.200000000000543 4.17103
57.300000000000544 4.17103
57.400000000000546 4.17103
57.500000000000547 4.17103
57.600000000000549 4.17103
57.70000000000055 4.17103
57.800000000000551 4.17103
57.900000000000553 4.17103
58.000000000000554 4.17103
58.100000000000556 4.17103
58.200000000000557 4.17103
58.300000000000558 4.17103
58.40000000000056 4.17103
58.500000000000561 4.17103
58.600000000000563 4.17103
58.700000000000564 4.17103
58.800000000000566 4.17103
58.900000000000567 4.17103
59.000000000000568 4.17103
59.10000000000057 4.17103
59.200000000000571 4.17103
59.300000000000573 4.17103
59.400000000000574 4.17103
59.500000000000576 4.17103
59.600000000000577 4.17103
59.700000000000578 1
59.80000000000058 1
59.900000000000581 1
60.000000000000583 1
60.100000000000584 1
60.200000000000585 2
60.300000000000587 2
60.400000000000588 2
60.50000000000059 2
60.600000000000591 2
60.700000000000593 2
60.800000000000594 2
60.900000000000595 2
61.000000000000597 2
61.100000000000598 2
61.2000000000006 2
61.300000000000601 2
61.400000000000603 2
61.500000000000604 2.5
61.600000000000605 2.5
61.700000000000607 2.5
61.800000000000608 2.5
61.90000000000061 2.5
62.000000000000611 2.5
62.100000000000612 2.5
62.200000000000614 2.5
62.300000000000615 2.5
62.400000000000617 2.5
62.500000000000618 2.5
62.60000000000062 2.5
62.700000000000621 2.9
62.800000000000622 2.9
62.900000000000624 3.24483
63.000000000000625 3.24483
63.100000000000627 3.55301
63.200000000000628 3.55301
63.30000000000063 3.55301
63.400000000000631 3.55301
63.500000000000632 3.83446
63.600000000000634 3.83446
63.700000000000635 3.83446
63.800000000000637 3.83446
63.900000000000638 3.83446
64.000000000000639 3.83446
64.100000000000634 3.83446
64.200000000000628 4.09525
64.300000000000622 4.09525
64.400000000000617 4.09525
64.500000000000611 4.09525
64.600000000000605 4.33944
64.7000000000006 4.33944
64.800000000000594 4.33944
64.900000000000588 4.33944
65.000000000000583 4.33944
65.100000000000577 4.56988
65.200000000000571 4.56988
65.300000000000566 4.56988
65.40000000000056 4.56988
65.500000000000554 4.56988
65.600000000000549 4.78871
65.700000000000543 4.78871
65.800000000000537 4.99753
65.900000000000531 4.99753
66.000000000000526 4.99753
66.10000000000052 4.99753
66.200000000000514 5.19763
66.300000000000509 5.19763
66.400000000000503 5.39003
66.500000000000497 5.39003
66.600000000000492 5.39003
66.700000000000486 5.39003
66.80000000000048 5.57555
66.900000000000475 5.57555
67.000000000000469 5.75491
67.100000000000463 5.75491
67.200000000000458 5.75491
67.300000000000452 5.75491
67.400000000000446 5.75491
67.500000000000441 5.92867
67.600000000000435 5.92867
67.700000000000429 6.09735
67.800000000000423 6.09735
67.900000000000418 6.09735
68.000000000000412 6.26135
68.100000000000406 6.26135
68.200000000000401 6.26135
68.300000000000395 6.26135
68.400000000000389 6.26135
68.500000000000384 6.26135
68.600000000000378 6.26135
68.700000000000372 6.42106
68.800000000000367 6.42106
68.900000000000361 6.42106
69.000000000000355 6.5768
69.10000000000035 6.5768
69.200000000000344 6.5768
69.300000000000338 6.5768
69.400000000000333 6.5768
69.500000000000327 6.5768
69.600000000000321 6.5768
69.700000000000315 6.5768
69.80000000000031 6.5768
69.900000000000304 6.5768
70.000000000000298 6.5768
70.100000000000293 6.5768
70.200000000000287 6.5768
70.300000000000281 6.5768
70.400000000000276 6.5768
70.50000000000027 6.5768
70.600000000000264 6.5768
70.700000000000259 6.5768
70.800000000000253 6.5768
70.900000000000247 6.5768
71.000000000000242 6.5768
71.100000000000236 6.5768
71.20000000000023 6.5768
71.300000000000225 6.5768
71.400000000000219 6.5768
71.500000000000213 6.5768
71.600000000000207 1
71.700000000000202 1
71.800000000000196 1
71.90000000000019 1
72.000000000000185 1
72.100000000000179 1
72.200000000000173 1
72.300000000000168 1
72.400000000000162 1
72.500000000000156 1
72.600000000000151 1
72.700000000000145 1
72.800000000000139 2
72.900000000000134 2
73.000000000000128 2
73.100000000000122 2
73.200000000000117 2
73.300000000000111 2
73.400000000000105 2
73.500000000000099 2
73.600000000000094 2
73.700000000000088 2
73.800000000000082 2
73.900000000000077 2
74.000000000000071 2
74.100000000000065 3
74.20000000000006 3
74.300000000000054 3.33333
74.400000000000048 3.33333
74.500000000000043 3.33333
74.600000000000037 3.33333
74.700000000000031 3.33333
74.800000000000026 3.33333
74.90000000000002 3.33333
75.000000000000014 3.33333
75.100000000000009 3.33333
75.200000000000003 3.33333
75.299999999999997 3.63333
75.399999999999991 3.63333
75.499999999999986 3.90856
75.59999999999998 3.90856
75.699999999999974 4.16441
75.799999999999969 4.16441
75.899999999999963 4.16441
75.999999999999957 4.16441
76.099999999999952 4.16441
76.199999999999946 4.16441
76.29999999999994 4.16441
76.399999999999935 4.16441
76.499999999999929 4.16441
76.599999999999923 4.16441
76.699999999999918 4.16441
76.799999999999912 4.40454
76.899999999999906 4.40454
76.999999999999901 4.40454
77.099999999999895 4.40454
77.199999999999889 4.63158
77.299999999999883 4.63158
77.399999999999878 4.63158
77.499999999999872 4.84749
77.599999999999866 4.84749
77.699999999999861 5.05378
77.799999999999855 5.05378
77.899999999999849 5.05378
77.999999999999844 5.05378
78.099999999999838 5.05378
78.199999999999832 5.05378
78.299999999999827 5.05378
78.399999999999821 5.05378
78.499999999999815 5.05378
78.59999999999981 5.05378
78.699999999999804 5.05378
78.799999999999798 5.05378
78.899999999999793 5.05378
78.999999999999787 5.05378
79.099999999999781 5.05378
79.199999999999775 5.05378
79.29999999999977 5.05378
79.399999999999764 5.05378
79.499999999999758 2.52689
79.599999999999753 2.52689
79.699999999999747 2.52689
79.799999999999741 2.52689
79.899999999999736 2.52689
79.99999999999973 2.52689
80.099999999999724 2.52689
80.199999999999719 2.52689
80.299999999999713 2.52689
80.399999999999707 2.52689
80.499999999999702 2.52689
80.599999999999696 2.52689
80.69999999999969 2.52689
80.799999999999685 2.52689
80.899999999999679 2.52689
80.999999999999673 2.52689
81.099999999999667 2.52689
81.199999999999662 2.52689
81.299999999999656 2.52689
81.39999999999965 2.52689
81.499999999999645 2.52689
81.599999999999639 2.52689
81.699999999999633 2.52689
81.799999999999628 2.52689
81.899999999999622 2.52689
81.999999999999616 2.52689
82.099999999999611 2.52689
82.199999999999605 2.52689
82.299999999999599 2.52689
82.399999999999594 2.92263
82.499999999999588 2.92263
82.599999999999582 3.26479
82.699999999999577 3.26479
82.799999999999571 3.26479
82.899999999999565 3.26479
82.999999999999559 3.26479
83.099999999999554 3.26479
83.199999999999548 3.26479
83.299999999999542 3.26479
83.399999999999537 3.26479
83.499999999999531 3.26479
83.599999999999525 3.26479
83.69999999999952 3.57109
83.799999999999514 3.57109
83.899999999999508 3.85112
83.999999999999503 3.85112
84.099999999999497 4.11078
84.199999999999491 4.11078
84.299999999999486 4.11078
84.39999999999948 4.11078
84.499999999999474 4.11078
84.599999999999469 4.11078
84.699999999999463 4.11078
84.799999999999457 4.11078
84.899999999999451 4.35404
84.999999999999446 4.35404
85.09999999999944 4.35404
85.199999999999434 4.35404
85.299999999999429 4.58372
85.399999999999423 4.58372
85.499999999999417 4.58372
85.599999999999412 4.80188
85.699999999999406 4.80188
85.7999999999994 5.01013
85.899999999999395 5.01013
85.999999999999389 5.01013
86.099999999999383 5.01013
86.199999999999378 5.01013
86.299999999999372 5.01013
86.399999999999366 5.20973
86.499999999999361 5.20973
86.599999999999355 5.40167
86.699999999999349 5.40167
86.799999999999343 5.40167
86.899999999999338 5.5868
86.999999999999332 5.5868
87.099999999999326 5.7658
87.199999999999321 5.7658
87.299999999999315 5.93923
87.399999999999309 5.93923
87.499999999999304 5.93923
87.599999999999298 5.93923
87.699999999999292 5.93923
87.799999999999287 5.93923
87.899999999999281 6.1076
87.999999999999275 6.1076
88.09999999999927 6.27133
88.199999999999264 6.27133
88.299999999999258 6.43079
88.399999999999253 6.43079
88.499999999999247 6.58629
88.599999999999241 6.73812
88.699999999999235 6.73812
88.79999999999923 6.73812
88.899999999999224 6.73812
88.999999999999218 6.73812
89.099999999999213 6.88653
89.199999999999207 6.88653
89.299999999999201 7.03174
89.399999999999196 7.03174
89.49999999999919 7.03174
89.599999999999184 7.03174
89.699999999999179 7.17396
89.799999999999173 7.17396
89.899999999999167 7.17396
89.999999999999162 7.31335
90.099999999999156 7.31335
90.19999999999915 7.45008
90.299999999999145 7.45008
90.399999999999139 7.45008
90.499999999999133 7.45008
90.599999999999127 7.58431
90.699999999999122 7.58431
90.799999999999116 7.58431
90.89999999999911 7.58431
90.999999999999105 7.58431
91.099999999999099 7.58431
91.199999999999093 7.58431
91.299999999999088 7.58431
91.399999999999082 7.58431
91.499999999999076 7.58431
91.599999999999071 7.58431
91.699999999999065 3.79216
91.799999999999059 3.79216
91.899999999999054 3.79216
91.999999999999048 3.79216
92.099999999999042 3.79216
92.199999999999037 3.79216
92.299999999999031 3.79216
92.399999999999025 3.79216
92.499999999999019 3.79216
92.599999999999014 3.79216
92.699999999999008 3.79216
92.799999999999002 3.79216
92.899999999998997 3.79216
92.999999999998991 3.79216
93.099999999998985 3.79216
93.19999999999898 3.79216
93.299999999998974 3.79216
93.399999999998968 3.79216
93.499999999998963 4.05586
93.599999999998957 4.05586
93.699999999998951 4.05586
93.799999999998946 4.05586
93.89999999999894 4.05586
93.999999999998934 4.05586
94.099999999998929 4.05586
94.199999999998923 4.05586
94.299999999998917 4.05586
94.399999999998911 4.05586
94.499999999998906 4.05586
94.5999999999989 4.05586
94.699999999998894 4.05586
94.799999999998889 4.30241
94.899999999998883 4.30241
94.999999999998877 4.30241
95.099999999998872 4.30241
95.199999999998866 4.53484
95.29999999999886 4.53484
95.399999999998855 4.75536
95.499999999998849 4.75536
95.599999999998843 4.96565
95.699999999998838 4.96565
95.799999999998832 4.96565
95.899999999998826 4.96565
95.99999999999882 4.96565
96.099999999998815 5.16703
96.199999999998809 5.16703
96.299999999998803 5.16703
96.399999999998798 5.16703
96.499999999998792 5.36056
96.599999999998786 5.36056
96.699999999998781 5.36056
96.799999999998775 5.54711
96.899999999998769 5.54711
96.999999999998764 5.54711
97.099999999998758 5.72739
97.199999999998752 5.72739
97.299999999998747 5.72739
97.399999999998741 5.72739
97.499999999998735 5.72739
97.59999999999873 5.72739
97.699999999998724 5.90199
97.799999999998718 5.90199
97.899999999998712 6.07142
97.999999999998707 6.07142
98.099999999998701 6.07142
98.199999999998695 6.07142
98.29999999999869 6.23613
98.399999999998684 6.23613
98.499999999998678 6.39648
98.599999999998673 6.39648
98.699999999998667 6.39648
98.799999999998661 6.55282
98.899999999998656 6.55282
98.99999999999865 6.55282
99.099999999998644 6.55282
99.199999999998639 6.55282
99.299999999998633 6.55282
99.399999999998627 6.55282
99.499999999998622 6.55282
99.599999999998616 6.70542
99.69999999999861 6.70542
99.799999999998604 6.70542
99.899999999998599 6.70542
99.999999999998593 6.70542
100.09999999999859 6.70542
100.19999999999858 6.70542
100.29999999999858 6.70542
100.39999999999857 6.70542
100.49999999999856 6.70542
100.59999999999856 6.70542
100.69999999999855 6.70542
100.79999999999855 6.70542
100.89999999999854 6.70542
100.99999999999854 3.35271
101.09999999999853 3.35271
101.19999999999852 3.35271
101.29999999999852 3.35271
101.39999999999851 3.35271
101.49999999999851 3.35271
101.5999999999985 3.35271
101.6999999999985 3.35271
101.79999999999849 3.35271
101.89999999999849 3.35271
101.99999999999848 3.35271
102.09999999999847 3.35271
102.19999999999847 3.35271
102.29999999999846 3.35271
102.39999999999846 3.35271
102.49999999999845 3.35271
102.59999999999845 3.35271
102.69999999999844 3.35271
102.79999999999843 3.35271
102.89999999999843 3.35271
102.99999999999842 3.35271
103.09999999999842 3.35271
103.19999999999841 3.35271
103.29999999999841 3.35271
103.3999999999984 3.35271
103.49999999999839 3.35271
103.59999999999839 3.35271
103.69999999999838 3.35271
103.79999999999838 3.35271
103.89999999999837 3.35271
103.99999999999837 3.35271
104.09999999999836 3.35271
104.19999999999835 3.35271
104.29999999999835 3.35271
104.39999999999834 3.35271
104.49999999999834 3.35271
104.59999999999833 3.35271
104.69999999999833 3.35271
104.79999999999832 3.35271
104.89999999999831 3.35271
104.99999999999831 3.35271
105.0999999999983 3.35271
105.1999999999983 1
105.29999999999829 1
105.39999999999829 1
105.49999999999828 1
105.59999999999827 1
105.69999999999827 1
105.79999999999826 1
105.89999999999826 2
105.99999999999825 2
106.09999999999825 2.5
106.19999999999824 2.5
106.29999999999824 2.9
106.39999999999823 2.9
106.49999999999822 2.9
106.59999999999822 2.9
106.69999999999821 2.9
106.79999999999821 2.9
106.8999999999982 2.9
106.9999999999982 2.9
107.09999999999819 2.9
107.19999999999818 2.9
107.29999999999818 2.9
107.39999999999817 2.9
107.49999999999817 2.9
107.59999999999816 2.9
107.69999999999816 2.9
107.79999999999815 2.9
107.89999999999814 3.24483
107.99999999999814 3.24483
108.09999999999813 3.24483
108.19999999999813 3.55301
108.29999999999812 3.55301
108.39999999999812 3.55301
108.49999999999811 3.55301
108.5999999999981 3.83446
108.6999999999981 3.83446
108.79999999999809 4.09525
108.89999999999809 4.09525
108.99999999999808 4.09525
109.09999999999808 4.09525
109.19999999999807 4.09525
109.29999999999806 4.09525
109.39999999999806 4.09525
109.49999999999805 4.33944
109.59999999999805 4.33944
109.69999999999804 4.33944
109.79999999999804 4.33944
109.89999999999803 4.33944
109.99999999999802 4.56988
110.09999999999802 4.56988
110.19999999999801 4.56988
110.29999999999801 4.78871
110.399999999998 4.78871
110.499999999998 4.99753
110.59999999999799 4.99753
110.69999999999798 4.99753
110.79999999999798 4.99753
110.89999999999797 5.19763
110.99999999999797 5.19763
111.09999999999796 5.19763
111.19999999999796 5.19763
111.29999999999795 5.39003
111.39999999999795 5.39003
111.49999999999794 5.39003
111.59999999999793 5.57555
111.69999999999793 5.75491
111.79999999999792 5.75491
111.89999999999792 5.75491
111.99999999999791 5.75491
112.09999999999791 5.75491
112.1999999999979 5.92867
112.29999999999789 5.92867
112.39999999999789 6.09735
112.49999999999788 6.09735
112.59999999999788 6.09735
112.69999999999787 6.09735
112.79999999999787 6.09735
112.89999999999786 6.26135
112.99999999999785 6.26135
113.09999999999785 6.26135
113.19999999999784 6.26135
113.29999999999784 6.42106
113.39999999999783 6.42106
113.49999999999783 6.5768
113.59999999999782 6.5768
113.69999999999781 6.72885
113.79999999999781 6.72885
113.8999999999978 6.87746
113.9999999999978 7.02286
114.09999999999779 7.02286
114.19999999999779 7.16526
114.29999999999778 7.16526
114.39999999999777 7.16526
114.49999999999777 7.16526
114.59999999999776 7.16526
114.69999999999776 7.16526
114.79999999999775 7.30482
114.89999999999775 7.30482
114.99999999999774 7.30482
115.09999999999773 7.30482
115.19999999999773 7.44171
115.29999999999772 7.44171
115.39999999999772 7.44171
115.49999999999771 7.57609
115.59999999999771 7.57609
115.6999999999977 7.57609
115.79999999999769 7.70809
115.89999999999769 7.70809
115.99999999999768 7.70809
116.09999999999768 7.70809
116.19999999999767 7.83782
116.29999999999767 7.83782
116.39999999999766 7.83782
116.49999999999766 7.83782
116.59999999999765 7.83782
116.69999999999764 7.83782
116.79999999999764 7.83782
116.89999999999763 3.91891
116.99999999999763 3.91891
117.09999999999762 3.91891
117.19999999999762 3.91891
117.29999999999761 3.91891
117.3999999999976 3.91891
117.4999999999976 3.91891
117.59999999999759 3.91891
117.69999999999759 3.91891
117.79999999999758 3.91891
117.89999999999758 3.91891
117.99999999999757 3.91891
118.09999999999756 3.91891
118.19999999999756 3.91891
118.29999999999755 3.91891
118.39999999999755 3.91891
118.49999999999754 3.91891
118.59999999999754 3.91891
118.69999999999753 3.91891
118.79999999999752 3.91891
118.89999999999752 4.17408
118.99999999999751 4.17408
119.09999999999751 4.17408
119.1999999999975 4.17408
119.2999999999975 4.17408
119.39999999999749 4.17408
119.49999999999748 4.41366
119.59999999999748 4.41366
119.69999999999747 4.41366
119.79999999999747 4.41366
119.89999999999746 4.41366
119.99999999999746 4.41366
120.09999999999745 4.41366
120.19999999999744 4.41366
120.29999999999744 4.41366
120.39999999999743 4.64023
120.49999999999743 4.64023
120.59999999999742 4.85573
120.69999999999742 4.85573
120.79999999999741 5.06168
120.89999999999741 5.06168
120.9999999999974 5.06168
121.09999999999739 5.06168
121.19999999999739 5.06168
121.29999999999738 5.06168
121.39999999999738 5.06168
121.49999999999737 5.25924
121.59999999999737 5.25924
121.69999999999736 5.25924
121.79999999999735 5.25924
121.89999999999735 5.25924
121.99999999999734 5.25924
122.09999999999734 5.44938
122.19999999999733 5.44938
122.29999999999733 5.44938
122.39999999999732 5.44938
122.49999999999731 5.63289
122.59999999999731 5.81042
122.6999999999973 5.81042
122.7999999999973 5.98252
122.89999999999729 5.98252
122.99999999999729 5.98252
123.09999999999728 5.98252
123.19999999999727 5.98252
123.29999999999727 5.98252
123.39999999999726 6.14967
123.49999999999726 6.14967
123.59999999999725 6.14967
123.69999999999725 6.14967
123.79999999999724 6.14967
123.89999999999723 6.14967
123.99999999999723 6.14967
124.09999999999722 6.31228
124.19999999999722 6.31228
124.29999999999721 6.31228
124.39999999999721 6.31228
124.4999999999972 6.47071
124.59999999999719 6.47071
124.69999999999719 6.62525
124.79999999999718 6.62525
124.89999999999718 6.62525
124.99999999999717 6.77619
125.09999999999717 6.77619
125.19999999999716 6.77619
125.29999999999715 6.77619
125.39999999999715 6.77619
125.49999999999714 6.92376
125.59999999999714 6.92376
125.69999999999713 7.06819
125.79999999999713 7.06819
125.89999999999712 7.06819
125.99999999999712 7.06819
126.09999999999711 7.06819
126.1999999999971 7.06819
126.2999999999971 7.20967
126.39999999999709 7.20967
126.49999999999709 7.20967
126.59999999999708 7.34837
126.69999999999708 7.34837
126.79999999999707 7.34837
126.89999999999706 7.48446
126.99999999999706 7.48446
127.09999999999705 7.48446
127.19999999999705 7.48446
127.29999999999704 7.61807
127.39999999999704 7.61807
127.49999999999703 7.61807
127.59999999999702 7.61807
127.69999999999702 7.61807
127.79999999999701 7.61807
127.89999999999701 7.61807
127.999999999997 7.61807
128.09999999999701 7.61807
128.199999999997 7.61807
128.299999999997 7.61807
128.39999999999699 7.61807
128.49999999999699 3.80903
128.59999999999698 3.80903
128.69999999999698 3.80903
128.79999999999697 3.80903
128.89999999999696 3.80903
128.99999999999696 3.80903
129.09999999999695 3.80903
129.19999999999695 3.80903
129.29999999999694 3.80903
129.39999999999694 3.80903
129.49999999999693 3.80903
129.59999999999692 3.80903
129.69999999999692 3.80903
129.79999999999691 3.80903
129.89999999999691 3.80903
129.9999999999969 3.80903
130.0999999999969 3.80903
130.19999999999689 3.80903
130.29999999999688 3.80903
130.39999999999688 3.80903
130.49999999999687 3.80903
130.59999999999687 3.80903
130.69999999999686 3.80903
130.79999999999686 3.80903
130.89999999999685 3.80903
130.99999999999685 3.80903
131.09999999999684 3.80903
131.19999999999683 3.80903
131.29999999999683 3.80903
131.39999999999682 3.80903
131.49999999999682 3.80903
131.59999999999681 3.80903
131.69999999999681 3.80903
131.7999999999968 3.80903
131.89999999999679 3.80903
131.99999999999679 3.80903
132.09999999999678 3.80903
132.19999999999678 3.80903
132.29999999999677 3.80903
132.39999999999677 3.80903
132.49999999999676 3.80903
132.59999999999675 3.80903
132.69999999999675 3.80903
132.79999999999674 3.80903
132.89999999999674 3.80903
132.99999999999673 3.80903
133.09999999999673 4.07157
133.19999999999672 4.07157
133.29999999999671 4.31717
133.39999999999671 4.31717
133.4999999999967 4.31717
133.5999999999967 4.54881
133.69999999999669 4.54881
133.79999999999669 4.54881
133.89999999999668 4.54881
133.99999999999667 4.54881
134.09999999999667 4.54881
134.19999999999666 4.54881
134.29999999999666 4.54881
134.39999999999665 4.54881
134.49999999999665 4.54881
134.59999999999664 4.54881
134.69999999999663 4.76864
134.79999999999663 4.76864
134.89999999999662 4.97835
134.99999999999662 4.97835
135.09999999999661 4.97835
135.19999999999661 5.17922
135.2999999999966 5.3723
135.3999999999966 5.3723
135.49999999999659 5.3723
135.59999999999658 5.3723
135.69999999999658 5.3723
135.79999999999657 5.3723
135.89999999999657 5.3723
135.99999999999656 5.55844
136.09999999999656 5.55844
136.19999999999655 5.73834
136.29999999999654 5.73834
136.39999999999654 5.91261
136.49999999999653 5.91261
136.59999999999653 6.08174
136.69999999999652 6.24617
136.79999999999652 6.24617
136.89999999999651 6.24617
136.9999999999965 6.24617
137.0999999999965 6.24617
137.19999999999649 6.40626
137.29999999999649 6.40626
137.39999999999648 6.40626
137.49999999999648 6.40626
137.59999999999647 6.56236
137.69999999999646 6.56236
137.79999999999646 6.71475
137.89999999999645 6.71475
137.99999999999645 6.86367
138.09999999999644 6.86367
138.19999999999644 7.00937
138.29999999999643 7.15203
138.39999999999642 7.15203
138.49999999999642 7.15203
138.59999999999641 7.15203
138.69999999999641 7.15203
138.7999999999964 7.29185
138.8999999999964 7.29185
138.99999999999639 7.29185
139.09999999999638 7.29185
139.19999999999638 7.42899
139.29999999999637 7.42899
139.39999999999637 7.5636
139.49999999999636 7.5636
139.59999999999636 7.5636
139.69999999999635 7.69581
139.79999999999634 7.69581
139.89999999999634 7.69581
139.99999999999633 7.82575
140.09999999999633 7.82575
140.19999999999632 7.95354
140.29999999999632 7.95354
140.39999999999631 7.95354
140.49999999999631 8.07927
140.5999999999963 8.07927
140.69999999999629 8.07927
140.79999999999629 8.07927
140.89999999999628 8.07927
140.99999999999628 8.07927
141.09999999999627 8.20304
141.19999999999627 8.20304
141.29999999999626 8.20304
141.39999999999625 8.20304
141.49999999999625 8.20304
141.59999999999624 8.20304
141.69999999999624 8.20304
141.79999999999623 8.20304
141.89999999999623 8.20304
141.99999999999622 8.20304
142.09999999999621 8.20304
142.19999999999621 8.20304
142.2999999999962 8.20304
142.3999999999962 4.10152
142.49999999999619 4.10152
142.59999999999619 4.10152
142.69999999999618 4.10152
142.79999999999617 4.10152
142.89999999999617 4.10152
142.99999999999616 4.10152
143.09999999999616 4.10152
143.19999999999615 4.10152
143.29999999999615 4.10152
143.39999999999614 4.10152
143.49999999999613 4.10152
143.59999999999613 4.10152
143.69999999999612 4.10152
143.79999999999612 4.10152
143.89999999999611 4.10152
143.99999999999611 4.10152
144.0999999999961 4.10152
144.19999999999609 4.10152
144.29999999999609 4.10152
144.39999999999608 4.10152
144.49999999999608 4.10152
144.59999999999607 4.10152
144.69999999999607 4.10152
144.79999999999606 4.10152
144.89999999999606 4.10152
144.99999999999605 4.10152
145.09999999999604 4.10152
145.19999999999604 4.10152
145.29999999999603 4.10152
145.39999999999603 4.10152
145.49999999999602 4.10152
145.59999999999602 4.10152
145.69999999999601 4.10152
145.799999999996 4.10152
145.899999999996 4.10152
145.99999999999599 4.10152
146.09999999999599 4.10152
146.19999999999598 4.10152
146.29999999999598 4.10152
146.39999999999597 4.10152
146.49999999999596 4.10152
146.59999999999596 4.10152
146.69999999999595 4.10152
146.79999999999595 4.10152
146.89999999999594 4.10152
146.99999999999594 4.10152
147.09999999999593 4.10152
147.19999999999592 4.10152
147.29999999999592 4.10152
147.39999999999591 4.10152
147.49999999999591 1
147.5999999999959 1
147.6999999999959 2
147.79999999999589 2
147.89999999999588 2.5
147.99999999999588 2.5
148.09999999999587 2.5
148.19999999999587 2.5
148.29999999999586 2.5
148.39999999999586 2.5
148.49999999999585 2.5
148.59999999999584 2.5
148.69999999999584 2.5
148.79999999999583 2.5
148.89999999999583 2.5
148.99999999999582 2.5
149.09999999999582 2.5
149.19999999999581 2.5
149.2999999999958 2.9
149.3999999999958 2.9
149.49999999999579 2.9
149.59999999999579 3.24483
149.69999999999578 3.24483
149.79999999999578 3.24483
149.89999999999577 3.24483
149.99999999999577 3.24483
150.09999999999576 3.24483
150.19999999999575 3.24483
150.29999999999575 3.24483
150.39999999999574 3.55301
150.49999999999574 3.55301
150.59999999999573 3.83446
150.69999999999573 3.83446
150.79999999999572 3.83446
150.89999999999571 3.83446
150.99999999999571 3.83446
151.0999999999957 4.09525
151.1999999999957 4.09525
151.29999999999569 4.09525
151.39999999999569 4.09525
151.49999999999568 4.09525
151.59999999999567 4.09525
151.69999999999567 4.33944
151.79999999999566 4.33944
151.89999999999566 4.33944
151.99999999999565 4.56988
152.09999999999565 4.56988
152.19999999999564 4.56988
152.29999999999563 4.56988
152.39999999999563 4.56988
152.49999999999562 4.78871
152.59999999999562 4.78871
152.69999999999561 4.99753
152.79999999999561 4.99753
152.8999999999956 4.99753
152.99999999999559 4.99753
153.09999999999559 4.99753
153.19999999999558 5.19763
153.29999999999558 5.19763
153.39999999999557 5.19763
153.49999999999557 5.19763
153.59999999999556 5.39003
153.69999999999555 5.39003
153.79999999999555 5.39003
153.89999999999554 5.57555
153.99999999999554 5.57555
154.09999999999553 5.57555
154.19999999999553 5.75491
154.29999999999552 5.75491
154.39999999999552 5.75491
154.49999999999551 5.75491
154.5999999999955 5.92867
154.6999999999955 6.09735
154.79999999999549 6.09735
154.89999999999549 6.09735
154.99999999999548 6.26135
155.09999999999548 6.42106
155.19999999999547 6.42106
155.29999999999546 6.42106
155.39999999999546 6.42106
155.49999999999545 6.5768
155.59999999999545 6.5768
155.69999999999544 6.5768
155.79999999999544 6.72885
155.89999999999543 6.72885
155.99999999999542 6.72885
156.09999999999542 6.72885
156.19999999999541 6.87746
156.29999999999541 6.87746
156.3999999999954 7.02286
156.4999999999954 7.02286
156.59999999999539 7.02286
156.69999999999538 7.16526
156.79999999999538 7.16526
156.89999999999537 7.16526
156.99999999999537 7.16526
157.09999999999536 7.30482
157.19999999999536 7.30482
157.29999999999535 7.30482
157.39999999999534 7.30482
157.49999999999534 7.30482
157.59999999999533 7.44171
157.69999999999533 7.44171
157.79999999999532 7.44171
157.89999999999532 7.44171
157.99999999999531 7.44171
158.0999999999953 7.44171
158.1999999999953 7.44171
158.29999999999529 7.44171
158.39999999999529 3.72086
158.49999999999528 3.72086
158.59999999999528 3.72086
158.69999999999527 3.72086
158.79999999999526 3.72086
158.89999999999526 3.72086
158.99999999999525 3.72086
159.09999999999525 3.72086
159.19999999999524 3.72086
159.29999999999524 3.72086
159.39999999999523 3.72086
159.49999999999523 3.72086
159.59999999999522 3.72086
159.69999999999521 3.72086
159.79999999999521 3.72086
159.8999999999952 3.72086
159.9999999999952 3.72086
160.09999999999519 3.72086
160.19999999999519 3.72086
160.29999999999518 3.72086
160.39999999999517 3.72086
160.49999999999517 3.72086
160.59999999999516 3.98961
160.69999999999516 3.98961
160.79999999999515 3.98961
160.89999999999515 3.98961
160.99999999999514 4.24026
161.09999999999513 4.24026
161.19999999999513 4.24026
161.29999999999512 4.24026
161.39999999999512 4.24026
161.49999999999511 4.24026
161.59999999999511 4.24026
161.6999999999951 4.24026
161.79999999999509 4.4761
161.89999999999509 4.4761
161.99999999999508 4.69951
162.09999999999508 4.69951
162.19999999999507 4.69951
162.29999999999507 4.9123
162.39999999999506 4.9123
162.49999999999505 5.11587
162.59999999999505 5.11587
162.69999999999504 5.11587
162.79999999999504 5.11587
162.89999999999503 5.11587
162.99999999999503 5.11587
163.09999999999502 5.11587
163.19999999999501 5.11587
163.29999999999501 5.31134
163.399999999995 5.31134
163.499999999995 5.49961
163.59999999999499 5.49961
163.69999999999499 5.49961
163.79999999999498 5.49961
163.89999999999498 5.68144
163.99999999999497 5.68144
164.09999999999496 5.68144
164.19999999999496 5.85746
164.29999999999495 5.85746
164.39999999999495 6.02818
164.49999999999494 6.02818
164.59999999999494 6.02818
164.69999999999493 6.19407
164.79999999999492 6.19407
164.89999999999492 6.35551
164.99999999999491 6.35551
165.09999999999491 6.35551
165.1999999999949 6.51285
165.2999999999949 6.51285
165.39999999999489 6.6664
165.49999999999488 6.6664
165.59999999999488 6.8164
165.69999999999487 6.8164
165.79999999999487 6.96311
165.89999999999486 6.96311
165.99999999999486 6.96311
166.09999999999485 7.10672
166.19999999999484 7.10672
166.29999999999484 7.10672
166.39999999999483 7.24743
166.49999999999483 7.24743
166.59999999999482 7.24743
166.69999999999482 7.24743
166.79999999999481 7.24743
166.8999999999948 7.38541
166.9999999999948 7.38541
167.09999999999479 7.38541
167.19999999999479 7.52082
167.29999999999478 7.65378
167.39999999999478 7.65378
167.49999999999477 7.65378
167.59999999999476 7.65378
167.69999999999476 7.78443
167.79999999999475 7.78443
167.89999999999475 7.78443
167.99999999999474 7.78443
168.09999999999474 7.78443
168.19999999999473 7.9129
168.29999999999472 7.9129
168.39999999999472 8.03927
168.49999999999471 8.03927
168.59999999999471 8.03927
168.6999999999947 8.03927
168.7999999999947 8.03927
168.89999999999469 8.03927
168.99999999999469 8.03927
169.09999999999468 8.03927
169.19999999999467 8.03927
169.29999999999467 8.03927
169.39999999999466 8.03927
169.49999999999466 8.03927
169.59999999999465 8.03927
169.69999999999465 8.03927
169.79999999999464 8.03927
169.89999999999463 8.03927
169.99999999999463 8.03927
170.09999999999462 8.03927
170.19999999999462 4.01964
170.29999999999461 4.01964
170.39999999999461 4.01964
170.4999999999946 4.01964
170.59999999999459 4.01964
170.69999999999459 4.01964
170.79999999999458 4.01964
170.89999999999458 4.01964
170.99999999999457 4.01964
171.09999999999457 4.01964
171.19999999999456 4.01964
171.29999999999455 4.01964
171.39999999999455 4.01964
171.49999999999454 4.01964
171.59999999999454 4.01964
171.69999999999453 4.01964
171.79999999999453 4.01964
171.89999999999452 4.01964
171.99999999999451 4.01964
172.09999999999451 4.01964
172.1999999999945 4.01964
172.2999999999945 4.01964
172.39999999999449 4.01964
172.49999999999449 4.01964
172.59999999999448 4.01964
172.69999999999447 4.01964
172.79999999999447 4.01964
172.89999999999446 4.01964
172.99999999999446 4.01964
173.09999999999445 4.01964
173.19999999999445 4.01964
173.29999999999444 4.01964
173.39999999999444 4.01964
173.49999999999443 4.01964
173.59999999999442 4.01964
173.69999999999442 4.01964
173.79999999999441 4.01964
173.89999999999441 4.01964
173.9999999999944 4.01964
174.0999999999944 4.01964
174.19999999999439 4.01964
174.29999999999438 4.01964
174.39999999999438 4.01964
174.49999999999437 4.01964
174.59999999999437 4.26841
174.69999999999436 4.26841
174.79999999999436 4.50269
174.89999999999435 4.50269
174.99999999999434 4.50269
175.09999999999434 4.50269
175.19999999999433 4.50269
175.29999999999433 4.50269
175.39999999999432 4.50269
175.49999999999432 4.50269
175.59999999999431 4.50269
175.6999999999943 4.50269
175.7999999999943 4.50269
175.89999999999429 4.72478
175.99999999999429 4.93643
176.09999999999428 4.93643
176.19999999999428 5.13901
176.29999999999427 5.13901
176.39999999999426 5.3336
176.49999999999426 5.3336
176.59999999999425 5.3336
176.69999999999425 5.3336
176.79999999999424 5.3336
176.89999999999424 5.3336
176.99999999999423 5.3336
177.09999999999422 5.52109
177.19999999999422 5.52109
177.29999999999421 5.52109
177.39999999999421 5.52109
177.4999999999942 5.70221
177.5999999999942 5.70221
177.69999999999419 5.70221
177.79999999999418 5.87758
177.89999999999418 5.87758
177.99999999999417 6.04772
178.09999999999417 6.04772
178.19999999999416 6.04772
178.29999999999416 6.21307
178.39999999999415 6.21307
178.49999999999415 6.21307
178.59999999999414 6.21307
178.69999999999413 6.21307
178.79999999999413 6.21307
178.89999999999412 6.37402
178.99999999999412 6.37402
179.09999999999411 6.37402
179.19999999999411 6.37402
179.2999999999941 6.53091
179.39999999999409 6.53091
179.49999999999409 6.53091
179.59999999999408 6.68403
179.69999999999408 6.68403
179.79999999999407 6.83364
179.89999999999407 6.83364
179.99999999999406 6.97997
180.09999999999405 6.97997
180.19999999999405 6.97997
180.29999999999404 6.97997
180.39999999999404 7.12324
180.49999999999403 7.12324
180.59999999999403 7.12324
180.69999999999402 7.12324
180.79999999999401 7.12324
180.89999999999401 7.26363
180.999999999994 7.26363
181.099999999994 7.26363
181.19999999999399 7.26363
181.29999999999399 7.26363
181.39999999999398 7.26363
181.49999999999397 7.26363
181.59999999999397 7.26363
181.69999999999396 7.26363
181.79999999999396 7.26363
181.89999999999395 7.26363
181.99999999999395 7.26363
182.09999999999394 3.63181
182.19999999999393 3.63181
182.29999999999393 3.63181
182.39999999999392 3.63181
182.49999999999392 3.63181
182.59999999999391 3.63181
182.69999999999391 3.63181
182.7999999999939 3.63181
182.8999999999939 3.63181
182.99999999999389 3.63181
183.09999999999388 3.63181
183.19999999999388 3.63181
183.29999999999387 3.63181
183.39999999999387 3.90716
183.49999999999386 3.90716
183.59999999999386 3.90716
183.69999999999385 3.90716
183.79999999999384 3.90716
183.89999999999384 3.90716
183.99999999999383 4.1631
184.09999999999383 4.1631
184.19999999999382 4.1631
184.29999999999382 4.1631
184.39999999999381 4.1631
184.4999999999938 4.1631
184.5999999999938 4.4033
184.69999999999379 4.4033
184.79999999999379 4.63041
184.89999999999378 4.63041
184.99999999999378 4.63041
185.09999999999377 4.63041
185.19999999999376 4.63041
185.29999999999376 4.84637
185.39999999999375 4.84637
185.49999999999375 5.05271
185.59999999999374 5.05271
185.69999999999374 5.05271
185.79999999999373 5.05271
185.89999999999372 5.25062
185.99999999999372 5.44108
186.09999999999371 5.44108
186.19999999999371 5.44108
186.2999999999937 5.44108
186.3999999999937 5.44108
186.49999999999369 5.62486
186.59999999999368 5.62486
186.69999999999368 5.80265
186.79999999999367 5.80265
186.89999999999367 5.97498
186.99999999999366 5.97498
187.09999999999366 6.14235
187.19999999999365 6.14235
187.29999999999364 6.30515
187.39999999999364 6.30515
187.49999999999363 6.30515
187.59999999999363 6.30515
187.69999999999362 6.30515
187.79999999999362 6.46375
187.89999999999361 6.46375
187.99999999999361 6.61846
188.0999999999936 6.76955
188.19999999999359 6.76955
188.29999999999359 6.76955
188.39999999999358 6.91727
188.49999999999358 7.06184
188.59999999999357 7.06184
188.69999999999357 7.20344
188.79999999999356 7.20344
188.89999999999355 7.20344
188.99999999999355 7.34227
189.09999999999354 7.34227
189.19999999999354 7.47846
189.29999999999353 7.47846
189.39999999999353 7.61218
189.49999999999352 7.61218
189.59999999999351 7.74355
189.69999999999351 7.74355
189.7999999999935 7.87269
189.8999999999935 7.87269
189.99999999999349 7.99971
190.09999999999349 8.12472
190.19999999999348 8.12472
190.29999999999347 8.2478
190.39999999999347 8.2478
190.49999999999346 8.36904
190.59999999999346 8.48853
190.69999999999345 8.48853
190.79999999999345 8.48853
190.89999999999344 8.60634
190.99999999999343 8.72253
191.09999999999343 8.72253
191.19999999999342 8.83717
191.29999999999342 8.83717
191.39999999999341 8.95033
191.49999999999341 9.06206
191.5999999999934 9.06206
191.69999999999339 9.17241
191.79999999999339 9.17241
191.89999999999338 9.28143
191.99999999999338 9.38918
192.09999999999337 9.38918
192.19999999999337 9.49568
192.29999999999336 9.49568
192.39999999999336 9.60099
192.49999999999335 9.70515
192.59999999999334 9.70515
192.69999999999334 9.80819
192.79999999999333 9.80819
192.89999999999333 9.91014
192.99999999999332 10.011
193.09999999999332 10.011
193.19999999999331 10.1109
193.2999999999933 10.1109
193.3999999999933 10.2098
193.49999999999329 10.3078
193.59999999999329 10.3078
193.69999999999328 10.4048
193.79999999999328 10.4048
193.89999999999327 10.5009
193.99999999999326 10.5961
194.09999999999326 10.5961
194.19999999999325 10.6905
194.29999999999325 10.6905
194.39999999999324 10.7841
194.49999999999324 10.8768
194.59999999999323 10.8768
194.69999999999322 10.9687
194.79999999999322 10.9687
194.89999999999321 11.0599
194.99999999999321 11.1503
195.0999999999932 11.1503
195.1999999999932 11.24
195.29999999999319 11.24
195.39999999999318 11.329
195.49999999999318 11.4172
195.59999999999317 11.4172
195.69999999999317 11.5048
195.79999999999316 11.5048
195.89999999999316 11.5917
195.99999999999315 11.678
196.09999999999314 11.678
196.19999999999314 11.7636
196.29999999999313 11.7636
196.39999999999313 11.8486
196.49999999999312 11.933
196.59999999999312 11.933
196.69999999999311 12.0168
196.7999999999931 12.0168
196.8999999999931 12.1001
196.99999999999309 12.1827
197.09999999999309 12.1827
197.19999999999308 12.2648
197.29999999999308 12.2648
197.39999999999307 12.3463
197.49999999999307 12.4273
197.59999999999306 12.4273
197.69999999999305 12.5078
197.79999999999305 12.5078
197.89999999999304 12.5877
197.99999999999304 12.6672
198.09999999999303 12.6672
198.19999999999303 12.7461
198.29999999999302 12.7461
198.39999999999301 12.8246
198.49999999999301 12.9026
198.599999999993 12.9026
198.699999999993 12.9801
198.79999999999299 12.9801
198.89999999999299 13.0571
198.99999999999298 13.1337
199.09999999999297 13.1337
199.19999999999297 13.2098
199.29999999999296 13.2098
199.39999999999296 13.2855
199.49999999999295 13.3608
199.59999999999295 13.3608
199.69999999999294 13.4356
199.79999999999293 13.4356
199.89999999999293 13.5101
199.99999999999292 13.5841
