21.879633 44
21.913233 44
21.946833 44
21.98992 44
22.15632 44
22.182033 44
22.215633 44
22.249233 44
22.282833 44
22.32272 44
22.48912 44
22.518033 44
22.551633 44
22.585233 44
22.618833 44
22.65552 44
22.82192 44
22.854033 44
22.887633 44
22.921233 44
22.954833 44
23.055633 44
23.772533 44
23.806133 44
23.839733 44
24.277111 44
24.310711 44
25.005142 44
39.200231 44
39.233831 44
39.528737 44
39.629537 44
39.663137 44
39.696737 44
39.706593 44
39.730337 44
39.999137 44
40.032737 44
40.066337 44
40.167137 44
40.258247 44
42.552044 44
42.585644 44
42.619244 44
42.787244 44
43.718818 44
43.752418 44
43.786018 44
43.819618 44
44.928418 44
44.962018 44
44.995618 44
45.029218 44
51.067062 44
51.134262 44
51.335862 44
51.403062 44
51.436662 44
51.470262 44
51.482409 44
51.648809 44
51.907062 44
51.940662 44
51.949609 44
51.974262 44
52.007862 44
52.330506 44
52.364106 44
52.599306 44
52.632906 44
52.901706 44
52.935306 44
52.968906 44
53.002506 44
53.951808 44
53.985408 44
54.019008 44
54.052608 44
54.092009 44
54.266351 44
54.299951 44
54.333551 44
54.367151 44
54.602351 44
54.770351 44
57.381724 44
57.482524 44
57.516124 44
57.549724 44
57.583324 44
67.472058 44
67.482158 44
67.505658 44
67.539258 44
67.682158 44
67.715438 44
67.774458 44
67.808058 44
67.841658 44
67.875258 44
68.050158 44
68.653358 44
68.987758 44
76.302217 44
76.335817 44
76.369417 44
76.403017 44
76.503817 44
76.537417 44
76.571017 44
76.604617 44
76.847038 44
77.181438 44
89.139522 44
89.141721 44
89.39052 44
89.42412 44
89.45772 44
89.49132 44
90.886256 44
90.919856 44
97.703036 44
97.881282 44
97.914562 44
98.316482 44
101.648588 44
114.068678 44
114.078639 44
114.213039 44
114.313839 44
114.347439 44
114.381039 44
114.414639 44
119.49093 44
119.59173 44
119.62533 44
119.65893 44
119.69253 44
122.147926 44
122.248726 44
122.282326 44
122.315926 44
122.349526 44
122.483926 44
122.982175 44
123.015775 44
123.049375 44
123.544285 44
123.577885 44
123.611485 44
123.645085 44
123.813085 44
123.846685 44
123.880285 44
123.913885 44
124.149085 44
124.317085 44
124.350685 44
124.384285 44
124.417885 44
124.485085 44
124.518685 44
124.552285 44
124.585885 44
124.619485 44
124.753885 44
125.022685 44
125.089885 44
125.123485 44
125.157085 44
125.190685 44
125.425885 44
125.459485 44
125.493085 44
125.512198 44
125.526685 44
125.694685 44
125.712198 44
125.728285 44
125.745478 44
125.761885 44
125.795485 44
126.097885 44
126.131485 44
126.165085 44
126.198685 44
138.567924 44
138.601524 44
138.803124 44
138.836724 44
138.870324 44
138.903924 44
139.004724 44
139.038324 44
139.071924 44
139.105524 44
139.250118 44
139.307124 44
139.340724 44
139.374324 44
139.407924 44
139.416518 44
139.683718 44
139.844724 44
139.878324 44
139.911924 44
139.945524 44
140.018118 44
155.548349 44
155.581949 44
155.615549 44
155.821309 44
155.850749 44
155.884349 44
157.416484 44
157.450084 44
157.483684 44
158.475371 44
166.171792 44
166.205392 44
166.238992 44
166.451389 44
166.474192 44
166.507792 44
166.541392 44
166.920189 44
166.944592 44
166.978192 44
167.153789 44
167.168646 44
167.202246 44
167.235846 44
167.269446 44
167.336646 44
167.672646 44
168.008646 44
168.042246 44
168.075846 44
168.109446 44
168.176646 44
169.670148 44
170.052723 44
176.849445 44
178.593173 44
178.626773 44
178.660373 44
178.693973 44
178.794773 44
178.828373 44
178.861973 44
178.895573 44
178.929173 44
179.231573 44
179.265173 44
179.330405 44
180.011996 44
