0 49
1.05536 49
1.08864 49
2.30272 49
2.336 49
2.46912 49
2.5024 49
3.55008 49
3.58336 49
3.71648 49
3.74976 49
3.88288 49
3.91616 49
4.04928 49
4.08256 49
4.79744 49
4.83072 49
4.96384 49
4.99712 49
5.13024 49
5.29664 49
5.46304 49
5.62944 49
5.79584 49
5.96224 49
6.12864 49
6.29504 49
6.46144 49
6.62784 49
6.79424 49
6.96064 49
7.12704 49
7.29344 49
7.45984 49
7.62624 49
7.79264 49
7.95904 49
8.12544 49
8.29184 49
8.45824 49
8.62464 49
8.79104 49
8.95744 49
9.12384 49
9.29024 49
9.45664 49
9.62304 49
9.78944 49
9.95584 49
10.12224 49
10.28864 49
10.45504 49
10.62144 49
10.78784 49
10.95424 49
11.12064 49
11.28704 49
11.45344 49
11.61984 49
11.78624 49
11.95264 49
12.11904 49
12.28544 49
12.45184 49
12.61824 49
12.78464 49
12.95104 49
13.11744 49
13.28384 49
13.45024 49
13.61664 49
13.78304 49
13.94944 49
14.11584 49
14.28224 49
14.44864 49
14.61504 49
14.78144 49
14.94784 49
15.11424 49
15.28064 49
15.44704 49
15.61344 49
15.77984 49
15.94624 49
16.11264 49
16.27904 49
16.44544 49
16.61184 49
16.77824 49
16.94464 49
17.11104 49
17.27744 49
17.44384 49
17.61024 49
17.77664 49
17.94304 49
18.10944 49
18.27584 49
18.44224 49
18.60864 49
18.77504 49
18.94144 49
19.10784 49
19.27424 49
19.44064 49
19.60704 49
19.77344 49
19.93984 49
20.10624 49
20.27264 49
20.43904 49
20.60544 49
20.77184 49
20.93824 49
21.10464 49
21.27104 49
21.43744 49
21.60384 49
21.77024 49
21.93664 49
22.10304 49
22.26944 49
22.43584 49
22.60224 49
22.76864 49
23.00224 49
23.33664 49
23.67104 49
24.00544 49
25.74784 49
27.55904 49
28.8064 49
28.83968 49
30.02904 49
30.06232 49
30.0956 49
30.22016 49
31.2764 49
31.7756 49
31.80888 49
31.84216 49
32.52376 49
33.248193 49
33.448193 49
33.481473 49
34.252993 49
34.520193 49
34.695553 49
34.861953 49
35.700353 49
35.733633 49
35.866753 49
36.100353 49
36.434753 49
36.947713 49
37.114113 49
37.147393 49
37.280513 49
37.547713 49
38.016513 49
38.586113 49
38.886913 49
39.086913 49
39.120193 49
39.286913 49
39.453313 49
39.653313 49
40.290113 49
40.758913 49
41.126913 49
41.326913 49
41.526913 49
41.560193 49
41.861313 49
42.397313 49
42.563713 49
42.730113 49
44.869313 49
44.902593 49
44.935873 49
44.969153 49
46.749313 49
46.915713 49
47.082113 49
47.115393 49
47.248513 49
48.120513 49
48.387713 49
48.554113 49
48.720513 49
48.886913 49
48.920193 49
49.396063 49
49.635073 49
49.801473 49
49.967873 49
50.167873 49
50.367873 49
50.401153 49
50.661129 49
51.062729 49
51.262729 49
51.429129 49
51.595529 49
51.896329 49
52.096329 49
52.531529 49
52.564809 49
53.067529 49
53.401929 49
54.038729 49
54.541129 49
54.707529 49
56.717129 49
56.750409 49
58.429129 49
58.462409 49
59.617129 49
60.173129 49
60.206409 49
60.373129 49
60.864489 49
61.422158 49
61.455438 49
61.622158 49
61.922958 49
62.858958 49
63.092558 49
63.460558 49
64.106318 49
64.139598 49
64.507918 49
65.043918 49
65.546318 49
65.712718 49
66.114318 49
66.147598 49
66.347918 49
66.793678 49
66.960078 49
67.428878 49
67.628878 49
67.662158 49
67.996878 49
68.600078 49
68.934478 49
71.544478 49
72.791838 49
72.825118 49
74.039198 49
74.072478 49
74.205598 49
75.286558 49
75.452958 49
75.619358 49
75.652638 49
76.793758 49
77.128158 49
77.462558 49
77.662558 49
77.695838 49
79.105758 49
79.272158 49
79.438558 49
81.080158 49
81.113438 49
82.388958 49
82.588958 49
82.622238 49
83.636318 49
83.836318 49
84.002718 49
84.035998 49
84.896207 49
85.264207 49
85.598607 49
85.798607 49
85.831887 49
86.368207 49
86.534607 49
86.845967 49
87.045967 49
87.212367 49
87.815567 49
87.848847 49
88.082767 49
88.249167 49
88.415567 49
88.581967 49
89.086242 49
89.286242 49
89.319522 49
89.687842 49
89.921442 49
90.188642 49
90.523042 49
91.227042 49
91.427042 49
91.627042 49
93.132642 49
93.465442 49
93.498722 49
93.532002 49
94.774242 49
95.175842 49
95.342242 49
95.508642 49
96.021602 49
96.054882 49
96.423202 49
96.724002 49
97.024802 49
97.628002 49
97.828002 49
97.861282 49
98.263202 49
98.429602 49
98.764002 49
99.535202 49
100.306402 49
100.573602 49
100.941602 49
102.684002 49
102.717282 49
104.228002 49
104.261282 49
104.428002 49
105.174002 49
105.871202 49
105.904482 49
106.037602 49
106.204002 49
106.672802 49
107.343202 49
108.178402 49
108.546402 49
108.746402 49
108.779682 49
109.433996 49
109.969996 49
110.270796 49
110.437196 49
110.838796 49
110.872076 49
111.217356 49
111.518156 49
111.684556 49
112.111718 49
112.311718 49
112.344998 49
112.814118 49
113.282918 49
113.482918 49
113.649318 49
113.815718 49
113.982118 49
114.015398 49
114.148518 49
114.751718 49
115.119718 49
115.454118 49
115.788518 49
116.122918 49
116.423718 49
116.690918 49
116.857318 49
118.060518 49
118.830118 49
118.863398 49
118.896678 49
119.433318 49
120.338918 49
120.538918 49
120.738918 49
120.772198 49
121.442918 49
122.079718 49
122.414118 49
122.580518 49
122.746918 49
123.383718 49
123.416998 49
124.087718 49
124.422118 49
124.689318 49
124.956518 49
125.458918 49
125.658918 49
125.692198 49
126.228518 49
126.562918 49
126.830118 49
127.231718 49
128.070118 49
128.236518 49
128.402918 49
130.345318 49
130.378598 49
131.592678 49
131.625958 49
131.759078 49
133.067878 49
133.101158 49
133.267878 49
133.568678 49
134.675878 49
134.875878 49
135.109478 49
135.142758 49
135.275878 49
135.923238 49
136.123238 49
136.356838 49
136.523238 49
136.556518 49
136.689638 49
137.192038 49
137.560038 49
137.793638 49
137.960038 49
138.126438 49
138.159718 49
138.292838 49
138.728038 49
139.196838 49
139.363238 49
139.630438 49
139.964838 49
140.164838 49
140.465638 49
140.498918 49
141.001638 49
141.873638 49
142.174438 49
142.374438 49
143.947238 49
143.980518 49
145.194598 49
145.227878 49
146.441958 49
146.475238 49
147.427238 49
147.689318 49
147.722598 49
147.855718 49
148.674598 49
149.008998 49
149.509798 49
150.348198 49
150.514598 49
151.016998 49
151.050278 49
151.608921 49
151.909721 49
152.479321 49
152.679321 49
153.114521 49
153.147801 49
153.516121 49
153.816921 49
154.184921 49
154.519321 49
154.685721 49
154.719001 49
154.919321 49
155.085721 49
155.432281 49
155.768029 49
156.102429 49
156.302429 49
156.335709 49
156.670429 49
157.004829 49
157.540829 49
157.942429 49
158.176029 49
158.376029 49
159.747229 49
160.516829 49
160.550109 49
160.994589 49
161.027869 49
161.764189 49
161.930589 49
162.241949 49
162.441949 49
162.475229 49
163.246749 49
163.413149 49
163.881949 49
164.149149 49
164.315549 49
164.348829 49
164.683549 49
164.849949 49
165.129309 49
165.396509 49
165.562909 49
165.729309 49
166.063709 49
166.096989 49
166.398109 49
166.866909 49
167.100509 49
167.266909 49
167.601309 49
168.103709 49
168.303709 49
168.336989 49
169.142109 49
169.610909 49
170.113309 49
172.054109 49
172.087389 49
173.317997 49
173.351277 49
174.565357 49
174.598637 49
174.631917 49
174.731757 49
175.812717 49
175.979117 49
176.145517 49
176.178797 49
176.311917 49
177.069125 49
177.403525 49
177.737925 49
177.937925 49
177.971205 49
178.238725 49
178.875525 49
179.277125 49
179.577925 49
179.744325 49
179.944325 49
180.379525 49
180.412805 49
180.881925 49
181.384325 49
181.718725 49
182.086725 49
182.752325 49
183.334085 49
183.367365 49
183.999685 49
184.032965 49
184.581445 49
184.747845 49
185.247045 49
185.413445 49
185.446725 49
185.828805 49
185.995205 49
186.494405 49
186.660805 49
186.827205 49
187.076165 49
187.109445 49
187.242565 49
187.741765 49
187.908165 49
188.074565 49
188.323525 49
188.489925 49
188.523205 49
188.656325 49
188.989125 49
189.155525 49
189.321925 49
189.570885 49
189.737285 49
189.903685 49
190.070085 49
190.103365 49
190.236485 49
190.402885 49
190.569285 49
190.818245 49
190.984645 49
191.151045 49
191.317445 49
191.483845 49
191.517125 49
191.650245 49
191.816645 49
191.983045 49
192.149445 49
192.315845 49
192.482245 49
192.648645 49
192.815045 49
192.981445 49
193.014725 49
193.147845 49
193.314245 49
193.480645 49
193.647045 49
193.813445 49
193.979845 49
194.146245 49
194.312645 49
194.479045 49
194.645445 49
194.811845 49
194.978245 49
195.144645 49
195.311045 49
195.477445 49
195.643845 49
195.810245 49
195.976645 49
196.143045 49
196.309445 49
196.475845 49
196.642245 49
196.808645 49
196.975045 49
197.141445 49
197.307845 49
197.474245 49
197.640645 49
197.807045 49
197.973445 49
198.139845 49
198.306245 49
198.472645 49
198.639045 49
198.805445 49
198.971845 49
199.138245 49
199.304645 49
199.471045 49
199.637445 49
199.803845 49
199.970245 49
